#
# A fatal error has been detected by the Java Runtime Environment:
#
#  SIGSEGV (0xb) at pc=0x00007f5457361852, pid=5061, tid=140000311342848
#
# JRE version: 7.0-b147
# Java VM: Java HotSpot(TM) 64-Bit Server VM (21.0-b17 mixed mode linux-amd64 compressed oops)
# Problematic frame:
# J  org.apache.lucene.analysis.PorterStemFilter.next(Lorg/apache/lucene/analysis/Token;)Lorg/apache/lucene/analysis/Token;
#
# Failed to write core dump. Core dumps have been disabled. To enable core dumping, try "ulimit -c unlimited" before starting Java again
#
# If you would like to submit a bug report, please visit:
#   http://bugreport.sun.com/bugreport/crash.jsp
#

---------------  T H R E A D  ---------------

Current thread (0x0000000001ca4800):  JavaThread "main" [_thread_in_Java, id=5062, stack(0x00007f545cc37000,0x00007f545cd38000)]

siginfo:si_signo=SIGSEGV: si_errno=0, si_code=1 (SEGV_MAPERR), si_addr=0x00000002fb0020b6

Registers:
RAX=0x00000000ebec0308, RBX=0x00000000fffffffd, RCX=0x000000000000006d, RDX=0x0000000000000002
RSP=0x00007f545cd35a70, RBP=0x0000000000000002, RSI=0x0000000000000063, RDI=0x00000000ffffffff
R8 =0x0000000000000000, R9 =0x000000000000006d, R10=0x00000000fb0020a8, R11=0x0000000000000032
R12=0x0000000000000000, R13=0x0000000000000000, R14=0x000000000000006f, R15=0x0000000001ca4800
RIP=0x00007f5457361852, EFLAGS=0x0000000000010286, CSGSFS=0x0000000000000033, ERR=0x0000000000000004
  TRAPNO=0x000000000000000e

Top of Stack: (sp=0x00007f545cd35a70)
0x00007f545cd35a70:   00000000fb002080 00000000fb002068
0x00007f545cd35a80:   fffffffffafd0308 000004d300000006
0x00007f545cd35a90:   00000000fafd1960 fafd05e8fafd0308
0x00007f545cd35aa0:   00000000fafd0308 00000000fafd1960
0x00007f545cd35ab0:   00000000fb002080 00000000faff9948
0x00007f545cd35ac0:   00007f545cd35b38 00007f54571de114
0x00007f545cd35ad0:   00007f545cd35b38 00007f54571de173
0x00007f545cd35ae0:   00007f54571de173 00000000fafd1960
0x00007f545cd35af0:   00000000fb002068 00007f545cd35af8
0x00007f545cd35b00:   00000000ebe55d31 00007f545cd35b90
0x00007f545cd35b10:   00000000ebe5ac68 00000000ebebe770
0x00007f545cd35b20:   00000000ebe55ed8 00007f545cd35ae8
0x00007f545cd35b30:   00007f545cd35b78 00007f545cd35bd8
0x00007f545cd35b40:   00007f54571ddf98 0000000000000000
0x00007f545cd35b50:   0000000000000000 00000000fafc4d28
0x00007f545cd35b60:   00000000fafd1960 0000000000000000
0x00007f545cd35b70:   00000000fb002068 0000000000002710
0x00007f545cd35b80:   00000000fcfe9ae8 00000000fafc9b88
0x00007f545cd35b90:   00000000fafd18d8 00007f545cd35b98
0x00007f545cd35ba0:   00000000ebe55952 00007f545cd35c48
0x00007f545cd35bb0:   00000000ebe5ac68 0000000000000000
0x00007f545cd35bc0:   00000000ebe55b18 00007f545cd35b78
0x00007f545cd35bd0:   00007f545cd35c40 00007f545cd35c90
0x00007f545cd35be0:   00007f54571ddf98 0000000000000000
0x00007f545cd35bf0:   0000000000000000 0000000000000000
0x00007f545cd35c00:   0000000000000000 0000000000000000
0x00007f545cd35c10:   0000000000000000 00000000fafc9b88
0x00007f545cd35c20:   0000000000000007 00000000fafd2418
0x00007f545cd35c30:   0000000000000008 0000000000002710
0x00007f545cd35c40:   00000000fcfe9ae8 00000000fafd18d8
0x00007f545cd35c50:   00007f545cd35c50 00000000ebe46538
0x00007f545cd35c60:   00007f545cd35cb8 00000000ebe50aa0 

Instructions: (pc=0x00007f5457361852)
0x00007f5457361832:   fb 48 63 ef 41 0f b7 4c 6a 10 44 8b ef 41 83 c5
0x00007f5457361842:   fe 43 0f b7 74 6a 10 8b d7 83 c7 fd 89 7c 24 14
0x00007f5457361852:   41 0f b7 7c 7a 10 83 c2 fc 89 54 24 10 41 0f b7
0x00007f5457361862:   44 52 10 48 ba 60 e1 1b fd 00 00 00 00 41 83 f9 

Register to memory mapping:

RAX=0x00000000ebec0308 is an oop
{method data} 
 - klass: {other class}
RBX=0x00000000fffffffd is an unallocated location in the heap
RCX=0x000000000000006d is an unknown value
RDX=0x0000000000000002 is an unknown value
RSP=0x00007f545cd35a70 is pointing into the stack for thread: 0x0000000001ca4800
RBP=0x0000000000000002 is an unknown value
RSI=0x0000000000000063 is an unknown value
RDI=0x00000000ffffffff is an unallocated location in the heap
R8 =0x0000000000000000 is an unknown value
R9 =0x000000000000006d is an unknown value
R10=0x00000000fb0020a8 is an oop
[C 
 - klass: {type array char}
 - length: 50
R11=0x0000000000000032 is an unknown value
R12=0x0000000000000000 is an unknown value
R13=0x0000000000000000 is an unknown value
R14=0x000000000000006f is an unknown value
R15=0x0000000001ca4800 is a thread


Stack: [0x00007f545cc37000,0x00007f545cd38000],  sp=0x00007f545cd35a70,  free space=1018k
Native frames: (J=compiled Java code, j=interpreted, Vv=VM code, C=native code)
J  org.apache.lucene.analysis.PorterStemFilter.next(Lorg/apache/lucene/analysis/Token;)Lorg/apache/lucene/analysis/Token;


---------------  P R O C E S S  ---------------

Java Threads: ( => current thread )
  0x00007f5448261000 JavaThread "pool-1-thread-1" [_thread_blocked, id=5079, stack(0x00007f5454ff5000,0x00007f54550f6000)]
  0x0000000001f83800 JavaThread "FinalizableReferenceQueue" daemon [_thread_blocked, id=5075, stack(0x00007f54550f6000,0x00007f54551f7000)]
  0x00007f5450052800 JavaThread "Service Thread" daemon [_thread_blocked, id=5073, stack(0x00007f5455cd3000,0x00007f5455dd4000)]
  0x00007f5450050000 JavaThread "C2 CompilerThread1" daemon [_thread_in_native, id=5072, stack(0x00007f5455dd4000,0x00007f5455ed5000)]
  0x00007f545004d000 JavaThread "C2 CompilerThread0" daemon [_thread_in_vm, id=5071, stack(0x00007f5455ed5000,0x00007f5455fd6000)]
  0x00007f545004b000 JavaThread "Signal Dispatcher" daemon [_thread_blocked, id=5070, stack(0x00007f5455fd6000,0x00007f54560d7000)]
  0x00007f5450001000 JavaThread "Finalizer" daemon [_thread_blocked, id=5069, stack(0x00007f545624c000,0x00007f545634d000)]
  0x0000000001d30000 JavaThread "Reference Handler" daemon [_thread_blocked, id=5068, stack(0x00007f545634d000,0x00007f545644e000)]
=>0x0000000001ca4800 JavaThread "main" [_thread_in_Java, id=5062, stack(0x00007f545cc37000,0x00007f545cd38000)]

Other Threads:
  0x0000000001d28800 VMThread [stack: 0x00007f545644e000,0x00007f545654f000] [id=5067]
  0x00007f545005d800 WatcherThread [stack: 0x00007f5455bd2000,0x00007f5455cd3000] [id=5074]

VM state:not at safepoint (normal execution)

VM Mutex/Monitor currently owned by a thread: None

Heap
 PSYoungGen      total 36032K, used 10951K [0x00000000faab0000, 0x00000000fd2e0000, 0x0000000100000000)
  eden space 30912K, 18% used [0x00000000faab0000,0x00000000fb067950,0x00000000fc8e0000)
  from space 5120K, 99% used [0x00000000fcde0000,0x00000000fd2da440,0x00000000fd2e0000)
  to   space 5120K, 0% used [0x00000000fc8e0000,0x00000000fc8e0000,0x00000000fcde0000)
 PSOldGen        total 82368K, used 680K [0x00000000f0000000, 0x00000000f5070000, 0x00000000faab0000)
  object space 82368K, 0% used [0x00000000f0000000,0x00000000f00aa100,0x00000000f5070000)
 PSPermGen       total 21248K, used 17184K [0x00000000eae00000, 0x00000000ec2c0000, 0x00000000f0000000)
  object space 21248K, 80% used [0x00000000eae00000,0x00000000ebec8078,0x00000000ec2c0000)

Code Cache  [0x00007f54571d8000, 0x00007f5457448000, 0x00007f545a1d8000)
 total_blobs=723 nmethods=368 adapters=307 free_code_cache=47619Kb largest_free_block=48705216

Dynamic libraries:
00400000-00401000 r-xp 00000000 09:01 1310905                            /usr/lib/java_sdk/bin/java
00600000-00601000 rw-p 00000000 09:01 1310905                            /usr/lib/java_sdk/bin/java
01c9a000-02d81000 rw-p 00000000 00:00 0                                  [heap]
eae00000-ec2c0000 rw-p 00000000 00:00 0 
ec2c0000-f0000000 rw-p 00000000 00:00 0 
f0000000-f5070000 rw-p 00000000 00:00 0 
f5070000-faab0000 rw-p 00000000 00:00 0 
faab0000-fd2e0000 rw-p 00000000 00:00 0 
fd2e0000-ff110000 ---p 00000000 00:00 0 
ff110000-100000000 rw-p 00000000 00:00 0 
7f5448000000-7f5448403000 rw-p 00000000 00:00 0 
7f5448403000-7f544c000000 ---p 00000000 00:00 0 
7f5450000000-7f5451622000 rw-p 00000000 00:00 0 
7f5451622000-7f5454000000 ---p 00000000 00:00 0 
7f5454fec000-7f5454ff5000 r--s 00254000 09:01 1313053                    /usr/lib/java_sdk/jre/lib/resources.jar
7f5454ff5000-7f5454ff8000 ---p 00000000 00:00 0 
7f5454ff8000-7f54550f6000 rw-p 00000000 00:00 0 
7f54550f6000-7f54550f9000 ---p 00000000 00:00 0 
7f54550f9000-7f54551f7000 rw-p 00000000 00:00 0 
7f54551f7000-7f54551fb000 r--s 00010000 09:01 396808                     /dados/dspace/lib/xmlParserAPIs-2.0.2.jar
7f54551fb000-7f5455203000 r--s 00028000 09:01 396807                     /dados/dspace/lib/xml-apis-1.3.02.jar
7f5455203000-7f545521a000 r--s 00112000 09:01 396806                     /dados/dspace/lib/xercesImpl-2.8.1.jar
7f545521a000-7f5455238000 r--s 0027d000 09:01 396805                     /dados/dspace/lib/xalan-2.7.0.jar
7f5455238000-7f545523f000 r--s 00079000 09:01 396804                     /dados/dspace/lib/wstx-asl-3.2.7.jar
7f545523f000-7f5455246000 r--s 0007a000 09:01 396803                     /dados/dspace/lib/utils-1.07.00.jar
7f5455246000-7f5455249000 r--s 00036000 09:01 396802                     /dados/dspace/lib/tm-extractors-0.4.jar
7f5455249000-7f545524c000 r--s 00019000 09:01 396801                     /dados/dspace/lib/stax-utils-20040917.jar
7f545524c000-7f545524e000 r--s 00005000 09:01 396800                     /dados/dspace/lib/stax-api-1.0.1.jar
7f545524e000-7f545525e000 r-xp 00000000 09:01 1312403                    /usr/lib/java_sdk/jre/lib/amd64/libnio.so
7f545525e000-7f545545e000 ---p 00010000 09:01 1312403                    /usr/lib/java_sdk/jre/lib/amd64/libnio.so
7f545545e000-7f545545f000 rw-p 00010000 09:01 1312403                    /usr/lib/java_sdk/jre/lib/amd64/libnio.so
7f545545f000-7f5455474000 r-xp 00000000 09:01 1312388                    /usr/lib/java_sdk/jre/lib/amd64/libnet.so
7f5455474000-7f5455674000 ---p 00015000 09:01 1312388                    /usr/lib/java_sdk/jre/lib/amd64/libnet.so
7f5455674000-7f5455675000 rw-p 00015000 09:01 1312388                    /usr/lib/java_sdk/jre/lib/amd64/libnet.so
7f5455675000-7f545567d000 r-xp 00000000 09:01 1312412                    /usr/lib/java_sdk/jre/lib/amd64/libmanagement.so
7f545567d000-7f545587c000 ---p 00008000 09:01 1312412                    /usr/lib/java_sdk/jre/lib/amd64/libmanagement.so
7f545587c000-7f545587d000 rw-p 00007000 09:01 1312412                    /usr/lib/java_sdk/jre/lib/amd64/libmanagement.so
7f545587d000-7f545587f000 r-xp 00000000 09:01 917545                     /usr/lib/gconv/ISO8859-1.so
7f545587f000-7f5455a7e000 ---p 00002000 09:01 917545                     /usr/lib/gconv/ISO8859-1.so
7f5455a7e000-7f5455a7f000 r--p 00001000 09:01 917545                     /usr/lib/gconv/ISO8859-1.so
7f5455a7f000-7f5455a80000 rw-p 00002000 09:01 917545                     /usr/lib/gconv/ISO8859-1.so
7f5455a80000-7f5455a87000 r--s 00000000 09:01 918774                     /usr/lib/gconv/gconv-modules.cache
7f5455a87000-7f5455a9c000 r--p 00000000 09:01 923885                     /usr/share/locale/pt_BR/LC_MESSAGES/libc.mo
7f5455a9c000-7f5455a9e000 r--s 00001000 09:01 396790                     /dados/dspace/lib/slf4j-jdk14-1.5.6.jar
7f5455a9e000-7f5455aa0000 r--s 00004000 09:01 396789                     /dados/dspace/lib/slf4j-api-1.5.6.jar
7f5455aa0000-7f5455aa3000 r--s 00011000 09:01 396788                     /dados/dspace/lib/servlet-api-2.3.jar
7f5455aa3000-7f5455aa7000 r--s 00032000 09:01 396787                     /dados/dspace/lib/rome-1.0.jar
7f5455aa7000-7f5455aaf000 r--s 0005e000 09:01 396786                     /dados/dspace/lib/reflectutils-0.9.10.jar
7f5455aaf000-7f5455ab4000 r--s 0005e000 09:01 396785                     /dados/dspace/lib/postgresql-8.1-408.jdbc3.jar
7f5455ab4000-7f5455ac0000 r--s 000b8000 09:01 396784                     /dados/dspace/lib/poi-2.5.1-final-20040804.jar
7f5455ac0000-7f5455ace000 r--s 0031d000 09:01 396783                     /dados/dspace/lib/pdfbox-0.7.3.jar
7f5455ace000-7f5455ad0000 r--s 0000e000 09:01 396782                     /dados/dspace/lib/oro-2.0.8.jar
7f5455ad0000-7f5455ad1000 r--s 00003000 09:01 396781                     /dados/dspace/lib/oclc-harvester2-0.1.12.jar
7f5455ad1000-7f5455ad8000 r--s 00037000 09:01 396780                     /dados/dspace/lib/modules-0.3.2.jar
7f5455ad8000-7f5455ada000 r--s 0001d000 09:01 396779                     /dados/dspace/lib/mets-1.5.2.jar
7f5455ada000-7f5455ae0000 r--s 00059000 09:01 396778                     /dados/dspace/lib/mail-1.4.jar
7f5455ae0000-7f5455ae1000 r--s 00004000 09:01 396777                     /dados/dspace/lib/lucene-spellchecker-2.9.1.jar
7f5455ae1000-7f5455ae3000 r--s 0001b000 09:01 396776                     /dados/dspace/lib/lucene-snowball-2.9.1.jar
7f5455ae3000-7f5455ae4000 r--s 00008000 09:01 396775                     /dados/dspace/lib/lucene-queries-2.9.1.jar
7f5455ae4000-7f5455ae6000 r--s 0000d000 09:01 396774                     /dados/dspace/lib/lucene-misc-2.9.1.jar
7f5455ae6000-7f5455ae8000 r--s 0000c000 09:01 396773                     /dados/dspace/lib/lucene-memory-2.9.1.jar
7f5455ae8000-7f5455aea000 r--s 0000a000 09:01 396772                     /dados/dspace/lib/lucene-highlighter-2.9.1.jar
7f5455aea000-7f5455af6000 r--s 00097000 09:01 396771                     /dados/dspace/lib/lucene-core-2.3.0.jar
7f5455af6000-7f5455af8000 r--s 00012000 09:01 396770                     /dados/dspace/lib/lucene-analyzers-2.3.0.jar
7f5455af8000-7f5455aff000 r--s 00053000 09:01 396769                     /dados/dspace/lib/log4j-1.2.14.jar
7f5455aff000-7f5455b01000 r--s 00001000 09:01 396768                     /dados/dspace/lib/jsr107cache-1.0.jar
7f5455b01000-7f5455b03000 r--s 00009000 09:01 396767                     /dados/dspace/lib/jempbox-0.2.0.jar
7f5455b03000-7f5455b06000 r--s 00023000 09:01 396766                     /dados/dspace/lib/jdom-1.0.jar
7f5455b06000-7f5455b0c000 r--s 00032000 09:01 396765                     /dados/dspace/lib/jaxen-1.1.jar
7f5455b0c000-7f5455b0f000 r--s 0004d000 09:01 396764                     /dados/dspace/lib/jargon-1.4.25.jar
7f5455b0f000-7f5455b28000 r--s 002fd000 09:01 396763                     /dados/dspace/lib/icu4j-3.4.4.jar
7f5455b28000-7f5455b32000 r--s 000cf000 09:01 396762                     /dados/dspace/lib/handle-6.2.jar
7f5455b32000-7f5455b34000 r--s 00006000 09:01 396761                     /dados/dspace/lib/geronimo-stax-api_1.0_spec-1.0.1.jar
7f5455b34000-7f5455b36000 r--s 0000e000 09:01 396760                     /dados/dspace/lib/fontbox-0.1.0.jar
7f5455b36000-7f5455b3b000 r--s 0003c000 09:01 396759                     /dados/dspace/lib/ehcache-1.5.0.jar
7f5455b3b000-7f5455b3d000 r--s 00013000 09:01 396758                     /dados/dspace/lib/dspace-stats-1.6.2.jar
7f5455b3d000-7f5455b41000 r--s 0001d000 09:01 396757                     /dados/dspace/lib/dspace-solr-solrj-1.4.0.1-20100225.132255-3.jar
7f5455b41000-7f5455b44000 r--s 00017000 09:01 396756                     /dados/dspace/lib/dspace-solr-common-1.4.0.1-20100225.132255-4.jar
7f5455b44000-7f5455b45000 r--s 00003000 09:01 396755                     /dados/dspace/lib/dspace-services-utils-2.0.1.jar
7f5455b45000-7f5455b47000 r--s 00016000 09:01 396754                     /dados/dspace/lib/dspace-services-impl-2.0.1.jar
7f5455b47000-7f5455b4a000 r--s 00009000 09:01 396753                     /dados/dspace/lib/dspace-services-api-2.0.1.jar
7f5455b4a000-7f5455b4c000 r--s 00022000 09:01 396752                     /dados/dspace/lib/dspace-geoip-1.2.3.jar
7f5455b4c000-7f5455b4e000 r--s 0009c000 09:01 396751                     /dados/dspace/lib/dspace-api-lang-1.6.2.0.jar
7f5455b4e000-7f5455b58000 r--s 000e0000 09:01 396750                     /dados/dspace/lib/dspace-api-1.6.2.jar
7f5455b58000-7f5455b5d000 r--s 00048000 09:01 396749                     /dados/dspace/lib/dom4j-1.6.1.jar
7f5455b5d000-7f5455b61000 r--s 0003e000 09:01 396748                     /dados/dspace/lib/dnsjava-2.0.6.jar
7f5455b61000-7f5455b63000 r--s 00005000 09:01 396747                     /dados/dspace/lib/discovery-solr-provider-0.9.2-SNAPSHOT.jar
7f5455b63000-7f5455b66000 r--s 00013000 09:01 396746                     /dados/dspace/lib/commons-pool-1.4.jar
7f5455b66000-7f5455b67000 r--s 00005000 09:01 396745                     /dados/dspace/lib/commons-logging-1.0.jar
7f5455b67000-7f5455b6b000 r--s 00038000 09:01 396744                     /dados/dspace/lib/commons-lang-2.2.jar
7f5455b6b000-7f5455b6e000 r--s 00018000 09:01 396743                     /dados/dspace/lib/commons-io-1.4.jar
7f5455b6e000-7f5455b71000 r--s 00013000 09:01 396742                     /dados/dspace/lib/commons-io-1.3.2.jar
7f5455b71000-7f5455b77000 r--s 00045000 09:01 396741                     /dados/dspace/lib/commons-httpclient-3.1.jar
7f5455b77000-7f5455b7a000 r--s 0000c000 09:01 396740                     /dados/dspace/lib/commons-fileupload-1.2.1.jar
7f5455b7a000-7f5455b7c000 r--s 0001c000 09:01 396739                     /dados/dspace/lib/commons-dbcp-1.2.2.jar
7f5455b7c000-7f5455b89000 r--s 0007f000 09:01 396738                     /dados/dspace/lib/commons-collections-3.2.jar
7f5455b89000-7f5455b8b000 r--s 0000a000 09:01 396737                     /dados/dspace/lib/commons-codec-1.3.jar
7f5455b8b000-7f5455b8d000 r--s 00006000 09:01 396736                     /dados/dspace/lib/commons-cli-1.0.jar
7f5455b8d000-7f5455bac000 r--s 00138000 09:01 396735                     /dados/dspace/lib/bcprov-jdk14-136.jar
7f5455bac000-7f5455bb1000 r--s 0002a000 09:01 396734                     /dados/dspace/lib/bcmail-jdk14-136.jar
7f5455bb1000-7f5455bb9000 r--s 00049000 09:01 396733                     /dados/dspace/lib/backport-util-concurrent-3.1.jar
7f5455bb9000-7f5455bbb000 r--s 00000000 09:01 396732                     /dados/dspace/lib/aopalliance-1.0.jar
7f5455bbb000-7f5455bbc000 r--s 00002000 09:01 396731                     /dados/dspace/lib/ant-launcher-1.7.1.jar
7f5455bbc000-7f5455bd0000 r--s 0012f000 09:01 396730                     /dados/dspace/lib/ant-1.7.1.jar
7f5455bd0000-7f5455bd2000 r--s 0000e000 09:01 396729                     /dados/dspace/lib/activation-1.1.jar
7f5455bd2000-7f5455bd3000 ---p 00000000 00:00 0 
7f5455bd3000-7f5455cd3000 rw-p 00000000 00:00 0 
7f5455cd3000-7f5455cd6000 ---p 00000000 00:00 0 
7f5455cd6000-7f5455dd4000 rw-p 00000000 00:00 0 
7f5455dd4000-7f5455dd7000 ---p 00000000 00:00 0 
7f5455dd7000-7f5455ed5000 rw-p 00000000 00:00 0 
7f5455ed5000-7f5455ed8000 ---p 00000000 00:00 0 
7f5455ed8000-7f5455fd6000 rw-p 00000000 00:00 0 
7f5455fd6000-7f5455fd9000 ---p 00000000 00:00 0 
7f5455fd9000-7f54560d7000 rw-p 00000000 00:00 0 
7f54560d7000-7f545624c000 r--p 00000000 09:01 1050053                    /usr/lib/locale/locale-archive
7f545624c000-7f545624f000 ---p 00000000 00:00 0 
7f545624f000-7f545634d000 rw-p 00000000 00:00 0 
7f545634d000-7f5456350000 ---p 00000000 00:00 0 
7f5456350000-7f545644e000 rw-p 00000000 00:00 0 
7f545644e000-7f545644f000 ---p 00000000 00:00 0 
7f545644f000-7f5456ac4000 rw-p 00000000 00:00 0 
7f5456ac4000-7f5456c83000 r--s 039fa000 09:01 1312380                    /usr/lib/java_sdk/jre/lib/rt.jar
7f5456c83000-7f5456cab000 rw-p 00000000 00:00 0 
7f5456cab000-7f5456cac000 ---p 00000000 00:00 0 
7f5456cac000-7f5456dac000 rw-p 00000000 00:00 0 
7f5456dac000-7f5456dad000 ---p 00000000 00:00 0 
7f5456dad000-7f5456ead000 rw-p 00000000 00:00 0 
7f5456ead000-7f5456eae000 ---p 00000000 00:00 0 
7f5456eae000-7f5456fae000 rw-p 00000000 00:00 0 
7f5456fae000-7f5456faf000 ---p 00000000 00:00 0 
7f5456faf000-7f54570ba000 rw-p 00000000 00:00 0 
7f54570ba000-7f54570d8000 rw-p 00000000 00:00 0 
7f54570d8000-7f5457101000 rw-p 00000000 00:00 0 
7f5457101000-7f545712e000 rw-p 00000000 00:00 0 
7f545712e000-7f5457139000 rw-p 00000000 00:00 0 
7f5457139000-7f5457157000 rw-p 00000000 00:00 0 
7f5457157000-7f5457180000 rw-p 00000000 00:00 0 
7f5457180000-7f54571ac000 rw-p 00000000 00:00 0 
7f54571ac000-7f54571c1000 rw-p 00000000 00:00 0 
7f54571c1000-7f54571d0000 ---p 00000000 00:00 0 
7f54571d0000-7f54571d7000 rw-p 00000000 00:00 0 
7f54571d7000-7f54571d8000 rw-p 00000000 00:00 0 
7f54571d8000-7f5457448000 rwxp 00000000 00:00 0 
7f5457448000-7f545a1d8000 rw-p 00000000 00:00 0 
7f545a1d8000-7f545a1f2000 r-xp 00000000 09:01 1312401                    /usr/lib/java_sdk/jre/lib/amd64/libzip.so
7f545a1f2000-7f545a3f2000 ---p 0001a000 09:01 1312401                    /usr/lib/java_sdk/jre/lib/amd64/libzip.so
7f545a3f2000-7f545a3f3000 rw-p 0001a000 09:01 1312401                    /usr/lib/java_sdk/jre/lib/amd64/libzip.so
7f545a3f3000-7f545a3fe000 r-xp 00000000 09:01 5111816                    /lib/libnss_files-2.11.2.so
7f545a3fe000-7f545a5fd000 ---p 0000b000 09:01 5111816                    /lib/libnss_files-2.11.2.so
7f545a5fd000-7f545a5fe000 r--p 0000a000 09:01 5111816                    /lib/libnss_files-2.11.2.so
7f545a5fe000-7f545a5ff000 rw-p 0000b000 09:01 5111816                    /lib/libnss_files-2.11.2.so
7f545a5ff000-7f545a609000 r-xp 00000000 09:01 5111813                    /lib/libnss_nis-2.11.2.so
7f545a609000-7f545a808000 ---p 0000a000 09:01 5111813                    /lib/libnss_nis-2.11.2.so
7f545a808000-7f545a809000 r--p 00009000 09:01 5111813                    /lib/libnss_nis-2.11.2.so
7f545a809000-7f545a80a000 rw-p 0000a000 09:01 5111813                    /lib/libnss_nis-2.11.2.so
7f545a80a000-7f545a81f000 r-xp 00000000 09:01 5111829                    /lib/libnsl-2.11.2.so
7f545a81f000-7f545aa1e000 ---p 00015000 09:01 5111829                    /lib/libnsl-2.11.2.so
7f545aa1e000-7f545aa1f000 r--p 00014000 09:01 5111829                    /lib/libnsl-2.11.2.so
7f545aa1f000-7f545aa20000 rw-p 00015000 09:01 5111829                    /lib/libnsl-2.11.2.so
7f545aa20000-7f545aa22000 rw-p 00000000 00:00 0 
7f545aa22000-7f545aa29000 r-xp 00000000 09:01 5111826                    /lib/libnss_compat-2.11.2.so
7f545aa29000-7f545ac28000 ---p 00007000 09:01 5111826                    /lib/libnss_compat-2.11.2.so
7f545ac28000-7f545ac29000 r--p 00006000 09:01 5111826                    /lib/libnss_compat-2.11.2.so
7f545ac29000-7f545ac2a000 rw-p 00007000 09:01 5111826                    /lib/libnss_compat-2.11.2.so
7f545ac2a000-7f545ac53000 r-xp 00000000 09:01 1312422                    /usr/lib/java_sdk/jre/lib/amd64/libjava.so
7f545ac53000-7f545ae53000 ---p 00029000 09:01 1312422                    /usr/lib/java_sdk/jre/lib/amd64/libjava.so
7f545ae53000-7f545ae55000 rw-p 00029000 09:01 1312422                    /usr/lib/java_sdk/jre/lib/amd64/libjava.so
7f545ae55000-7f545ae64000 r-xp 00000000 09:01 1312389                    /usr/lib/java_sdk/jre/lib/amd64/libverify.so
7f545ae64000-7f545b063000 ---p 0000f000 09:01 1312389                    /usr/lib/java_sdk/jre/lib/amd64/libverify.so
7f545b063000-7f545b065000 rw-p 0000e000 09:01 1312389                    /usr/lib/java_sdk/jre/lib/amd64/libverify.so
7f545b065000-7f545b06c000 r-xp 00000000 09:01 5111821                    /lib/librt-2.11.2.so
7f545b06c000-7f545b26b000 ---p 00007000 09:01 5111821                    /lib/librt-2.11.2.so
7f545b26b000-7f545b26c000 r--p 00006000 09:01 5111821                    /lib/librt-2.11.2.so
7f545b26c000-7f545b26d000 rw-p 00007000 09:01 5111821                    /lib/librt-2.11.2.so
7f545b26d000-7f545b2ed000 r-xp 00000000 09:01 5111828                    /lib/libm-2.11.2.so
7f545b2ed000-7f545b4ed000 ---p 00080000 09:01 5111828                    /lib/libm-2.11.2.so
7f545b4ed000-7f545b4ee000 r--p 00080000 09:01 5111828                    /lib/libm-2.11.2.so
7f545b4ee000-7f545b4ef000 rw-p 00081000 09:01 5111828                    /lib/libm-2.11.2.so
7f545b4ef000-7f545bebf000 r-xp 00000000 09:01 1312425                    /usr/lib/java_sdk/jre/lib/amd64/server/libjvm.so
7f545bebf000-7f545c0bf000 ---p 009d0000 09:01 1312425                    /usr/lib/java_sdk/jre/lib/amd64/server/libjvm.so
7f545c0bf000-7f545c15a000 rw-p 009d0000 09:01 1312425                    /usr/lib/java_sdk/jre/lib/amd64/server/libjvm.so
7f545c15a000-7f545c193000 rw-p 00000000 00:00 0 
7f545c193000-7f545c2eb000 r-xp 00000000 09:01 5111819                    /lib/libc-2.11.2.so
7f545c2eb000-7f545c4ea000 ---p 00158000 09:01 5111819                    /lib/libc-2.11.2.so
7f545c4ea000-7f545c4ee000 r--p 00157000 09:01 5111819                    /lib/libc-2.11.2.so
7f545c4ee000-7f545c4ef000 rw-p 0015b000 09:01 5111819                    /lib/libc-2.11.2.so
7f545c4ef000-7f545c4f4000 rw-p 00000000 00:00 0 
7f545c4f4000-7f545c4f6000 r-xp 00000000 09:01 5111818                    /lib/libdl-2.11.2.so
7f545c4f6000-7f545c6f6000 ---p 00002000 09:01 5111818                    /lib/libdl-2.11.2.so
7f545c6f6000-7f545c6f7000 r--p 00002000 09:01 5111818                    /lib/libdl-2.11.2.so
7f545c6f7000-7f545c6f8000 rw-p 00003000 09:01 5111818                    /lib/libdl-2.11.2.so
7f545c6f8000-7f545c70e000 r-xp 00000000 09:01 1312414                    /usr/lib/java_sdk/jre/lib/amd64/jli/libjli.so
7f545c70e000-7f545c90d000 ---p 00016000 09:01 1312414                    /usr/lib/java_sdk/jre/lib/amd64/jli/libjli.so
7f545c90d000-7f545c90e000 rw-p 00015000 09:01 1312414                    /usr/lib/java_sdk/jre/lib/amd64/jli/libjli.so
7f545c90e000-7f545c925000 r-xp 00000000 09:01 5111820                    /lib/libpthread-2.11.2.so
7f545c925000-7f545cb24000 ---p 00017000 09:01 5111820                    /lib/libpthread-2.11.2.so
7f545cb24000-7f545cb25000 r--p 00016000 09:01 5111820                    /lib/libpthread-2.11.2.so
7f545cb25000-7f545cb26000 rw-p 00017000 09:01 5111820                    /lib/libpthread-2.11.2.so
7f545cb26000-7f545cb2a000 rw-p 00000000 00:00 0 
7f545cb2a000-7f545cb48000 r-xp 00000000 09:01 5111831                    /lib/ld-2.11.2.so
7f545cb48000-7f545cb4b000 r--s 00029000 09:01 396799                     /dados/dspace/lib/stax-1.2.0.jar
7f545cb4b000-7f545cb51000 r--s 00040000 09:01 396798                     /dados/dspace/lib/spring-core-2.5.6.jar
7f545cb51000-7f545cb54000 r--s 00015000 09:01 396797                     /dados/dspace/lib/spring-context-support-2.5.6.jar
7f545cb54000-7f545cb60000 r--s 00069000 09:01 396796                     /dados/dspace/lib/spring-context-2.5.6.jar
7f545cb60000-7f545cb6a000 r--s 0006e000 09:01 396795                     /dados/dspace/lib/spring-beans-2.5.6.jar
7f545cb6a000-7f545cb6d000 r--s 00015000 09:01 396794                     /dados/dspace/lib/solr-solrj-1.3.0.jar
7f545cb6d000-7f545cb6f000 r--s 00004000 09:01 396793                     /dados/dspace/lib/solr-commons-csv-1.4.0.jar
7f545cb6f000-7f545cb79000 rw-p 00000000 00:00 0 
7f545cb79000-7f545cc2f000 rw-p 00000000 00:00 0 
7f545cc2f000-7f545cc37000 rw-s 00000000 09:01 4849670                    /tmp/hsperfdata_root/5061
7f545cc37000-7f545cc3a000 ---p 00000000 00:00 0 
7f545cc3a000-7f545cd3c000 rw-p 00000000 00:00 0 
7f545cd3c000-7f545cd3e000 r--s 00014000 09:01 396792                     /dados/dspace/lib/solr-common-1.3.0.jar
7f545cd3e000-7f545cd3f000 r--s 00002000 09:01 396791                     /dados/dspace/lib/slf4j-log4j12-1.5.6.jar
7f545cd3f000-7f545cd43000 r--s 00088000 09:01 1312331                    /usr/lib/java_sdk/jre/lib/jsse.jar
7f545cd43000-7f545cd44000 rw-p 00000000 00:00 0 
7f545cd44000-7f545cd45000 r--p 00000000 00:00 0 
7f545cd45000-7f545cd47000 rw-p 00000000 00:00 0 
7f545cd47000-7f545cd48000 r--p 0001d000 09:01 5111831                    /lib/ld-2.11.2.so
7f545cd48000-7f545cd49000 rw-p 0001e000 09:01 5111831                    /lib/ld-2.11.2.so
7f545cd49000-7f545cd4a000 rw-p 00000000 00:00 0 
7fff20083000-7fff20099000 rw-p 00000000 00:00 0                          [stack]
7fff20125000-7fff20126000 r-xp 00000000 00:00 0                          [vdso]
ffffffffff600000-ffffffffff601000 r-xp 00000000 00:00 0                  [vsyscall]

VM Arguments:
jvm_args: -Xmx256m -Djava.util.logging.config.file=$DSPACEDIR/config/logging.properties 
java_command: org.dspace.app.launcher.ScriptLauncher index-update
Launcher Type: SUN_STANDARD

Environment Variables:
JAVA_HOME=/usr/lib/java_sdk
PATH=/etc/alternatives/apache-maven/bin:/usr/lib/java_sdk/bin:/etc/alternatives/apache-ant/bin:/usr/local/sbin:/usr/local/bin:/usr/sbin:/usr/bin:/sbin:/bin
USERNAME=root
SHELL=/bin/bash

Signal Handlers:
SIGSEGV: [libjvm.so+0x84be70], sa_mask[0]=0x7ffbfeff, sa_flags=0x10000004
SIGBUS: [libjvm.so+0x84be70], sa_mask[0]=0x7ffbfeff, sa_flags=0x10000004
SIGFPE: [libjvm.so+0x6f3820], sa_mask[0]=0x7ffbfeff, sa_flags=0x10000004
SIGPIPE: [libjvm.so+0x6f3820], sa_mask[0]=0x7ffbfeff, sa_flags=0x10000004
SIGXFSZ: [libjvm.so+0x6f3820], sa_mask[0]=0x7ffbfeff, sa_flags=0x10000004
SIGILL: [libjvm.so+0x6f3820], sa_mask[0]=0x7ffbfeff, sa_flags=0x10000004
SIGUSR1: SIG_DFL, sa_mask[0]=0x00000000, sa_flags=0x00000000
SIGUSR2: [libjvm.so+0x6f3190], sa_mask[0]=0x00000000, sa_flags=0x10000004
SIGHUP: [libjvm.so+0x6f5650], sa_mask[0]=0x7ffbfeff, sa_flags=0x10000004
SIGINT: [libjvm.so+0x6f5650], sa_mask[0]=0x7ffbfeff, sa_flags=0x10000004
SIGTERM: [libjvm.so+0x6f5650], sa_mask[0]=0x7ffbfeff, sa_flags=0x10000004
SIGQUIT: [libjvm.so+0x6f5650], sa_mask[0]=0x7ffbfeff, sa_flags=0x10000004


---------------  S Y S T E M  ---------------

OS:6.0.3

uname:Linux 2.6.32-5-amd64 #1 SMP Mon Oct 3 03:59:20 UTC 2011 x86_64
libc:glibc 2.11.2 NPTL 2.11.2 
rlimit: STACK 8192k, CORE 0k, NPROC infinity, NOFILE 1024, AS infinity
load average:0,03 0,08 0,06

/proc/meminfo:
MemTotal:        7903644 kB
MemFree:         6838404 kB
Buffers:           91996 kB
Cached:           346076 kB
SwapCached:            0 kB
Active:           697596 kB
Inactive:         272720 kB
Active(anon):     538392 kB
Inactive(anon):     3592 kB
Active(file):     159204 kB
Inactive(file):   269128 kB
Unevictable:           0 kB
Mlocked:               0 kB
SwapTotal:      15624052 kB
SwapFree:       15624052 kB
Dirty:              1364 kB
Writeback:             0 kB
AnonPages:        532356 kB
Mapped:            36316 kB
Shmem:              9492 kB
Slab:              43120 kB
SReclaimable:      27096 kB
SUnreclaim:        16024 kB
KernelStack:        1872 kB
PageTables:         6204 kB
NFS_Unstable:          0 kB
Bounce:                0 kB
WritebackTmp:          0 kB
CommitLimit:    19575872 kB
Committed_AS:    1476804 kB
VmallocTotal:   34359738367 kB
VmallocUsed:      113860 kB
VmallocChunk:   34359621204 kB
HardwareCorrupted:     0 kB
HugePages_Total:       0
HugePages_Free:        0
HugePages_Rsvd:        0
HugePages_Surp:        0
Hugepagesize:       2048 kB
DirectMap4k:       10240 kB
DirectMap2M:     8361984 kB


CPU:total 4 (4 cores per cpu, 1 threads per core) family 6 model 42 stepping 7, cmov, cx8, fxsr, mmx, sse, sse2, sse3, ssse3, sse4.1, sse4.2, popcnt

/proc/cpuinfo:
processor	: 0
vendor_id	: GenuineIntel
cpu family	: 6
model		: 42
model name	: Intel(R) Xeon(R) CPU E31220 @ 3.10GHz
stepping	: 7
cpu MHz		: 3093.108
cache size	: 8192 KB
physical id	: 0
siblings	: 4
core id		: 0
cpu cores	: 4
apicid		: 0
initial apicid	: 0
fpu		: yes
fpu_exception	: yes
cpuid level	: 13
wp		: yes
flags		: fpu vme de pse tsc msr pae mce cx8 apic sep mtrr pge mca cmov pat pse36 clflush dts acpi mmx fxsr sse sse2 ss ht tm pbe syscall nx rdtscp lm constant_tsc arch_perfmon pebs bts rep_good xtopology nonstop_tsc aperfmperf pni pclmulqdq dtes64 monitor ds_cpl vmx smx est tm2 ssse3 cx16 xtpr pdcm sse4_1 sse4_2 x2apic popcnt aes xsave avx lahf_lm ida arat tpr_shadow vnmi flexpriority ept vpid
bogomips	: 6186.21
clflush size	: 64
cache_alignment	: 64
address sizes	: 36 bits physical, 48 bits virtual
power management:

processor	: 1
vendor_id	: GenuineIntel
cpu family	: 6
model		: 42
model name	: Intel(R) Xeon(R) CPU E31220 @ 3.10GHz
stepping	: 7
cpu MHz		: 3093.108
cache size	: 8192 KB
physical id	: 0
siblings	: 4
core id		: 1
cpu cores	: 4
apicid		: 2
initial apicid	: 2
fpu		: yes
fpu_exception	: yes
cpuid level	: 13
wp		: yes
flags		: fpu vme de pse tsc msr pae mce cx8 apic sep mtrr pge mca cmov pat pse36 clflush dts acpi mmx fxsr sse sse2 ss ht tm pbe syscall nx rdtscp lm constant_tsc arch_perfmon pebs bts rep_good xtopology nonstop_tsc aperfmperf pni pclmulqdq dtes64 monitor ds_cpl vmx smx est tm2 ssse3 cx16 xtpr pdcm sse4_1 sse4_2 x2apic popcnt aes xsave avx lahf_lm ida arat tpr_shadow vnmi flexpriority ept vpid
bogomips	: 6185.65
clflush size	: 64
cache_alignment	: 64
address sizes	: 36 bits physical, 48 bits virtual
power management:

processor	: 2
vendor_id	: GenuineIntel
cpu family	: 6
model		: 42
model name	: Intel(R) Xeon(R) CPU E31220 @ 3.10GHz
stepping	: 7
cpu MHz		: 3093.108
cache size	: 8192 KB
physical id	: 0
siblings	: 4
core id		: 2
cpu cores	: 4
apicid		: 4
initial apicid	: 4
fpu		: yes
fpu_exception	: yes
cpuid level	: 13
wp		: yes
flags		: fpu vme de pse tsc msr pae mce cx8 apic sep mtrr pge mca cmov pat pse36 clflush dts acpi mmx fxsr sse sse2 ss ht tm pbe syscall nx rdtscp lm constant_tsc arch_perfmon pebs bts rep_good xtopology nonstop_tsc aperfmperf pni pclmulqdq dtes64 monitor ds_cpl vmx smx est tm2 ssse3 cx16 xtpr pdcm sse4_1 sse4_2 x2apic popcnt aes xsave avx lahf_lm ida arat tpr_shadow vnmi flexpriority ept vpid
bogomips	: 6185.66
clflush size	: 64
cache_alignment	: 64
address sizes	: 36 bits physical, 48 bits virtual
power management:

processor	: 3
vendor_id	: GenuineIntel
cpu family	: 6
model		: 42
model name	: Intel(R) Xeon(R) CPU E31220 @ 3.10GHz
stepping	: 7
cpu MHz		: 3093.108
cache size	: 8192 KB
physical id	: 0
siblings	: 4
core id		: 3
cpu cores	: 4
apicid		: 6
initial apicid	: 6
fpu		: yes
fpu_exception	: yes
cpuid level	: 13
wp		: yes
flags		: fpu vme de pse tsc msr pae mce cx8 apic sep mtrr pge mca cmov pat pse36 clflush dts acpi mmx fxsr sse sse2 ss ht tm pbe syscall nx rdtscp lm constant_tsc arch_perfmon pebs bts rep_good xtopology nonstop_tsc aperfmperf pni pclmulqdq dtes64 monitor ds_cpl vmx smx est tm2 ssse3 cx16 xtpr pdcm sse4_1 sse4_2 x2apic popcnt aes xsave avx lahf_lm ida arat tpr_shadow vnmi flexpriority ept vpid
bogomips	: 6185.65
clflush size	: 64
cache_alignment	: 64
address sizes	: 36 bits physical, 48 bits virtual
power management:



Memory: 4k page, physical 7903644k(6838404k free), swap 15624052k(15624052k free)

vm_info: Java HotSpot(TM) 64-Bit Server VM (21.0-b17) for linux-amd64 JRE (1.7.0-b147), built on Jun 27 2011 01:30:59 by "java_re" with gcc 4.3.0 20080428 (Red Hat 4.3.0-8)

time: Mon Feb  6 12:46:24 2012
elapsed time: 3 seconds

