#
# A fatal error has been detected by the Java Runtime Environment:
#
#  SIGSEGV (0xb) at pc=0x00007f498256f679, pid=8977, tid=139953790732032
#
# JRE version: 7.0-b147
# Java VM: Java HotSpot(TM) 64-Bit Server VM (21.0-b17 mixed mode linux-amd64 compressed oops)
# Problematic frame:
# J  org.apache.lucene.analysis.PorterStemmer.stem([CII)Z
#
# Failed to write core dump. Core dumps have been disabled. To enable core dumping, try "ulimit -c unlimited" before starting Java again
#
# If you would like to submit a bug report, please visit:
#   http://bugreport.sun.com/bugreport/crash.jsp
#

---------------  T H R E A D  ---------------

Current thread (0x0000000001b19800):  JavaThread "main" [_thread_in_Java, id=8978, stack(0x00007f4987eb4000,0x00007f4987fb5000)]

siginfo:si_signo=SIGSEGV: si_errno=0, si_code=1 (SEGV_MAPERR), si_addr=0x00000002fabd8c24

Registers:
RAX=0x00000000ebe87980, RBX=0x00007f4987fb29c0, RCX=0x0000000000000000, RDX=0x0000000000000002
RSP=0x00007f4987fb29c0, RBP=0x00000000fabd8c18, RSI=0x00007f4987fb2968, RDI=0x0000000000000037
R8 =0x0000000000000032, R9 =0x00000000fffffffd, R10=0x00000000fabd8c18, R11=0x0000000000000037
R12=0x0000000000000000, R13=0x0000000000000031, R14=0x00000000fffffffe, R15=0x0000000001b19800
RIP=0x00007f498256f679, EFLAGS=0x0000000000010282, CSGSFS=0x0000000000000033, ERR=0x0000000000000004
  TRAPNO=0x000000000000000e

Top of Stack: (sp=0x00007f4987fb29c0)
0x00007f4987fb29c0:   00000000fabd6b18 0000000000000003
0x00007f4987fb29d0:   00000000fabb4f60 00007f4987fb29d8
0x00007f4987fb29e0:   00000000fabd8bf0 00007f4987fb2a28
0x00007f4987fb29f0:   00000000ebe55178 00000000ebe84150
0x00007f4987fb2a00:   00007f4987fb2a78 00007f498245b290
0x00007f4987fb2a10:   00007f498245b290 0000000000000003
0x00007f4987fb2a20:   0000000000000000 00000000fabd6b18
0x00007f4987fb2a30:   00000000fabd8bf0 00007f4987fb2a38
0x00007f4987fb2a40:   00000000ebd9f92a 00007f4987fb2a90
0x00007f4987fb2a50:   00000000ebe5cc00 00000000ebe86028
0x00007f4987fb2a60:   00000000ebd9f970 00007f4987fb2a18
0x00007f4987fb2a70:   00007f4987fb2aa0 00000000fabb4f60
0x00007f4987fb2a80:   00007f4982569fb8 00000000fabb4f60
0x00007f4987fb2a90:   00000000fabd8bd8 00007f4982569fb8
0x00007f4987fb2aa0:   00007f4987fb2ae0 00000000fab50438
0x00007f4987fb2ab0:   00000000fabd8bd8 00000000fab50438
0x00007f4987fb2ac0:   0000000200002710 00000000fabb4ed8
0x00007f4987fb2ad0:   00007f4987fb2b28 00007f498245af98
0x00007f4987fb2ae0:   00000000fabaea70 00007f4987fb2ae8
0x00007f4987fb2af0:   00000000ebdf33c0 00007f4987fb2b38
0x00007f4987fb2b00:   00007f4987fb2b80 00007f498245af98
0x00007f4987fb2b10:   00000000ebdf33d8 00007f498245af98
0x00007f4987fb2b20:   0000000000002710 00000000fc92c588
0x00007f4987fb2b30:   00000000fab50438 00000000fabb4ed8
0x00007f4987fb2b40:   00007f4987fb2b40 00000000ebe4b4f2
0x00007f4987fb2b50:   00007f4987fb2bf0 00000000ebe51358
0x00007f4987fb2b60:   0000000000000000 00000000ebe4b6b8
0x00007f4987fb2b70:   00007f4987fb2b20 00007f4987fb2be8
0x00007f4987fb2b80:   00007f4987fb2c38 00007f498245af98
0x00007f4987fb2b90:   0000000000000000 0000000000000000
0x00007f4987fb2ba0:   0000000000000000 0000000000000000
0x00007f4987fb2bb0:   0000000000000000 0000000000000000 

Instructions: (pc=0x00007f498256f679)
0x00007f498256f659:   6c 52 0e 45 0f b7 5c 52 10 4c 8b 4c 24 20 41 8b
0x00007f498256f669:   49 18 44 8b ca 41 83 c1 fb 44 8b f2 41 83 c6 fc
0x00007f498256f679:   43 0f b7 7c 72 10 48 63 f2 41 0f b7 5c 72 10 8b
0x00007f498256f689:   c2 83 c0 fe 89 04 24 41 0f b7 44 42 10 83 c2 fd 

Register to memory mapping:

RAX=0x00000000ebe87980 is an oop
{method data} 
 - klass: {other class}
RBX=0x00007f4987fb29c0 is pointing into the stack for thread: 0x0000000001b19800
RCX=0x0000000000000000 is an unknown value
RDX=0x0000000000000002 is an unknown value
RSP=0x00007f4987fb29c0 is pointing into the stack for thread: 0x0000000001b19800
RBP=0x00000000fabd8c18 is an oop
[C 
 - klass: {type array char}
 - length: 50
RSI=0x00007f4987fb2968 is pointing into the stack for thread: 0x0000000001b19800
RDI=0x0000000000000037 is an unknown value
R8 =0x0000000000000032 is an unknown value
R9 =0x00000000fffffffd is an unallocated location in the heap
R10=0x00000000fabd8c18 is an oop
[C 
 - klass: {type array char}
 - length: 50
R11=0x0000000000000037 is an unknown value
R12=0x0000000000000000 is an unknown value
R13=0x0000000000000031 is an unknown value
R14=0x00000000fffffffe is an unallocated location in the heap
R15=0x0000000001b19800 is a thread


Stack: [0x00007f4987eb4000,0x00007f4987fb5000],  sp=0x00007f4987fb29c0,  free space=1018k
Native frames: (J=compiled Java code, j=interpreted, Vv=VM code, C=native code)
J  org.apache.lucene.analysis.PorterStemmer.stem([CII)Z


---------------  P R O C E S S  ---------------

Java Threads: ( => current thread )
  0x0000000001f7e800 JavaThread "pool-1-thread-1" [_thread_blocked, id=8992, stack(0x00007f4980272000,0x00007f4980373000)]
  0x0000000001e36000 JavaThread "FinalizableReferenceQueue" daemon [_thread_blocked, id=8991, stack(0x00007f4980373000,0x00007f4980474000)]
  0x00007f497c00f800 JavaThread "Service Thread" daemon [_thread_blocked, id=8989, stack(0x00007f4980f50000,0x00007f4981051000)]
  0x0000000001bf6800 JavaThread "C2 CompilerThread1" daemon [_thread_in_native, id=8988, stack(0x00007f4981051000,0x00007f4981152000)]
  0x0000000001bf3800 JavaThread "C2 CompilerThread0" daemon [_thread_in_native, id=8987, stack(0x00007f4981152000,0x00007f4981253000)]
  0x0000000001bf1000 JavaThread "Signal Dispatcher" daemon [_thread_blocked, id=8986, stack(0x00007f4981253000,0x00007f4981354000)]
  0x0000000001ba7000 JavaThread "Finalizer" daemon [_thread_blocked, id=8985, stack(0x00007f49814c9000,0x00007f49815ca000)]
  0x0000000001ba5000 JavaThread "Reference Handler" daemon [_thread_blocked, id=8984, stack(0x00007f49815ca000,0x00007f49816cb000)]
=>0x0000000001b19800 JavaThread "main" [_thread_in_Java, id=8978, stack(0x00007f4987eb4000,0x00007f4987fb5000)]

Other Threads:
  0x0000000001b9d800 VMThread [stack: 0x00007f49816cb000,0x00007f49817cc000] [id=8983]
  0x00007f497c01a800 WatcherThread [stack: 0x00007f4980e4f000,0x00007f4980f50000] [id=8990]

VM state:not at safepoint (normal execution)

VM Mutex/Monitor currently owned by a thread: None

Heap
 PSYoungGen      total 36032K, used 6712K [0x00000000faab0000, 0x00000000fd2e0000, 0x0000000100000000)
  eden space 30912K, 5% used [0x00000000faab0000,0x00000000fac3fa50,0x00000000fc8e0000)
  from space 5120K, 99% used [0x00000000fc8e0000,0x00000000fcdde7a0,0x00000000fcde0000)
  to   space 5120K, 0% used [0x00000000fcde0000,0x00000000fcde0000,0x00000000fd2e0000)
 PSOldGen        total 82368K, used 2021K [0x00000000f0000000, 0x00000000f5070000, 0x00000000faab0000)
  object space 82368K, 2% used [0x00000000f0000000,0x00000000f01f96d8,0x00000000f5070000)
 PSPermGen       total 21248K, used 17045K [0x00000000eae00000, 0x00000000ec2c0000, 0x00000000f0000000)
  object space 21248K, 80% used [0x00000000eae00000,0x00000000ebea57a0,0x00000000ec2c0000)

Code Cache  [0x00007f4982455000, 0x00007f49826c5000, 0x00007f4985455000)
 total_blobs=612 nmethods=261 adapters=303 free_code_cache=48004Kb largest_free_block=49126592

Dynamic libraries:
00400000-00401000 r-xp 00000000 09:01 1310905                            /usr/lib/java_sdk/bin/java
00600000-00601000 rw-p 00000000 09:01 1310905                            /usr/lib/java_sdk/bin/java
01b0f000-027df000 rw-p 00000000 00:00 0                                  [heap]
eae00000-ec2c0000 rw-p 00000000 00:00 0 
ec2c0000-f0000000 rw-p 00000000 00:00 0 
f0000000-f5070000 rw-p 00000000 00:00 0 
f5070000-faab0000 rw-p 00000000 00:00 0 
faab0000-fd2e0000 rw-p 00000000 00:00 0 
fd2e0000-ff110000 ---p 00000000 00:00 0 
ff110000-100000000 rw-p 00000000 00:00 0 
7f497c000000-7f497d092000 rw-p 00000000 00:00 0 
7f497d092000-7f4980000000 ---p 00000000 00:00 0 
7f4980269000-7f4980272000 r--s 00254000 09:01 1313053                    /usr/lib/java_sdk/jre/lib/resources.jar
7f4980272000-7f4980275000 ---p 00000000 00:00 0 
7f4980275000-7f4980373000 rw-p 00000000 00:00 0 
7f4980373000-7f4980376000 ---p 00000000 00:00 0 
7f4980376000-7f4980474000 rw-p 00000000 00:00 0 
7f4980474000-7f4980478000 r--s 00010000 09:01 396808                     /dados/dspace/lib/xmlParserAPIs-2.0.2.jar
7f4980478000-7f4980480000 r--s 00028000 09:01 396807                     /dados/dspace/lib/xml-apis-1.3.02.jar
7f4980480000-7f4980497000 r--s 00112000 09:01 396806                     /dados/dspace/lib/xercesImpl-2.8.1.jar
7f4980497000-7f49804b5000 r--s 0027d000 09:01 396805                     /dados/dspace/lib/xalan-2.7.0.jar
7f49804b5000-7f49804bc000 r--s 00079000 09:01 396804                     /dados/dspace/lib/wstx-asl-3.2.7.jar
7f49804bc000-7f49804c3000 r--s 0007a000 09:01 396803                     /dados/dspace/lib/utils-1.07.00.jar
7f49804c3000-7f49804c6000 r--s 00036000 09:01 396802                     /dados/dspace/lib/tm-extractors-0.4.jar
7f49804c6000-7f49804c9000 r--s 00019000 09:01 396801                     /dados/dspace/lib/stax-utils-20040917.jar
7f49804c9000-7f49804cb000 r--s 00005000 09:01 396800                     /dados/dspace/lib/stax-api-1.0.1.jar
7f49804cb000-7f49804db000 r-xp 00000000 09:01 1312403                    /usr/lib/java_sdk/jre/lib/amd64/libnio.so
7f49804db000-7f49806db000 ---p 00010000 09:01 1312403                    /usr/lib/java_sdk/jre/lib/amd64/libnio.so
7f49806db000-7f49806dc000 rw-p 00010000 09:01 1312403                    /usr/lib/java_sdk/jre/lib/amd64/libnio.so
7f49806dc000-7f49806f1000 r-xp 00000000 09:01 1312388                    /usr/lib/java_sdk/jre/lib/amd64/libnet.so
7f49806f1000-7f49808f1000 ---p 00015000 09:01 1312388                    /usr/lib/java_sdk/jre/lib/amd64/libnet.so
7f49808f1000-7f49808f2000 rw-p 00015000 09:01 1312388                    /usr/lib/java_sdk/jre/lib/amd64/libnet.so
7f49808f2000-7f49808fa000 r-xp 00000000 09:01 1312412                    /usr/lib/java_sdk/jre/lib/amd64/libmanagement.so
7f49808fa000-7f4980af9000 ---p 00008000 09:01 1312412                    /usr/lib/java_sdk/jre/lib/amd64/libmanagement.so
7f4980af9000-7f4980afa000 rw-p 00007000 09:01 1312412                    /usr/lib/java_sdk/jre/lib/amd64/libmanagement.so
7f4980afa000-7f4980afc000 r-xp 00000000 09:01 917545                     /usr/lib/gconv/ISO8859-1.so
7f4980afc000-7f4980cfb000 ---p 00002000 09:01 917545                     /usr/lib/gconv/ISO8859-1.so
7f4980cfb000-7f4980cfc000 r--p 00001000 09:01 917545                     /usr/lib/gconv/ISO8859-1.so
7f4980cfc000-7f4980cfd000 rw-p 00002000 09:01 917545                     /usr/lib/gconv/ISO8859-1.so
7f4980cfd000-7f4980d04000 r--s 00000000 09:01 918774                     /usr/lib/gconv/gconv-modules.cache
7f4980d04000-7f4980d19000 r--p 00000000 09:01 923885                     /usr/share/locale/pt_BR/LC_MESSAGES/libc.mo
7f4980d19000-7f4980d1b000 r--s 00001000 09:01 396790                     /dados/dspace/lib/slf4j-jdk14-1.5.6.jar
7f4980d1b000-7f4980d1d000 r--s 00004000 09:01 396789                     /dados/dspace/lib/slf4j-api-1.5.6.jar
7f4980d1d000-7f4980d20000 r--s 00011000 09:01 396788                     /dados/dspace/lib/servlet-api-2.3.jar
7f4980d20000-7f4980d24000 r--s 00032000 09:01 396787                     /dados/dspace/lib/rome-1.0.jar
7f4980d24000-7f4980d2c000 r--s 0005e000 09:01 396786                     /dados/dspace/lib/reflectutils-0.9.10.jar
7f4980d2c000-7f4980d31000 r--s 0005e000 09:01 396785                     /dados/dspace/lib/postgresql-8.1-408.jdbc3.jar
7f4980d31000-7f4980d3d000 r--s 000b8000 09:01 396784                     /dados/dspace/lib/poi-2.5.1-final-20040804.jar
7f4980d3d000-7f4980d4b000 r--s 0031d000 09:01 396783                     /dados/dspace/lib/pdfbox-0.7.3.jar
7f4980d4b000-7f4980d4d000 r--s 0000e000 09:01 396782                     /dados/dspace/lib/oro-2.0.8.jar
7f4980d4d000-7f4980d4e000 r--s 00003000 09:01 396781                     /dados/dspace/lib/oclc-harvester2-0.1.12.jar
7f4980d4e000-7f4980d55000 r--s 00037000 09:01 396780                     /dados/dspace/lib/modules-0.3.2.jar
7f4980d55000-7f4980d57000 r--s 0001d000 09:01 396779                     /dados/dspace/lib/mets-1.5.2.jar
7f4980d57000-7f4980d5d000 r--s 00059000 09:01 396778                     /dados/dspace/lib/mail-1.4.jar
7f4980d5d000-7f4980d5e000 r--s 00004000 09:01 396777                     /dados/dspace/lib/lucene-spellchecker-2.9.1.jar
7f4980d5e000-7f4980d60000 r--s 0001b000 09:01 396776                     /dados/dspace/lib/lucene-snowball-2.9.1.jar
7f4980d60000-7f4980d61000 r--s 00008000 09:01 396775                     /dados/dspace/lib/lucene-queries-2.9.1.jar
7f4980d61000-7f4980d63000 r--s 0000d000 09:01 396774                     /dados/dspace/lib/lucene-misc-2.9.1.jar
7f4980d63000-7f4980d65000 r--s 0000c000 09:01 396773                     /dados/dspace/lib/lucene-memory-2.9.1.jar
7f4980d65000-7f4980d67000 r--s 0000a000 09:01 396772                     /dados/dspace/lib/lucene-highlighter-2.9.1.jar
7f4980d67000-7f4980d73000 r--s 00097000 09:01 396771                     /dados/dspace/lib/lucene-core-2.3.0.jar
7f4980d73000-7f4980d75000 r--s 00012000 09:01 396770                     /dados/dspace/lib/lucene-analyzers-2.3.0.jar
7f4980d75000-7f4980d7c000 r--s 00053000 09:01 396769                     /dados/dspace/lib/log4j-1.2.14.jar
7f4980d7c000-7f4980d7e000 r--s 00001000 09:01 396768                     /dados/dspace/lib/jsr107cache-1.0.jar
7f4980d7e000-7f4980d80000 r--s 00009000 09:01 396767                     /dados/dspace/lib/jempbox-0.2.0.jar
7f4980d80000-7f4980d83000 r--s 00023000 09:01 396766                     /dados/dspace/lib/jdom-1.0.jar
7f4980d83000-7f4980d89000 r--s 00032000 09:01 396765                     /dados/dspace/lib/jaxen-1.1.jar
7f4980d89000-7f4980d8c000 r--s 0004d000 09:01 396764                     /dados/dspace/lib/jargon-1.4.25.jar
7f4980d8c000-7f4980da5000 r--s 002fd000 09:01 396763                     /dados/dspace/lib/icu4j-3.4.4.jar
7f4980da5000-7f4980daf000 r--s 000cf000 09:01 396762                     /dados/dspace/lib/handle-6.2.jar
7f4980daf000-7f4980db1000 r--s 00006000 09:01 396761                     /dados/dspace/lib/geronimo-stax-api_1.0_spec-1.0.1.jar
7f4980db1000-7f4980db3000 r--s 0000e000 09:01 396760                     /dados/dspace/lib/fontbox-0.1.0.jar
7f4980db3000-7f4980db8000 r--s 0003c000 09:01 396759                     /dados/dspace/lib/ehcache-1.5.0.jar
7f4980db8000-7f4980dba000 r--s 00013000 09:01 396758                     /dados/dspace/lib/dspace-stats-1.6.2.jar
7f4980dba000-7f4980dbe000 r--s 0001d000 09:01 396757                     /dados/dspace/lib/dspace-solr-solrj-1.4.0.1-20100225.132255-3.jar
7f4980dbe000-7f4980dc1000 r--s 00017000 09:01 396756                     /dados/dspace/lib/dspace-solr-common-1.4.0.1-20100225.132255-4.jar
7f4980dc1000-7f4980dc2000 r--s 00003000 09:01 396755                     /dados/dspace/lib/dspace-services-utils-2.0.1.jar
7f4980dc2000-7f4980dc4000 r--s 00016000 09:01 396754                     /dados/dspace/lib/dspace-services-impl-2.0.1.jar
7f4980dc4000-7f4980dc7000 r--s 00009000 09:01 396753                     /dados/dspace/lib/dspace-services-api-2.0.1.jar
7f4980dc7000-7f4980dc9000 r--s 00022000 09:01 396752                     /dados/dspace/lib/dspace-geoip-1.2.3.jar
7f4980dc9000-7f4980dcb000 r--s 0009c000 09:01 396751                     /dados/dspace/lib/dspace-api-lang-1.6.2.0.jar
7f4980dcb000-7f4980dd5000 r--s 000e0000 09:01 396750                     /dados/dspace/lib/dspace-api-1.6.2.jar
7f4980dd5000-7f4980dda000 r--s 00048000 09:01 396749                     /dados/dspace/lib/dom4j-1.6.1.jar
7f4980dda000-7f4980dde000 r--s 0003e000 09:01 396748                     /dados/dspace/lib/dnsjava-2.0.6.jar
7f4980dde000-7f4980de0000 r--s 00005000 09:01 396747                     /dados/dspace/lib/discovery-solr-provider-0.9.2-SNAPSHOT.jar
7f4980de0000-7f4980de3000 r--s 00013000 09:01 396746                     /dados/dspace/lib/commons-pool-1.4.jar
7f4980de3000-7f4980de4000 r--s 00005000 09:01 396745                     /dados/dspace/lib/commons-logging-1.0.jar
7f4980de4000-7f4980de8000 r--s 00038000 09:01 396744                     /dados/dspace/lib/commons-lang-2.2.jar
7f4980de8000-7f4980deb000 r--s 00018000 09:01 396743                     /dados/dspace/lib/commons-io-1.4.jar
7f4980deb000-7f4980dee000 r--s 00013000 09:01 396742                     /dados/dspace/lib/commons-io-1.3.2.jar
7f4980dee000-7f4980df4000 r--s 00045000 09:01 396741                     /dados/dspace/lib/commons-httpclient-3.1.jar
7f4980df4000-7f4980df7000 r--s 0000c000 09:01 396740                     /dados/dspace/lib/commons-fileupload-1.2.1.jar
7f4980df7000-7f4980df9000 r--s 0001c000 09:01 396739                     /dados/dspace/lib/commons-dbcp-1.2.2.jar
7f4980df9000-7f4980e06000 r--s 0007f000 09:01 396738                     /dados/dspace/lib/commons-collections-3.2.jar
7f4980e06000-7f4980e08000 r--s 0000a000 09:01 396737                     /dados/dspace/lib/commons-codec-1.3.jar
7f4980e08000-7f4980e0a000 r--s 00006000 09:01 396736                     /dados/dspace/lib/commons-cli-1.0.jar
7f4980e0a000-7f4980e29000 r--s 00138000 09:01 396735                     /dados/dspace/lib/bcprov-jdk14-136.jar
7f4980e29000-7f4980e2e000 r--s 0002a000 09:01 396734                     /dados/dspace/lib/bcmail-jdk14-136.jar
7f4980e2e000-7f4980e36000 r--s 00049000 09:01 396733                     /dados/dspace/lib/backport-util-concurrent-3.1.jar
7f4980e36000-7f4980e38000 r--s 00000000 09:01 396732                     /dados/dspace/lib/aopalliance-1.0.jar
7f4980e38000-7f4980e39000 r--s 00002000 09:01 396731                     /dados/dspace/lib/ant-launcher-1.7.1.jar
7f4980e39000-7f4980e4d000 r--s 0012f000 09:01 396730                     /dados/dspace/lib/ant-1.7.1.jar
7f4980e4d000-7f4980e4f000 r--s 0000e000 09:01 396729                     /dados/dspace/lib/activation-1.1.jar
7f4980e4f000-7f4980e50000 ---p 00000000 00:00 0 
7f4980e50000-7f4980f50000 rw-p 00000000 00:00 0 
7f4980f50000-7f4980f53000 ---p 00000000 00:00 0 
7f4980f53000-7f4981051000 rw-p 00000000 00:00 0 
7f4981051000-7f4981054000 ---p 00000000 00:00 0 
7f4981054000-7f4981152000 rw-p 00000000 00:00 0 
7f4981152000-7f4981155000 ---p 00000000 00:00 0 
7f4981155000-7f4981253000 rw-p 00000000 00:00 0 
7f4981253000-7f4981256000 ---p 00000000 00:00 0 
7f4981256000-7f4981354000 rw-p 00000000 00:00 0 
7f4981354000-7f49814c9000 r--p 00000000 09:01 1050053                    /usr/lib/locale/locale-archive
7f49814c9000-7f49814cc000 ---p 00000000 00:00 0 
7f49814cc000-7f49815ca000 rw-p 00000000 00:00 0 
7f49815ca000-7f49815cd000 ---p 00000000 00:00 0 
7f49815cd000-7f49816cb000 rw-p 00000000 00:00 0 
7f49816cb000-7f49816cc000 ---p 00000000 00:00 0 
7f49816cc000-7f4981d41000 rw-p 00000000 00:00 0 
7f4981d41000-7f4981f00000 r--s 039fa000 09:01 1312380                    /usr/lib/java_sdk/jre/lib/rt.jar
7f4981f00000-7f4981f28000 rw-p 00000000 00:00 0 
7f4981f28000-7f4981f29000 ---p 00000000 00:00 0 
7f4981f29000-7f4982029000 rw-p 00000000 00:00 0 
7f4982029000-7f498202a000 ---p 00000000 00:00 0 
7f498202a000-7f498212a000 rw-p 00000000 00:00 0 
7f498212a000-7f498212b000 ---p 00000000 00:00 0 
7f498212b000-7f498222b000 rw-p 00000000 00:00 0 
7f498222b000-7f498222c000 ---p 00000000 00:00 0 
7f498222c000-7f4982337000 rw-p 00000000 00:00 0 
7f4982337000-7f4982355000 rw-p 00000000 00:00 0 
7f4982355000-7f498237e000 rw-p 00000000 00:00 0 
7f498237e000-7f49823ab000 rw-p 00000000 00:00 0 
7f49823ab000-7f49823b6000 rw-p 00000000 00:00 0 
7f49823b6000-7f49823d4000 rw-p 00000000 00:00 0 
7f49823d4000-7f49823fd000 rw-p 00000000 00:00 0 
7f49823fd000-7f4982429000 rw-p 00000000 00:00 0 
7f4982429000-7f498243e000 rw-p 00000000 00:00 0 
7f498243e000-7f498244d000 ---p 00000000 00:00 0 
7f498244d000-7f4982454000 rw-p 00000000 00:00 0 
7f4982454000-7f4982455000 rw-p 00000000 00:00 0 
7f4982455000-7f49826c5000 rwxp 00000000 00:00 0 
7f49826c5000-7f4985455000 rw-p 00000000 00:00 0 
7f4985455000-7f498546f000 r-xp 00000000 09:01 1312401                    /usr/lib/java_sdk/jre/lib/amd64/libzip.so
7f498546f000-7f498566f000 ---p 0001a000 09:01 1312401                    /usr/lib/java_sdk/jre/lib/amd64/libzip.so
7f498566f000-7f4985670000 rw-p 0001a000 09:01 1312401                    /usr/lib/java_sdk/jre/lib/amd64/libzip.so
7f4985670000-7f498567b000 r-xp 00000000 09:01 5111816                    /lib/libnss_files-2.11.2.so
7f498567b000-7f498587a000 ---p 0000b000 09:01 5111816                    /lib/libnss_files-2.11.2.so
7f498587a000-7f498587b000 r--p 0000a000 09:01 5111816                    /lib/libnss_files-2.11.2.so
7f498587b000-7f498587c000 rw-p 0000b000 09:01 5111816                    /lib/libnss_files-2.11.2.so
7f498587c000-7f4985886000 r-xp 00000000 09:01 5111813                    /lib/libnss_nis-2.11.2.so
7f4985886000-7f4985a85000 ---p 0000a000 09:01 5111813                    /lib/libnss_nis-2.11.2.so
7f4985a85000-7f4985a86000 r--p 00009000 09:01 5111813                    /lib/libnss_nis-2.11.2.so
7f4985a86000-7f4985a87000 rw-p 0000a000 09:01 5111813                    /lib/libnss_nis-2.11.2.so
7f4985a87000-7f4985a9c000 r-xp 00000000 09:01 5111829                    /lib/libnsl-2.11.2.so
7f4985a9c000-7f4985c9b000 ---p 00015000 09:01 5111829                    /lib/libnsl-2.11.2.so
7f4985c9b000-7f4985c9c000 r--p 00014000 09:01 5111829                    /lib/libnsl-2.11.2.so
7f4985c9c000-7f4985c9d000 rw-p 00015000 09:01 5111829                    /lib/libnsl-2.11.2.so
7f4985c9d000-7f4985c9f000 rw-p 00000000 00:00 0 
7f4985c9f000-7f4985ca6000 r-xp 00000000 09:01 5111826                    /lib/libnss_compat-2.11.2.so
7f4985ca6000-7f4985ea5000 ---p 00007000 09:01 5111826                    /lib/libnss_compat-2.11.2.so
7f4985ea5000-7f4985ea6000 r--p 00006000 09:01 5111826                    /lib/libnss_compat-2.11.2.so
7f4985ea6000-7f4985ea7000 rw-p 00007000 09:01 5111826                    /lib/libnss_compat-2.11.2.so
7f4985ea7000-7f4985ed0000 r-xp 00000000 09:01 1312422                    /usr/lib/java_sdk/jre/lib/amd64/libjava.so
7f4985ed0000-7f49860d0000 ---p 00029000 09:01 1312422                    /usr/lib/java_sdk/jre/lib/amd64/libjava.so
7f49860d0000-7f49860d2000 rw-p 00029000 09:01 1312422                    /usr/lib/java_sdk/jre/lib/amd64/libjava.so
7f49860d2000-7f49860e1000 r-xp 00000000 09:01 1312389                    /usr/lib/java_sdk/jre/lib/amd64/libverify.so
7f49860e1000-7f49862e0000 ---p 0000f000 09:01 1312389                    /usr/lib/java_sdk/jre/lib/amd64/libverify.so
7f49862e0000-7f49862e2000 rw-p 0000e000 09:01 1312389                    /usr/lib/java_sdk/jre/lib/amd64/libverify.so
7f49862e2000-7f49862e9000 r-xp 00000000 09:01 5111821                    /lib/librt-2.11.2.so
7f49862e9000-7f49864e8000 ---p 00007000 09:01 5111821                    /lib/librt-2.11.2.so
7f49864e8000-7f49864e9000 r--p 00006000 09:01 5111821                    /lib/librt-2.11.2.so
7f49864e9000-7f49864ea000 rw-p 00007000 09:01 5111821                    /lib/librt-2.11.2.so
7f49864ea000-7f498656a000 r-xp 00000000 09:01 5111828                    /lib/libm-2.11.2.so
7f498656a000-7f498676a000 ---p 00080000 09:01 5111828                    /lib/libm-2.11.2.so
7f498676a000-7f498676b000 r--p 00080000 09:01 5111828                    /lib/libm-2.11.2.so
7f498676b000-7f498676c000 rw-p 00081000 09:01 5111828                    /lib/libm-2.11.2.so
7f498676c000-7f498713c000 r-xp 00000000 09:01 1312425                    /usr/lib/java_sdk/jre/lib/amd64/server/libjvm.so
7f498713c000-7f498733c000 ---p 009d0000 09:01 1312425                    /usr/lib/java_sdk/jre/lib/amd64/server/libjvm.so
7f498733c000-7f49873d7000 rw-p 009d0000 09:01 1312425                    /usr/lib/java_sdk/jre/lib/amd64/server/libjvm.so
7f49873d7000-7f4987410000 rw-p 00000000 00:00 0 
7f4987410000-7f4987568000 r-xp 00000000 09:01 5111819                    /lib/libc-2.11.2.so
7f4987568000-7f4987767000 ---p 00158000 09:01 5111819                    /lib/libc-2.11.2.so
7f4987767000-7f498776b000 r--p 00157000 09:01 5111819                    /lib/libc-2.11.2.so
7f498776b000-7f498776c000 rw-p 0015b000 09:01 5111819                    /lib/libc-2.11.2.so
7f498776c000-7f4987771000 rw-p 00000000 00:00 0 
7f4987771000-7f4987773000 r-xp 00000000 09:01 5111818                    /lib/libdl-2.11.2.so
7f4987773000-7f4987973000 ---p 00002000 09:01 5111818                    /lib/libdl-2.11.2.so
7f4987973000-7f4987974000 r--p 00002000 09:01 5111818                    /lib/libdl-2.11.2.so
7f4987974000-7f4987975000 rw-p 00003000 09:01 5111818                    /lib/libdl-2.11.2.so
7f4987975000-7f498798b000 r-xp 00000000 09:01 1312414                    /usr/lib/java_sdk/jre/lib/amd64/jli/libjli.so
7f498798b000-7f4987b8a000 ---p 00016000 09:01 1312414                    /usr/lib/java_sdk/jre/lib/amd64/jli/libjli.so
7f4987b8a000-7f4987b8b000 rw-p 00015000 09:01 1312414                    /usr/lib/java_sdk/jre/lib/amd64/jli/libjli.so
7f4987b8b000-7f4987ba2000 r-xp 00000000 09:01 5111820                    /lib/libpthread-2.11.2.so
7f4987ba2000-7f4987da1000 ---p 00017000 09:01 5111820                    /lib/libpthread-2.11.2.so
7f4987da1000-7f4987da2000 r--p 00016000 09:01 5111820                    /lib/libpthread-2.11.2.so
7f4987da2000-7f4987da3000 rw-p 00017000 09:01 5111820                    /lib/libpthread-2.11.2.so
7f4987da3000-7f4987da7000 rw-p 00000000 00:00 0 
7f4987da7000-7f4987dc5000 r-xp 00000000 09:01 5111831                    /lib/ld-2.11.2.so
7f4987dc5000-7f4987dc8000 r--s 00029000 09:01 396799                     /dados/dspace/lib/stax-1.2.0.jar
7f4987dc8000-7f4987dce000 r--s 00040000 09:01 396798                     /dados/dspace/lib/spring-core-2.5.6.jar
7f4987dce000-7f4987dd1000 r--s 00015000 09:01 396797                     /dados/dspace/lib/spring-context-support-2.5.6.jar
7f4987dd1000-7f4987ddd000 r--s 00069000 09:01 396796                     /dados/dspace/lib/spring-context-2.5.6.jar
7f4987ddd000-7f4987de7000 r--s 0006e000 09:01 396795                     /dados/dspace/lib/spring-beans-2.5.6.jar
7f4987de7000-7f4987dea000 r--s 00015000 09:01 396794                     /dados/dspace/lib/solr-solrj-1.3.0.jar
7f4987dea000-7f4987dec000 r--s 00004000 09:01 396793                     /dados/dspace/lib/solr-commons-csv-1.4.0.jar
7f4987dec000-7f4987df6000 rw-p 00000000 00:00 0 
7f4987df6000-7f4987eac000 rw-p 00000000 00:00 0 
7f4987eac000-7f4987eb4000 rw-s 00000000 09:01 4849689                    /tmp/hsperfdata_root/8977
7f4987eb4000-7f4987eb7000 ---p 00000000 00:00 0 
7f4987eb7000-7f4987fb9000 rw-p 00000000 00:00 0 
7f4987fb9000-7f4987fbb000 r--s 00014000 09:01 396792                     /dados/dspace/lib/solr-common-1.3.0.jar
7f4987fbb000-7f4987fbc000 r--s 00002000 09:01 396791                     /dados/dspace/lib/slf4j-log4j12-1.5.6.jar
7f4987fbc000-7f4987fc0000 r--s 00088000 09:01 1312331                    /usr/lib/java_sdk/jre/lib/jsse.jar
7f4987fc0000-7f4987fc1000 rw-p 00000000 00:00 0 
7f4987fc1000-7f4987fc2000 r--p 00000000 00:00 0 
7f4987fc2000-7f4987fc4000 rw-p 00000000 00:00 0 
7f4987fc4000-7f4987fc5000 r--p 0001d000 09:01 5111831                    /lib/ld-2.11.2.so
7f4987fc5000-7f4987fc6000 rw-p 0001e000 09:01 5111831                    /lib/ld-2.11.2.so
7f4987fc6000-7f4987fc7000 rw-p 00000000 00:00 0 
7fff6b0aa000-7fff6b0c0000 rw-p 00000000 00:00 0                          [stack]
7fff6b1ff000-7fff6b200000 r-xp 00000000 00:00 0                          [vdso]
ffffffffff600000-ffffffffff601000 r-xp 00000000 00:00 0                  [vsyscall]

VM Arguments:
jvm_args: -Xmx256m -Djava.util.logging.config.file=$DSPACEDIR/config/logging.properties 
java_command: org.dspace.app.launcher.ScriptLauncher index-init
Launcher Type: SUN_STANDARD

Environment Variables:
JAVA_HOME=/usr/lib/java_sdk
PATH=/etc/alternatives/apache-maven/bin:/usr/lib/java_sdk/bin:/etc/alternatives/apache-ant/bin:/usr/local/sbin:/usr/local/bin:/usr/sbin:/usr/bin:/sbin:/bin
USERNAME=root
SHELL=/bin/bash

Signal Handlers:
SIGSEGV: [libjvm.so+0x84be70], sa_mask[0]=0x7ffbfeff, sa_flags=0x10000004
SIGBUS: [libjvm.so+0x84be70], sa_mask[0]=0x7ffbfeff, sa_flags=0x10000004
SIGFPE: [libjvm.so+0x6f3820], sa_mask[0]=0x7ffbfeff, sa_flags=0x10000004
SIGPIPE: [libjvm.so+0x6f3820], sa_mask[0]=0x7ffbfeff, sa_flags=0x10000004
SIGXFSZ: [libjvm.so+0x6f3820], sa_mask[0]=0x7ffbfeff, sa_flags=0x10000004
SIGILL: [libjvm.so+0x6f3820], sa_mask[0]=0x7ffbfeff, sa_flags=0x10000004
SIGUSR1: SIG_DFL, sa_mask[0]=0x00000000, sa_flags=0x00000000
SIGUSR2: [libjvm.so+0x6f3190], sa_mask[0]=0x00000000, sa_flags=0x10000004
SIGHUP: [libjvm.so+0x6f5650], sa_mask[0]=0x7ffbfeff, sa_flags=0x10000004
SIGINT: [libjvm.so+0x6f5650], sa_mask[0]=0x7ffbfeff, sa_flags=0x10000004
SIGTERM: [libjvm.so+0x6f5650], sa_mask[0]=0x7ffbfeff, sa_flags=0x10000004
SIGQUIT: [libjvm.so+0x6f5650], sa_mask[0]=0x7ffbfeff, sa_flags=0x10000004


---------------  S Y S T E M  ---------------

OS:6.0.3

uname:Linux 2.6.32-5-amd64 #1 SMP Mon Oct 3 03:59:20 UTC 2011 x86_64
libc:glibc 2.11.2 NPTL 2.11.2 
rlimit: STACK 8192k, CORE 0k, NPROC infinity, NOFILE 1024, AS infinity
load average:0,33 0,21 0,12

/proc/meminfo:
MemTotal:        7903644 kB
MemFree:           74592 kB
Buffers:          313040 kB
Cached:          6240616 kB
SwapCached:            0 kB
Active:          3724536 kB
Inactive:        3574804 kB
Active(anon):     634424 kB
Inactive(anon):   122496 kB
Active(file):    3090112 kB
Inactive(file):  3452308 kB
Unevictable:           0 kB
Mlocked:               0 kB
SwapTotal:      15624052 kB
SwapFree:       15624052 kB
Dirty:              1432 kB
Writeback:             0 kB
AnonPages:        745800 kB
Mapped:            36876 kB
Shmem:             11224 kB
Slab:             476772 kB
SReclaimable:     438736 kB
SUnreclaim:        38036 kB
KernelStack:        1616 kB
PageTables:         6996 kB
NFS_Unstable:          0 kB
Bounce:                0 kB
WritebackTmp:          0 kB
CommitLimit:    19575872 kB
Committed_AS:     979308 kB
VmallocTotal:   34359738367 kB
VmallocUsed:      113872 kB
VmallocChunk:   34359621096 kB
HardwareCorrupted:     0 kB
HugePages_Total:       0
HugePages_Free:        0
HugePages_Rsvd:        0
HugePages_Surp:        0
Hugepagesize:       2048 kB
DirectMap4k:       10240 kB
DirectMap2M:     8361984 kB


CPU:total 4 (4 cores per cpu, 1 threads per core) family 6 model 42 stepping 7, cmov, cx8, fxsr, mmx, sse, sse2, sse3, ssse3, sse4.1, sse4.2, popcnt

/proc/cpuinfo:
processor	: 0
vendor_id	: GenuineIntel
cpu family	: 6
model		: 42
model name	: Intel(R) Xeon(R) CPU E31220 @ 3.10GHz
stepping	: 7
cpu MHz		: 3093.272
cache size	: 8192 KB
physical id	: 0
siblings	: 4
core id		: 0
cpu cores	: 4
apicid		: 0
initial apicid	: 0
fpu		: yes
fpu_exception	: yes
cpuid level	: 13
wp		: yes
flags		: fpu vme de pse tsc msr pae mce cx8 apic sep mtrr pge mca cmov pat pse36 clflush dts acpi mmx fxsr sse sse2 ss ht tm pbe syscall nx rdtscp lm constant_tsc arch_perfmon pebs bts rep_good xtopology nonstop_tsc aperfmperf pni pclmulqdq dtes64 monitor ds_cpl vmx smx est tm2 ssse3 cx16 xtpr pdcm sse4_1 sse4_2 x2apic popcnt aes xsave avx lahf_lm ida arat tpr_shadow vnmi flexpriority ept vpid
bogomips	: 6186.54
clflush size	: 64
cache_alignment	: 64
address sizes	: 36 bits physical, 48 bits virtual
power management:

processor	: 1
vendor_id	: GenuineIntel
cpu family	: 6
model		: 42
model name	: Intel(R) Xeon(R) CPU E31220 @ 3.10GHz
stepping	: 7
cpu MHz		: 3093.272
cache size	: 8192 KB
physical id	: 0
siblings	: 4
core id		: 1
cpu cores	: 4
apicid		: 2
initial apicid	: 2
fpu		: yes
fpu_exception	: yes
cpuid level	: 13
wp		: yes
flags		: fpu vme de pse tsc msr pae mce cx8 apic sep mtrr pge mca cmov pat pse36 clflush dts acpi mmx fxsr sse sse2 ss ht tm pbe syscall nx rdtscp lm constant_tsc arch_perfmon pebs bts rep_good xtopology nonstop_tsc aperfmperf pni pclmulqdq dtes64 monitor ds_cpl vmx smx est tm2 ssse3 cx16 xtpr pdcm sse4_1 sse4_2 x2apic popcnt aes xsave avx lahf_lm ida arat tpr_shadow vnmi flexpriority ept vpid
bogomips	: 6185.65
clflush size	: 64
cache_alignment	: 64
address sizes	: 36 bits physical, 48 bits virtual
power management:

processor	: 2
vendor_id	: GenuineIntel
cpu family	: 6
model		: 42
model name	: Intel(R) Xeon(R) CPU E31220 @ 3.10GHz
stepping	: 7
cpu MHz		: 3093.272
cache size	: 8192 KB
physical id	: 0
siblings	: 4
core id		: 2
cpu cores	: 4
apicid		: 4
initial apicid	: 4
fpu		: yes
fpu_exception	: yes
cpuid level	: 13
wp		: yes
flags		: fpu vme de pse tsc msr pae mce cx8 apic sep mtrr pge mca cmov pat pse36 clflush dts acpi mmx fxsr sse sse2 ss ht tm pbe syscall nx rdtscp lm constant_tsc arch_perfmon pebs bts rep_good xtopology nonstop_tsc aperfmperf pni pclmulqdq dtes64 monitor ds_cpl vmx smx est tm2 ssse3 cx16 xtpr pdcm sse4_1 sse4_2 x2apic popcnt aes xsave avx lahf_lm ida arat tpr_shadow vnmi flexpriority ept vpid
bogomips	: 6185.66
clflush size	: 64
cache_alignment	: 64
address sizes	: 36 bits physical, 48 bits virtual
power management:

processor	: 3
vendor_id	: GenuineIntel
cpu family	: 6
model		: 42
model name	: Intel(R) Xeon(R) CPU E31220 @ 3.10GHz
stepping	: 7
cpu MHz		: 3093.272
cache size	: 8192 KB
physical id	: 0
siblings	: 4
core id		: 3
cpu cores	: 4
apicid		: 6
initial apicid	: 6
fpu		: yes
fpu_exception	: yes
cpuid level	: 13
wp		: yes
flags		: fpu vme de pse tsc msr pae mce cx8 apic sep mtrr pge mca cmov pat pse36 clflush dts acpi mmx fxsr sse sse2 ss ht tm pbe syscall nx rdtscp lm constant_tsc arch_perfmon pebs bts rep_good xtopology nonstop_tsc aperfmperf pni pclmulqdq dtes64 monitor ds_cpl vmx smx est tm2 ssse3 cx16 xtpr pdcm sse4_1 sse4_2 x2apic popcnt aes xsave avx lahf_lm ida arat tpr_shadow vnmi flexpriority ept vpid
bogomips	: 6185.66
clflush size	: 64
cache_alignment	: 64
address sizes	: 36 bits physical, 48 bits virtual
power management:



Memory: 4k page, physical 7903644k(74592k free), swap 15624052k(15624052k free)

vm_info: Java HotSpot(TM) 64-Bit Server VM (21.0-b17) for linux-amd64 JRE (1.7.0-b147), built on Jun 27 2011 01:30:59 by "java_re" with gcc 4.3.0 20080428 (Red Hat 4.3.0-8)

time: Tue Dec 20 19:50:20 2011
elapsed time: 5 seconds

