#
# A fatal error has been detected by the Java Runtime Environment:
#
#  SIGSEGV (0xb) at pc=0x00007f0d2b8b0c6e, pid=5782, tid=139694636005120
#
# JRE version: 7.0-b147
# Java VM: Java HotSpot(TM) 64-Bit Server VM (21.0-b17 mixed mode linux-amd64 compressed oops)
# Problematic frame:
# J  org.apache.lucene.analysis.PorterStemFilter.next(Lorg/apache/lucene/analysis/Token;)Lorg/apache/lucene/analysis/Token;
#
# Core dump written. Default location: /dados/dspace/bin/core or core.5782
#
# If you would like to submit a bug report, please visit:
#   http://bugreport.sun.com/bugreport/crash.jsp
#

---------------  T H R E A D  ---------------

Current thread (0x0000000001c92800):  JavaThread "main" [_thread_in_Java, id=5783, stack(0x00007f0d3117f000,0x00007f0d31280000)]

siginfo:si_signo=SIGSEGV: si_errno=0, si_code=1 (SEGV_MAPERR), si_addr=0x00000002fb64cba6

Registers:
RAX=0x00000000ffffffff, RBX=0x0000000000000031, RCX=0x0000000000000000, RDX=0x0000000000000002
RSP=0x00007f0d3127dab0, RBP=0x00000000fb64cb70, RSI=0x0000000000000002, RDI=0x0000000000000030
R8 =0x0000000000000032, R9 =0x00000000fffffffd, R10=0x00000000fb64cb98, R11=0x0000000000000030
R12=0x0000000000000000, R13=0x0000000000000032, R14=0x00000000fb64cb98, R15=0x0000000001c92800
RIP=0x00007f0d2b8b0c6e, EFLAGS=0x0000000000010286, CSGSFS=0x0000000000000033, ERR=0x0000000000000004
  TRAPNO=0x000000000000000e

Top of Stack: (sp=0x00007f0d3127dab0)
0x00007f0d3127dab0:   00000000fb64cb70 00000000fb64cb58
0x00007f0d3127dac0:   ffffffff00000000 00000000fb64cb58
0x00007f0d3127dad0:   00007f0d3127db10 00007f0d3127db00
0x00007f0d3127dae0:   00000000ebe86d50 00000000fb62ce48
0x00007f0d3127daf0:   00000000fb64cb70 00000000fb64cc10
0x00007f0d3127db00:   00007f0d2b8a4200 0000000000000283
0x00007f0d3127db10:   00000000fb62ce48 00007f0d2b8a4298
0x00007f0d3127db20:   00007f0d3127db38 00000000fb617a08
0x00007f0d3127db30:   00000000fb64cb58 00000000fb617a08
0x00007f0d3127db40:   00007f0d00002710 00000000fb62cdc0
0x00007f0d3127db50:   00007f0d3127db90 00000000ebe27218
0x00007f0d3127db60:   00007f0d3127dbd8 00007f0d2b725f98
0x00007f0d3127db70:   00007f0d2b725f98 0000000000002710
0x00007f0d3127db80:   00000000fcdf2588 00000000fb617a08
0x00007f0d3127db90:   00000000fb62cdc0 00007f0d3127db98
0x00007f0d3127dba0:   00000000ebe9e3ea 00007f0d3127dc48
0x00007f0d3127dbb0:   00000000ebea3700 0000000000000000
0x00007f0d3127dbc0:   00000000ebe9e5b0 00007f0d3127db78
0x00007f0d3127dbd0:   00007f0d3127dc40 00007f0d3127dc90
0x00007f0d3127dbe0:   00007f0d2b725f98 0000000000000000
0x00007f0d3127dbf0:   0000000000000000 0000000000000000
0x00007f0d3127dc00:   0000000000000000 0000000000000000
0x00007f0d3127dc10:   0000000000000000 00000000fb617a08
0x00007f0d3127dc20:   0000000000000000 00000000fb62ce30
0x00007f0d3127dc30:   0000000000000001 0000000000002710
0x00007f0d3127dc40:   00000000fcdf2588 00000000fb62cdc0
0x00007f0d3127dc50:   00007f0d3127dc50 00000000ebe8efd0
0x00007f0d3127dc60:   00007f0d3127dcb8 00000000ebe99538
0x00007f0d3127dc70:   0000000000000000 00000000ebe8f098
0x00007f0d3127dc80:   00007f0d3127dc40 00007f0d3127dcb0
0x00007f0d3127dc90:   00007f0d3127dd00 00007f0d2b725f98
0x00007f0d3127dca0:   0000000000000004 000000000000000f 

Instructions: (pc=0x00007f0d2b8b0c6e)
0x00007f0d2b8b0c4e:   0f b7 7c 72 10 8b c2 83 c0 fe 41 0f b7 5c 42 10
0x00007f0d2b8b0c5e:   89 44 24 10 45 8b f2 8b c2 83 c0 fd 89 44 24 14
0x00007f0d2b8b0c6e:   41 0f b7 44 42 10 83 c2 fc 89 54 24 18 41 0f b7
0x00007f0d2b8b0c7e:   6c 56 10 48 ba 78 39 b0 fa 00 00 00 00 41 83 fb 

Register to memory mapping:

RAX=0x00000000ffffffff is an unallocated location in the heap
RBX=0x0000000000000031 is an unknown value
RCX=0x0000000000000000 is an unknown value
RDX=0x0000000000000002 is an unknown value
RSP=0x00007f0d3127dab0 is pointing into the stack for thread: 0x0000000001c92800
RBP=0x00000000fb64cb70 is an oop
org.apache.lucene.analysis.PorterStemmer 
 - klass: 'org/apache/lucene/analysis/PorterStemmer'
RSI=0x0000000000000002 is an unknown value
RDI=0x0000000000000030 is an unknown value
R8 =0x0000000000000032 is an unknown value
R9 =0x00000000fffffffd is an unallocated location in the heap
R10=0x00000000fb64cb98 is an oop
[C 
 - klass: {type array char}
 - length: 50
R11=0x0000000000000030 is an unknown value
R12=0x0000000000000000 is an unknown value
R13=0x0000000000000032 is an unknown value
R14=0x00000000fb64cb98 is an oop
[C 
 - klass: {type array char}
 - length: 50
R15=0x0000000001c92800 is a thread


Stack: [0x00007f0d3117f000,0x00007f0d31280000],  sp=0x00007f0d3127dab0,  free space=1018k
Native frames: (J=compiled Java code, j=interpreted, Vv=VM code, C=native code)
J  org.apache.lucene.analysis.PorterStemFilter.next(Lorg/apache/lucene/analysis/Token;)Lorg/apache/lucene/analysis/Token;


---------------  P R O C E S S  ---------------

Java Threads: ( => current thread )
  0x0000000001f89000 JavaThread "pool-1-thread-1" [_thread_blocked, id=5797, stack(0x00007f0d2953d000,0x00007f0d2963e000)]
  0x0000000001e40800 JavaThread "FinalizableReferenceQueue" daemon [_thread_blocked, id=5796, stack(0x00007f0d2963e000,0x00007f0d2973f000)]
  0x00007f0d240ce000 JavaThread "Service Thread" daemon [_thread_blocked, id=5794, stack(0x00007f0d2a21b000,0x00007f0d2a31c000)]
  0x00007f0d240cb000 JavaThread "C2 CompilerThread1" daemon [_thread_in_native, id=5793, stack(0x00007f0d2a31c000,0x00007f0d2a41d000)]
  0x00007f0d240c8000 JavaThread "C2 CompilerThread0" daemon [_thread_in_native, id=5792, stack(0x00007f0d2a41d000,0x00007f0d2a51e000)]
  0x00007f0d240c6000 JavaThread "Signal Dispatcher" daemon [_thread_blocked, id=5791, stack(0x00007f0d2a51e000,0x00007f0d2a61f000)]
  0x00007f0d2407c000 JavaThread "Finalizer" daemon [_thread_blocked, id=5790, stack(0x00007f0d2a794000,0x00007f0d2a895000)]
  0x00007f0d2407a000 JavaThread "Reference Handler" daemon [_thread_blocked, id=5789, stack(0x00007f0d2a895000,0x00007f0d2a996000)]
=>0x0000000001c92800 JavaThread "main" [_thread_in_Java, id=5783, stack(0x00007f0d3117f000,0x00007f0d31280000)]

Other Threads:
  0x00007f0d24072000 VMThread [stack: 0x00007f0d2a996000,0x00007f0d2aa97000] [id=5788]
  0x00007f0d240d8800 WatcherThread [stack: 0x00007f0d2a11a000,0x00007f0d2a21b000] [id=5795]

VM state:not at safepoint (normal execution)

VM Mutex/Monitor currently owned by a thread: None

Heap
 PSYoungGen      total 36032K, used 17333K [0x00000000faab0000, 0x00000000fd2e0000, 0x0000000100000000)
  eden space 30912K, 39% used [0x00000000faab0000,0x00000000fb6a1288,0x00000000fc8e0000)
  from space 5120K, 99% used [0x00000000fcde0000,0x00000000fd2dc448,0x00000000fd2e0000)
  to   space 5120K, 0% used [0x00000000fc8e0000,0x00000000fc8e0000,0x00000000fcde0000)
 PSOldGen        total 82368K, used 417K [0x00000000f0000000, 0x00000000f5070000, 0x00000000faab0000)
  object space 82368K, 0% used [0x00000000f0000000,0x00000000f00684b8,0x00000000f5070000)
 PSPermGen       total 21248K, used 17264K [0x00000000eae00000, 0x00000000ec2c0000, 0x00000000f0000000)
  object space 21248K, 81% used [0x00000000eae00000,0x00000000ebedc0b8,0x00000000ec2c0000)

Code Cache  [0x00007f0d2b720000, 0x00007f0d2b990000, 0x00007f0d2e720000)
 total_blobs=794 nmethods=439 adapters=307 free_code_cache=47374Kb largest_free_block=48478272

Dynamic libraries:
00400000-00401000 r-xp 00000000 09:01 1310905                            /usr/lib/java_sdk/bin/java
00600000-00601000 rw-p 00000000 09:01 1310905                            /usr/lib/java_sdk/bin/java
01c88000-02eae000 rw-p 00000000 00:00 0                                  [heap]
eae00000-ec2c0000 rw-p 00000000 00:00 0 
ec2c0000-f0000000 rw-p 00000000 00:00 0 
f0000000-f5070000 rw-p 00000000 00:00 0 
f5070000-faab0000 rw-p 00000000 00:00 0 
faab0000-fd2e0000 rw-p 00000000 00:00 0 
fd2e0000-ff110000 ---p 00000000 00:00 0 
ff110000-100000000 rw-p 00000000 00:00 0 
7f0d24000000-7f0d25750000 rw-p 00000000 00:00 0 
7f0d25750000-7f0d28000000 ---p 00000000 00:00 0 
7f0d29433000-7f0d29436000 ---p 00000000 00:00 0 
7f0d29436000-7f0d29534000 rw-p 00000000 00:00 0 
7f0d29534000-7f0d2953d000 r--s 00254000 09:01 1313053                    /usr/lib/java_sdk/jre/lib/resources.jar
7f0d2953d000-7f0d29540000 ---p 00000000 00:00 0 
7f0d29540000-7f0d2963e000 rw-p 00000000 00:00 0 
7f0d2963e000-7f0d29641000 ---p 00000000 00:00 0 
7f0d29641000-7f0d2973f000 rw-p 00000000 00:00 0 
7f0d2973f000-7f0d29743000 r--s 00010000 09:01 396808                     /dados/dspace/lib/xmlParserAPIs-2.0.2.jar
7f0d29743000-7f0d2974b000 r--s 00028000 09:01 396807                     /dados/dspace/lib/xml-apis-1.3.02.jar
7f0d2974b000-7f0d29762000 r--s 00112000 09:01 396806                     /dados/dspace/lib/xercesImpl-2.8.1.jar
7f0d29762000-7f0d29780000 r--s 0027d000 09:01 396805                     /dados/dspace/lib/xalan-2.7.0.jar
7f0d29780000-7f0d29787000 r--s 00079000 09:01 396804                     /dados/dspace/lib/wstx-asl-3.2.7.jar
7f0d29787000-7f0d2978e000 r--s 0007a000 09:01 396803                     /dados/dspace/lib/utils-1.07.00.jar
7f0d2978e000-7f0d29791000 r--s 00036000 09:01 396802                     /dados/dspace/lib/tm-extractors-0.4.jar
7f0d29791000-7f0d29794000 r--s 00019000 09:01 396801                     /dados/dspace/lib/stax-utils-20040917.jar
7f0d29794000-7f0d29796000 r--s 00005000 09:01 396800                     /dados/dspace/lib/stax-api-1.0.1.jar
7f0d29796000-7f0d297a6000 r-xp 00000000 09:01 1312403                    /usr/lib/java_sdk/jre/lib/amd64/libnio.so
7f0d297a6000-7f0d299a6000 ---p 00010000 09:01 1312403                    /usr/lib/java_sdk/jre/lib/amd64/libnio.so
7f0d299a6000-7f0d299a7000 rw-p 00010000 09:01 1312403                    /usr/lib/java_sdk/jre/lib/amd64/libnio.so
7f0d299a7000-7f0d299bc000 r-xp 00000000 09:01 1312388                    /usr/lib/java_sdk/jre/lib/amd64/libnet.so
7f0d299bc000-7f0d29bbc000 ---p 00015000 09:01 1312388                    /usr/lib/java_sdk/jre/lib/amd64/libnet.so
7f0d29bbc000-7f0d29bbd000 rw-p 00015000 09:01 1312388                    /usr/lib/java_sdk/jre/lib/amd64/libnet.so
7f0d29bbd000-7f0d29bc5000 r-xp 00000000 09:01 1312412                    /usr/lib/java_sdk/jre/lib/amd64/libmanagement.so
7f0d29bc5000-7f0d29dc4000 ---p 00008000 09:01 1312412                    /usr/lib/java_sdk/jre/lib/amd64/libmanagement.so
7f0d29dc4000-7f0d29dc5000 rw-p 00007000 09:01 1312412                    /usr/lib/java_sdk/jre/lib/amd64/libmanagement.so
7f0d29dc5000-7f0d29dc7000 r-xp 00000000 09:01 917545                     /usr/lib/gconv/ISO8859-1.so
7f0d29dc7000-7f0d29fc6000 ---p 00002000 09:01 917545                     /usr/lib/gconv/ISO8859-1.so
7f0d29fc6000-7f0d29fc7000 r--p 00001000 09:01 917545                     /usr/lib/gconv/ISO8859-1.so
7f0d29fc7000-7f0d29fc8000 rw-p 00002000 09:01 917545                     /usr/lib/gconv/ISO8859-1.so
7f0d29fc8000-7f0d29fcf000 r--s 00000000 09:01 918774                     /usr/lib/gconv/gconv-modules.cache
7f0d29fcf000-7f0d29fe4000 r--p 00000000 09:01 923885                     /usr/share/locale/pt_BR/LC_MESSAGES/libc.mo
7f0d29fe4000-7f0d29fe6000 r--s 00001000 09:01 396790                     /dados/dspace/lib/slf4j-jdk14-1.5.6.jar
7f0d29fe6000-7f0d29fe8000 r--s 00004000 09:01 396789                     /dados/dspace/lib/slf4j-api-1.5.6.jar
7f0d29fe8000-7f0d29feb000 r--s 00011000 09:01 396788                     /dados/dspace/lib/servlet-api-2.3.jar
7f0d29feb000-7f0d29fef000 r--s 00032000 09:01 396787                     /dados/dspace/lib/rome-1.0.jar
7f0d29fef000-7f0d29ff7000 r--s 0005e000 09:01 396786                     /dados/dspace/lib/reflectutils-0.9.10.jar
7f0d29ff7000-7f0d29ffc000 r--s 0005e000 09:01 396785                     /dados/dspace/lib/postgresql-8.1-408.jdbc3.jar
7f0d29ffc000-7f0d2a008000 r--s 000b8000 09:01 396784                     /dados/dspace/lib/poi-2.5.1-final-20040804.jar
7f0d2a008000-7f0d2a016000 r--s 0031d000 09:01 396783                     /dados/dspace/lib/pdfbox-0.7.3.jar
7f0d2a016000-7f0d2a018000 r--s 0000e000 09:01 396782                     /dados/dspace/lib/oro-2.0.8.jar
7f0d2a018000-7f0d2a019000 r--s 00003000 09:01 396781                     /dados/dspace/lib/oclc-harvester2-0.1.12.jar
7f0d2a019000-7f0d2a020000 r--s 00037000 09:01 396780                     /dados/dspace/lib/modules-0.3.2.jar
7f0d2a020000-7f0d2a022000 r--s 0001d000 09:01 396779                     /dados/dspace/lib/mets-1.5.2.jar
7f0d2a022000-7f0d2a028000 r--s 00059000 09:01 396778                     /dados/dspace/lib/mail-1.4.jar
7f0d2a028000-7f0d2a029000 r--s 00004000 09:01 396777                     /dados/dspace/lib/lucene-spellchecker-2.9.1.jar
7f0d2a029000-7f0d2a02b000 r--s 0001b000 09:01 396776                     /dados/dspace/lib/lucene-snowball-2.9.1.jar
7f0d2a02b000-7f0d2a02c000 r--s 00008000 09:01 396775                     /dados/dspace/lib/lucene-queries-2.9.1.jar
7f0d2a02c000-7f0d2a02e000 r--s 0000d000 09:01 396774                     /dados/dspace/lib/lucene-misc-2.9.1.jar
7f0d2a02e000-7f0d2a030000 r--s 0000c000 09:01 396773                     /dados/dspace/lib/lucene-memory-2.9.1.jar
7f0d2a030000-7f0d2a032000 r--s 0000a000 09:01 396772                     /dados/dspace/lib/lucene-highlighter-2.9.1.jar
7f0d2a032000-7f0d2a03e000 r--s 00097000 09:01 396771                     /dados/dspace/lib/lucene-core-2.3.0.jar
7f0d2a03e000-7f0d2a040000 r--s 00012000 09:01 396770                     /dados/dspace/lib/lucene-analyzers-2.3.0.jar
7f0d2a040000-7f0d2a047000 r--s 00053000 09:01 396769                     /dados/dspace/lib/log4j-1.2.14.jar
7f0d2a047000-7f0d2a049000 r--s 00001000 09:01 396768                     /dados/dspace/lib/jsr107cache-1.0.jar
7f0d2a049000-7f0d2a04b000 r--s 00009000 09:01 396767                     /dados/dspace/lib/jempbox-0.2.0.jar
7f0d2a04b000-7f0d2a04e000 r--s 00023000 09:01 396766                     /dados/dspace/lib/jdom-1.0.jar
7f0d2a04e000-7f0d2a054000 r--s 00032000 09:01 396765                     /dados/dspace/lib/jaxen-1.1.jar
7f0d2a054000-7f0d2a057000 r--s 0004d000 09:01 396764                     /dados/dspace/lib/jargon-1.4.25.jar
7f0d2a057000-7f0d2a070000 r--s 002fd000 09:01 396763                     /dados/dspace/lib/icu4j-3.4.4.jar
7f0d2a070000-7f0d2a07a000 r--s 000cf000 09:01 396762                     /dados/dspace/lib/handle-6.2.jar
7f0d2a07a000-7f0d2a07c000 r--s 00006000 09:01 396761                     /dados/dspace/lib/geronimo-stax-api_1.0_spec-1.0.1.jar
7f0d2a07c000-7f0d2a07e000 r--s 0000e000 09:01 396760                     /dados/dspace/lib/fontbox-0.1.0.jar
7f0d2a07e000-7f0d2a083000 r--s 0003c000 09:01 396759                     /dados/dspace/lib/ehcache-1.5.0.jar
7f0d2a083000-7f0d2a085000 r--s 00013000 09:01 396758                     /dados/dspace/lib/dspace-stats-1.6.2.jar
7f0d2a085000-7f0d2a089000 r--s 0001d000 09:01 396757                     /dados/dspace/lib/dspace-solr-solrj-1.4.0.1-20100225.132255-3.jar
7f0d2a089000-7f0d2a08c000 r--s 00017000 09:01 396756                     /dados/dspace/lib/dspace-solr-common-1.4.0.1-20100225.132255-4.jar
7f0d2a08c000-7f0d2a08d000 r--s 00003000 09:01 396755                     /dados/dspace/lib/dspace-services-utils-2.0.1.jar
7f0d2a08d000-7f0d2a08f000 r--s 00016000 09:01 396754                     /dados/dspace/lib/dspace-services-impl-2.0.1.jar
7f0d2a08f000-7f0d2a092000 r--s 00009000 09:01 396753                     /dados/dspace/lib/dspace-services-api-2.0.1.jar
7f0d2a092000-7f0d2a094000 r--s 00022000 09:01 396752                     /dados/dspace/lib/dspace-geoip-1.2.3.jar
7f0d2a094000-7f0d2a096000 r--s 0009c000 09:01 396751                     /dados/dspace/lib/dspace-api-lang-1.6.2.0.jar
7f0d2a096000-7f0d2a0a0000 r--s 000e0000 09:01 396750                     /dados/dspace/lib/dspace-api-1.6.2.jar
7f0d2a0a0000-7f0d2a0a5000 r--s 00048000 09:01 396749                     /dados/dspace/lib/dom4j-1.6.1.jar
7f0d2a0a5000-7f0d2a0a9000 r--s 0003e000 09:01 396748                     /dados/dspace/lib/dnsjava-2.0.6.jar
7f0d2a0a9000-7f0d2a0ab000 r--s 00005000 09:01 396747                     /dados/dspace/lib/discovery-solr-provider-0.9.2-SNAPSHOT.jar
7f0d2a0ab000-7f0d2a0ae000 r--s 00013000 09:01 396746                     /dados/dspace/lib/commons-pool-1.4.jar
7f0d2a0ae000-7f0d2a0af000 r--s 00005000 09:01 396745                     /dados/dspace/lib/commons-logging-1.0.jar
7f0d2a0af000-7f0d2a0b3000 r--s 00038000 09:01 396744                     /dados/dspace/lib/commons-lang-2.2.jar
7f0d2a0b3000-7f0d2a0b6000 r--s 00018000 09:01 396743                     /dados/dspace/lib/commons-io-1.4.jar
7f0d2a0b6000-7f0d2a0b9000 r--s 00013000 09:01 396742                     /dados/dspace/lib/commons-io-1.3.2.jar
7f0d2a0b9000-7f0d2a0bf000 r--s 00045000 09:01 396741                     /dados/dspace/lib/commons-httpclient-3.1.jar
7f0d2a0bf000-7f0d2a0c2000 r--s 0000c000 09:01 396740                     /dados/dspace/lib/commons-fileupload-1.2.1.jar
7f0d2a0c2000-7f0d2a0c4000 r--s 0001c000 09:01 396739                     /dados/dspace/lib/commons-dbcp-1.2.2.jar
7f0d2a0c4000-7f0d2a0d1000 r--s 0007f000 09:01 396738                     /dados/dspace/lib/commons-collections-3.2.jar
7f0d2a0d1000-7f0d2a0d3000 r--s 0000a000 09:01 396737                     /dados/dspace/lib/commons-codec-1.3.jar
7f0d2a0d3000-7f0d2a0d5000 r--s 00006000 09:01 396736                     /dados/dspace/lib/commons-cli-1.0.jar
7f0d2a0d5000-7f0d2a0f4000 r--s 00138000 09:01 396735                     /dados/dspace/lib/bcprov-jdk14-136.jar
7f0d2a0f4000-7f0d2a0f9000 r--s 0002a000 09:01 396734                     /dados/dspace/lib/bcmail-jdk14-136.jar
7f0d2a0f9000-7f0d2a101000 r--s 00049000 09:01 396733                     /dados/dspace/lib/backport-util-concurrent-3.1.jar
7f0d2a101000-7f0d2a103000 r--s 00000000 09:01 396732                     /dados/dspace/lib/aopalliance-1.0.jar
7f0d2a103000-7f0d2a104000 r--s 00002000 09:01 396731                     /dados/dspace/lib/ant-launcher-1.7.1.jar
7f0d2a104000-7f0d2a118000 r--s 0012f000 09:01 396730                     /dados/dspace/lib/ant-1.7.1.jar
7f0d2a118000-7f0d2a11a000 r--s 0000e000 09:01 396729                     /dados/dspace/lib/activation-1.1.jar
7f0d2a11a000-7f0d2a11b000 ---p 00000000 00:00 0 
7f0d2a11b000-7f0d2a21b000 rw-p 00000000 00:00 0 
7f0d2a21b000-7f0d2a21e000 ---p 00000000 00:00 0 
7f0d2a21e000-7f0d2a31c000 rw-p 00000000 00:00 0 
7f0d2a31c000-7f0d2a31f000 ---p 00000000 00:00 0 
7f0d2a31f000-7f0d2a41d000 rw-p 00000000 00:00 0 
7f0d2a41d000-7f0d2a420000 ---p 00000000 00:00 0 
7f0d2a420000-7f0d2a51e000 rw-p 00000000 00:00 0 
7f0d2a51e000-7f0d2a521000 ---p 00000000 00:00 0 
7f0d2a521000-7f0d2a61f000 rw-p 00000000 00:00 0 
7f0d2a61f000-7f0d2a794000 r--p 00000000 09:01 1050053                    /usr/lib/locale/locale-archive
7f0d2a794000-7f0d2a797000 ---p 00000000 00:00 0 
7f0d2a797000-7f0d2a895000 rw-p 00000000 00:00 0 
7f0d2a895000-7f0d2a898000 ---p 00000000 00:00 0 
7f0d2a898000-7f0d2a996000 rw-p 00000000 00:00 0 
7f0d2a996000-7f0d2a997000 ---p 00000000 00:00 0 
7f0d2a997000-7f0d2b00c000 rw-p 00000000 00:00 0 
7f0d2b00c000-7f0d2b1cb000 r--s 039fa000 09:01 1312380                    /usr/lib/java_sdk/jre/lib/rt.jar
7f0d2b1cb000-7f0d2b1f3000 rw-p 00000000 00:00 0 
7f0d2b1f3000-7f0d2b1f4000 ---p 00000000 00:00 0 
7f0d2b1f4000-7f0d2b2f4000 rw-p 00000000 00:00 0 
7f0d2b2f4000-7f0d2b2f5000 ---p 00000000 00:00 0 
7f0d2b2f5000-7f0d2b3f5000 rw-p 00000000 00:00 0 
7f0d2b3f5000-7f0d2b3f6000 ---p 00000000 00:00 0 
7f0d2b3f6000-7f0d2b4f6000 rw-p 00000000 00:00 0 
7f0d2b4f6000-7f0d2b4f7000 ---p 00000000 00:00 0 
7f0d2b4f7000-7f0d2b602000 rw-p 00000000 00:00 0 
7f0d2b602000-7f0d2b620000 rw-p 00000000 00:00 0 
7f0d2b620000-7f0d2b649000 rw-p 00000000 00:00 0 
7f0d2b649000-7f0d2b676000 rw-p 00000000 00:00 0 
7f0d2b676000-7f0d2b681000 rw-p 00000000 00:00 0 
7f0d2b681000-7f0d2b69f000 rw-p 00000000 00:00 0 
7f0d2b69f000-7f0d2b6c8000 rw-p 00000000 00:00 0 
7f0d2b6c8000-7f0d2b6f4000 rw-p 00000000 00:00 0 
7f0d2b6f4000-7f0d2b709000 rw-p 00000000 00:00 0 
7f0d2b709000-7f0d2b718000 ---p 00000000 00:00 0 
7f0d2b718000-7f0d2b71f000 rw-p 00000000 00:00 0 
7f0d2b71f000-7f0d2b720000 rw-p 00000000 00:00 0 
7f0d2b720000-7f0d2b990000 rwxp 00000000 00:00 0 
7f0d2b990000-7f0d2e720000 rw-p 00000000 00:00 0 
7f0d2e720000-7f0d2e73a000 r-xp 00000000 09:01 1312401                    /usr/lib/java_sdk/jre/lib/amd64/libzip.so
7f0d2e73a000-7f0d2e93a000 ---p 0001a000 09:01 1312401                    /usr/lib/java_sdk/jre/lib/amd64/libzip.so
7f0d2e93a000-7f0d2e93b000 rw-p 0001a000 09:01 1312401                    /usr/lib/java_sdk/jre/lib/amd64/libzip.so
7f0d2e93b000-7f0d2e946000 r-xp 00000000 09:01 5111816                    /lib/libnss_files-2.11.2.so
7f0d2e946000-7f0d2eb45000 ---p 0000b000 09:01 5111816                    /lib/libnss_files-2.11.2.so
7f0d2eb45000-7f0d2eb46000 r--p 0000a000 09:01 5111816                    /lib/libnss_files-2.11.2.so
7f0d2eb46000-7f0d2eb47000 rw-p 0000b000 09:01 5111816                    /lib/libnss_files-2.11.2.so
7f0d2eb47000-7f0d2eb51000 r-xp 00000000 09:01 5111813                    /lib/libnss_nis-2.11.2.so
7f0d2eb51000-7f0d2ed50000 ---p 0000a000 09:01 5111813                    /lib/libnss_nis-2.11.2.so
7f0d2ed50000-7f0d2ed51000 r--p 00009000 09:01 5111813                    /lib/libnss_nis-2.11.2.so
7f0d2ed51000-7f0d2ed52000 rw-p 0000a000 09:01 5111813                    /lib/libnss_nis-2.11.2.so
7f0d2ed52000-7f0d2ed67000 r-xp 00000000 09:01 5111829                    /lib/libnsl-2.11.2.so
7f0d2ed67000-7f0d2ef66000 ---p 00015000 09:01 5111829                    /lib/libnsl-2.11.2.so
7f0d2ef66000-7f0d2ef67000 r--p 00014000 09:01 5111829                    /lib/libnsl-2.11.2.so
7f0d2ef67000-7f0d2ef68000 rw-p 00015000 09:01 5111829                    /lib/libnsl-2.11.2.so
7f0d2ef68000-7f0d2ef6a000 rw-p 00000000 00:00 0 
7f0d2ef6a000-7f0d2ef71000 r-xp 00000000 09:01 5111826                    /lib/libnss_compat-2.11.2.so
7f0d2ef71000-7f0d2f170000 ---p 00007000 09:01 5111826                    /lib/libnss_compat-2.11.2.so
7f0d2f170000-7f0d2f171000 r--p 00006000 09:01 5111826                    /lib/libnss_compat-2.11.2.so
7f0d2f171000-7f0d2f172000 rw-p 00007000 09:01 5111826                    /lib/libnss_compat-2.11.2.so
7f0d2f172000-7f0d2f19b000 r-xp 00000000 09:01 1312422                    /usr/lib/java_sdk/jre/lib/amd64/libjava.so
7f0d2f19b000-7f0d2f39b000 ---p 00029000 09:01 1312422                    /usr/lib/java_sdk/jre/lib/amd64/libjava.so
7f0d2f39b000-7f0d2f39d000 rw-p 00029000 09:01 1312422                    /usr/lib/java_sdk/jre/lib/amd64/libjava.so
7f0d2f39d000-7f0d2f3ac000 r-xp 00000000 09:01 1312389                    /usr/lib/java_sdk/jre/lib/amd64/libverify.so
7f0d2f3ac000-7f0d2f5ab000 ---p 0000f000 09:01 1312389                    /usr/lib/java_sdk/jre/lib/amd64/libverify.so
7f0d2f5ab000-7f0d2f5ad000 rw-p 0000e000 09:01 1312389                    /usr/lib/java_sdk/jre/lib/amd64/libverify.so
7f0d2f5ad000-7f0d2f5b4000 r-xp 00000000 09:01 5111821                    /lib/librt-2.11.2.so
7f0d2f5b4000-7f0d2f7b3000 ---p 00007000 09:01 5111821                    /lib/librt-2.11.2.so
7f0d2f7b3000-7f0d2f7b4000 r--p 00006000 09:01 5111821                    /lib/librt-2.11.2.so
7f0d2f7b4000-7f0d2f7b5000 rw-p 00007000 09:01 5111821                    /lib/librt-2.11.2.so
7f0d2f7b5000-7f0d2f835000 r-xp 00000000 09:01 5111828                    /lib/libm-2.11.2.so
7f0d2f835000-7f0d2fa35000 ---p 00080000 09:01 5111828                    /lib/libm-2.11.2.so
7f0d2fa35000-7f0d2fa36000 r--p 00080000 09:01 5111828                    /lib/libm-2.11.2.so
7f0d2fa36000-7f0d2fa37000 rw-p 00081000 09:01 5111828                    /lib/libm-2.11.2.so
7f0d2fa37000-7f0d30407000 r-xp 00000000 09:01 1312425                    /usr/lib/java_sdk/jre/lib/amd64/server/libjvm.so
7f0d30407000-7f0d30607000 ---p 009d0000 09:01 1312425                    /usr/lib/java_sdk/jre/lib/amd64/server/libjvm.so
7f0d30607000-7f0d306a2000 rw-p 009d0000 09:01 1312425                    /usr/lib/java_sdk/jre/lib/amd64/server/libjvm.so
7f0d306a2000-7f0d306db000 rw-p 00000000 00:00 0 
7f0d306db000-7f0d30833000 r-xp 00000000 09:01 5111819                    /lib/libc-2.11.2.so
7f0d30833000-7f0d30a32000 ---p 00158000 09:01 5111819                    /lib/libc-2.11.2.so
7f0d30a32000-7f0d30a36000 r--p 00157000 09:01 5111819                    /lib/libc-2.11.2.so
7f0d30a36000-7f0d30a37000 rw-p 0015b000 09:01 5111819                    /lib/libc-2.11.2.so
7f0d30a37000-7f0d30a3c000 rw-p 00000000 00:00 0 
7f0d30a3c000-7f0d30a3e000 r-xp 00000000 09:01 5111818                    /lib/libdl-2.11.2.so
7f0d30a3e000-7f0d30c3e000 ---p 00002000 09:01 5111818                    /lib/libdl-2.11.2.so
7f0d30c3e000-7f0d30c3f000 r--p 00002000 09:01 5111818                    /lib/libdl-2.11.2.so
7f0d30c3f000-7f0d30c40000 rw-p 00003000 09:01 5111818                    /lib/libdl-2.11.2.so
7f0d30c40000-7f0d30c56000 r-xp 00000000 09:01 1312414                    /usr/lib/java_sdk/jre/lib/amd64/jli/libjli.so
7f0d30c56000-7f0d30e55000 ---p 00016000 09:01 1312414                    /usr/lib/java_sdk/jre/lib/amd64/jli/libjli.so
7f0d30e55000-7f0d30e56000 rw-p 00015000 09:01 1312414                    /usr/lib/java_sdk/jre/lib/amd64/jli/libjli.so
7f0d30e56000-7f0d30e6d000 r-xp 00000000 09:01 5111820                    /lib/libpthread-2.11.2.so
7f0d30e6d000-7f0d3106c000 ---p 00017000 09:01 5111820                    /lib/libpthread-2.11.2.so
7f0d3106c000-7f0d3106d000 r--p 00016000 09:01 5111820                    /lib/libpthread-2.11.2.so
7f0d3106d000-7f0d3106e000 rw-p 00017000 09:01 5111820                    /lib/libpthread-2.11.2.so
7f0d3106e000-7f0d31072000 rw-p 00000000 00:00 0 
7f0d31072000-7f0d31090000 r-xp 00000000 09:01 5111831                    /lib/ld-2.11.2.so
7f0d31090000-7f0d31093000 r--s 00029000 09:01 396799                     /dados/dspace/lib/stax-1.2.0.jar
7f0d31093000-7f0d31099000 r--s 00040000 09:01 396798                     /dados/dspace/lib/spring-core-2.5.6.jar
7f0d31099000-7f0d3109c000 r--s 00015000 09:01 396797                     /dados/dspace/lib/spring-context-support-2.5.6.jar
7f0d3109c000-7f0d310a8000 r--s 00069000 09:01 396796                     /dados/dspace/lib/spring-context-2.5.6.jar
7f0d310a8000-7f0d310b2000 r--s 0006e000 09:01 396795                     /dados/dspace/lib/spring-beans-2.5.6.jar
7f0d310b2000-7f0d310b5000 r--s 00015000 09:01 396794                     /dados/dspace/lib/solr-solrj-1.3.0.jar
7f0d310b5000-7f0d310b7000 r--s 00004000 09:01 396793                     /dados/dspace/lib/solr-commons-csv-1.4.0.jar
7f0d310b7000-7f0d310c1000 rw-p 00000000 00:00 0 
7f0d310c1000-7f0d31177000 rw-p 00000000 00:00 0 
7f0d31177000-7f0d3117f000 rw-s 00000000 09:01 4849671                    /tmp/hsperfdata_root/5782
7f0d3117f000-7f0d31182000 ---p 00000000 00:00 0 
7f0d31182000-7f0d31284000 rw-p 00000000 00:00 0 
7f0d31284000-7f0d31286000 r--s 00014000 09:01 396792                     /dados/dspace/lib/solr-common-1.3.0.jar
7f0d31286000-7f0d31287000 r--s 00002000 09:01 396791                     /dados/dspace/lib/slf4j-log4j12-1.5.6.jar
7f0d31287000-7f0d3128b000 r--s 00088000 09:01 1312331                    /usr/lib/java_sdk/jre/lib/jsse.jar
7f0d3128b000-7f0d3128c000 rw-p 00000000 00:00 0 
7f0d3128c000-7f0d3128d000 r--p 00000000 00:00 0 
7f0d3128d000-7f0d3128f000 rw-p 00000000 00:00 0 
7f0d3128f000-7f0d31290000 r--p 0001d000 09:01 5111831                    /lib/ld-2.11.2.so
7f0d31290000-7f0d31291000 rw-p 0001e000 09:01 5111831                    /lib/ld-2.11.2.so
7f0d31291000-7f0d31292000 rw-p 00000000 00:00 0 
7fffb899f000-7fffb89b5000 rw-p 00000000 00:00 0                          [stack]
7fffb89c4000-7fffb89c5000 r-xp 00000000 00:00 0                          [vdso]
ffffffffff600000-ffffffffff601000 r-xp 00000000 00:00 0                  [vsyscall]

VM Arguments:
jvm_args: -Xmx256m -Djava.util.logging.config.file=$DSPACEDIR/config/logging.properties 
java_command: org.dspace.app.launcher.ScriptLauncher index-update
Launcher Type: SUN_STANDARD

Environment Variables:
JAVA_HOME=/usr/lib/java_sdk
PATH=/etc/alternatives/apache-maven/bin:/usr/lib/java_sdk/bin:/etc/alternatives/apache-ant/bin:/usr/local/sbin:/usr/local/bin:/usr/sbin:/usr/bin:/sbin:/bin
USERNAME=root
SHELL=/bin/bash

Signal Handlers:
SIGSEGV: [libjvm.so+0x84be70], sa_mask[0]=0x7ffbfeff, sa_flags=0x10000004
SIGBUS: [libjvm.so+0x84be70], sa_mask[0]=0x7ffbfeff, sa_flags=0x10000004
SIGFPE: [libjvm.so+0x6f3820], sa_mask[0]=0x7ffbfeff, sa_flags=0x10000004
SIGPIPE: [libjvm.so+0x6f3820], sa_mask[0]=0x7ffbfeff, sa_flags=0x10000004
SIGXFSZ: [libjvm.so+0x6f3820], sa_mask[0]=0x7ffbfeff, sa_flags=0x10000004
SIGILL: [libjvm.so+0x6f3820], sa_mask[0]=0x7ffbfeff, sa_flags=0x10000004
SIGUSR1: SIG_DFL, sa_mask[0]=0x00000000, sa_flags=0x00000000
SIGUSR2: [libjvm.so+0x6f3190], sa_mask[0]=0x00000000, sa_flags=0x10000004
SIGHUP: [libjvm.so+0x6f5650], sa_mask[0]=0x7ffbfeff, sa_flags=0x10000004
SIGINT: [libjvm.so+0x6f5650], sa_mask[0]=0x7ffbfeff, sa_flags=0x10000004
SIGTERM: [libjvm.so+0x6f5650], sa_mask[0]=0x7ffbfeff, sa_flags=0x10000004
SIGQUIT: [libjvm.so+0x6f5650], sa_mask[0]=0x7ffbfeff, sa_flags=0x10000004


---------------  S Y S T E M  ---------------

OS:6.0.3

uname:Linux 2.6.32-5-amd64 #1 SMP Mon Oct 3 03:59:20 UTC 2011 x86_64
libc:glibc 2.11.2 NPTL 2.11.2 
rlimit: STACK 8192k, CORE infinity, NPROC infinity, NOFILE 1024, AS infinity
load average:0,36 0,21 0,12

/proc/meminfo:
MemTotal:        7903644 kB
MemFree:         6745996 kB
Buffers:           97156 kB
Cached:           461080 kB
SwapCached:            0 kB
Active:           670860 kB
Inactive:         386488 kB
Active(anon):     505064 kB
Inactive(anon):     3588 kB
Active(file):     165796 kB
Inactive(file):   382900 kB
Unevictable:           0 kB
Mlocked:               0 kB
SwapTotal:      15624052 kB
SwapFree:       15624052 kB
Dirty:               836 kB
Writeback:             0 kB
AnonPages:        499484 kB
Mapped:            36284 kB
Shmem:              9508 kB
Slab:              47008 kB
SReclaimable:      30784 kB
SUnreclaim:        16224 kB
KernelStack:        1960 kB
PageTables:         6356 kB
NFS_Unstable:          0 kB
Bounce:                0 kB
WritebackTmp:          0 kB
CommitLimit:    19575872 kB
Committed_AS:    1305572 kB
VmallocTotal:   34359738367 kB
VmallocUsed:      113860 kB
VmallocChunk:   34359621204 kB
HardwareCorrupted:     0 kB
HugePages_Total:       0
HugePages_Free:        0
HugePages_Rsvd:        0
HugePages_Surp:        0
Hugepagesize:       2048 kB
DirectMap4k:       10240 kB
DirectMap2M:     8361984 kB


CPU:total 4 (4 cores per cpu, 1 threads per core) family 6 model 42 stepping 7, cmov, cx8, fxsr, mmx, sse, sse2, sse3, ssse3, sse4.1, sse4.2, popcnt

/proc/cpuinfo:
processor	: 0
vendor_id	: GenuineIntel
cpu family	: 6
model		: 42
model name	: Intel(R) Xeon(R) CPU E31220 @ 3.10GHz
stepping	: 7
cpu MHz		: 3093.108
cache size	: 8192 KB
physical id	: 0
siblings	: 4
core id		: 0
cpu cores	: 4
apicid		: 0
initial apicid	: 0
fpu		: yes
fpu_exception	: yes
cpuid level	: 13
wp		: yes
flags		: fpu vme de pse tsc msr pae mce cx8 apic sep mtrr pge mca cmov pat pse36 clflush dts acpi mmx fxsr sse sse2 ss ht tm pbe syscall nx rdtscp lm constant_tsc arch_perfmon pebs bts rep_good xtopology nonstop_tsc aperfmperf pni pclmulqdq dtes64 monitor ds_cpl vmx smx est tm2 ssse3 cx16 xtpr pdcm sse4_1 sse4_2 x2apic popcnt aes xsave avx lahf_lm ida arat tpr_shadow vnmi flexpriority ept vpid
bogomips	: 6186.21
clflush size	: 64
cache_alignment	: 64
address sizes	: 36 bits physical, 48 bits virtual
power management:

processor	: 1
vendor_id	: GenuineIntel
cpu family	: 6
model		: 42
model name	: Intel(R) Xeon(R) CPU E31220 @ 3.10GHz
stepping	: 7
cpu MHz		: 3093.108
cache size	: 8192 KB
physical id	: 0
siblings	: 4
core id		: 1
cpu cores	: 4
apicid		: 2
initial apicid	: 2
fpu		: yes
fpu_exception	: yes
cpuid level	: 13
wp		: yes
flags		: fpu vme de pse tsc msr pae mce cx8 apic sep mtrr pge mca cmov pat pse36 clflush dts acpi mmx fxsr sse sse2 ss ht tm pbe syscall nx rdtscp lm constant_tsc arch_perfmon pebs bts rep_good xtopology nonstop_tsc aperfmperf pni pclmulqdq dtes64 monitor ds_cpl vmx smx est tm2 ssse3 cx16 xtpr pdcm sse4_1 sse4_2 x2apic popcnt aes xsave avx lahf_lm ida arat tpr_shadow vnmi flexpriority ept vpid
bogomips	: 6185.65
clflush size	: 64
cache_alignment	: 64
address sizes	: 36 bits physical, 48 bits virtual
power management:

processor	: 2
vendor_id	: GenuineIntel
cpu family	: 6
model		: 42
model name	: Intel(R) Xeon(R) CPU E31220 @ 3.10GHz
stepping	: 7
cpu MHz		: 3093.108
cache size	: 8192 KB
physical id	: 0
siblings	: 4
core id		: 2
cpu cores	: 4
apicid		: 4
initial apicid	: 4
fpu		: yes
fpu_exception	: yes
cpuid level	: 13
wp		: yes
flags		: fpu vme de pse tsc msr pae mce cx8 apic sep mtrr pge mca cmov pat pse36 clflush dts acpi mmx fxsr sse sse2 ss ht tm pbe syscall nx rdtscp lm constant_tsc arch_perfmon pebs bts rep_good xtopology nonstop_tsc aperfmperf pni pclmulqdq dtes64 monitor ds_cpl vmx smx est tm2 ssse3 cx16 xtpr pdcm sse4_1 sse4_2 x2apic popcnt aes xsave avx lahf_lm ida arat tpr_shadow vnmi flexpriority ept vpid
bogomips	: 6185.66
clflush size	: 64
cache_alignment	: 64
address sizes	: 36 bits physical, 48 bits virtual
power management:

processor	: 3
vendor_id	: GenuineIntel
cpu family	: 6
model		: 42
model name	: Intel(R) Xeon(R) CPU E31220 @ 3.10GHz
stepping	: 7
cpu MHz		: 3093.108
cache size	: 8192 KB
physical id	: 0
siblings	: 4
core id		: 3
cpu cores	: 4
apicid		: 6
initial apicid	: 6
fpu		: yes
fpu_exception	: yes
cpuid level	: 13
wp		: yes
flags		: fpu vme de pse tsc msr pae mce cx8 apic sep mtrr pge mca cmov pat pse36 clflush dts acpi mmx fxsr sse sse2 ss ht tm pbe syscall nx rdtscp lm constant_tsc arch_perfmon pebs bts rep_good xtopology nonstop_tsc aperfmperf pni pclmulqdq dtes64 monitor ds_cpl vmx smx est tm2 ssse3 cx16 xtpr pdcm sse4_1 sse4_2 x2apic popcnt aes xsave avx lahf_lm ida arat tpr_shadow vnmi flexpriority ept vpid
bogomips	: 6185.65
clflush size	: 64
cache_alignment	: 64
address sizes	: 36 bits physical, 48 bits virtual
power management:



Memory: 4k page, physical 7903644k(6746988k free), swap 15624052k(15624052k free)

vm_info: Java HotSpot(TM) 64-Bit Server VM (21.0-b17) for linux-amd64 JRE (1.7.0-b147), built on Jun 27 2011 01:30:59 by "java_re" with gcc 4.3.0 20080428 (Red Hat 4.3.0-8)

time: Mon Feb  6 13:08:53 2012
elapsed time: 2 seconds

