#
# A fatal error has been detected by the Java Runtime Environment:
#
#  SIGSEGV (0xb) at pc=0x00007f34cacdf039, pid=23551, tid=139864549840640
#
# JRE version: 7.0-b147
# Java VM: Java HotSpot(TM) 64-Bit Server VM (21.0-b17 mixed mode linux-amd64 compressed oops)
# Problematic frame:
# J  org.apache.lucene.analysis.PorterStemmer.stem([CII)Z
#
# Failed to write core dump. Core dumps have been disabled. To enable core dumping, try "ulimit -c unlimited" before starting Java again
#
# If you would like to submit a bug report, please visit:
#   http://bugreport.sun.com/bugreport/crash.jsp
#

---------------  T H R E A D  ---------------

Current thread (0x0000000002c3a000):  JavaThread "http-bio-8080-exec-702" daemon [_thread_in_Java, id=22821, stack(0x00007f34c0bf5000,0x00007f34c0cf6000)]

siginfo:si_signo=SIGSEGV: si_errno=0, si_code=1 (SEGV_MAPERR), si_addr=0x00000002db6fb72e

Registers:
RAX=0x0000000086cdc250, RBX=0x00007f34c0cf3160, RCX=0x0000000000000000, RDX=0x00000000ffffffff
RSP=0x00007f34c0cf3160, RBP=0x00000000db6fb720, RSI=0x00007f34c0cf3108, RDI=0x0000000000000000
R8 =0x0000000000000032, R9 =0x00000000fffffffe, R10=0x0000000000000003, R11=0x0000000000000031
R12=0x0000000000000000, R13=0x0000000000000039, R14=0x00000000db6fb720, R15=0x0000000002c3a000
RIP=0x00007f34cacdf039, EFLAGS=0x0000000000010286, CSGSFS=0x0000000000000033, ERR=0x0000000000000004
  TRAPNO=0x000000000000000e

Top of Stack: (sp=0x00007f34c0cf3160)
0x00007f34c0cf3160:   0000000000000004 00000000db6fb798
0x00007f34c0cf3170:   00000000db6fb6f8 0000000000000019
0x00007f34c0cf3180:   0000000000000001 00000000db6eb588
0x00007f34c0cf3190:   0000000000000000 00007f34c0cf31b8
0x00007f34c0cf31a0:   00007f34c0cf3218 00007f34ca0b3290
0x00007f34c0cf31b0:   00007f34ca0b3290 0000000000000004
0x00007f34c0cf31c0:   0000000000000000 00000000db6fb798
0x00007f34c0cf31d0:   00000000db6fb6f8 00007f34c0cf31d8
0x00007f34c0cf31e0:   0000000086357a6a 00007f34c0cf3230
0x00007f34c0cf31f0:   00000000867981a8 0000000086cd6490
0x00007f34c0cf3200:   0000000086357ab0 00007f34c0cf31b8
0x00007f34c0cf3210:   00007f34c0cf3228 00007f34c0cf3278
0x00007f34c0cf3220:   00007f34ca0b3173 00000000db6eb588
0x00007f34c0cf3230:   00000000db6fb6e0 00007f34c0cf3238
0x00007f34c0cf3240:   0000000086787749 00007f34c0cf32d0
0x00007f34c0cf3250:   000000008678c680 00000000868a9728
0x00007f34c0cf3260:   00000000867878f0 00007f34c0cf3228
0x00007f34c0cf3270:   00007f34c0cf32b8 00007f34c0cf3318
0x00007f34c0cf3280:   00007f34ca0b2f98 0000000000000000
0x00007f34c0cf3290:   00000000db625310 0000000000000000
0x00007f34c0cf32a0:   00000000db6ea6b0 0000000000000000
0x00007f34c0cf32b0:   00000000db6fb6e0 0000000000002710
0x00007f34c0cf32c0:   0000000089f24fa0 00000000db6e30f0
0x00007f34c0cf32d0:   00000000db6eb500 00007f34c0cf32d8
0x00007f34c0cf32e0:   000000008678736a 00007f34c0cf3388
0x00007f34c0cf32f0:   000000008678c680 0000000086b20050
0x00007f34c0cf3300:   0000000086787530 00007f34c0cf32b8
0x00007f34c0cf3310:   00007f34c0cf3380 00007f34c0cf33d0
0x00007f34c0cf3320:   00007f34ca0b2f98 0000000000000000
0x00007f34c0cf3330:   0000000000000000 0000000000000000
0x00007f34c0cf3340:   0000000000000000 0000000000000000
0x00007f34c0cf3350:   0000000000000000 00000000db6e30f0 

Instructions: (pc=0x00007f34cacdf039)
0x00007f34cacdf019:   b7 6c 56 0e 47 0f b7 5c 56 10 4c 8b 4c 24 10 41
0x00007f34cacdf029:   8b 49 18 45 8b ca 41 83 c1 fb 41 8b d2 83 c2 fc
0x00007f34cacdf039:   41 0f b7 7c 56 10 89 14 24 49 63 f2 41 0f b7 5c
0x00007f34cacdf049:   76 10 41 8b d2 83 c2 fe 89 54 24 04 41 0f b7 44 

Register to memory mapping:

RAX=0x0000000086cdc250 is an oop
{method data} 
 - klass: {other class}
RBX=0x00007f34c0cf3160 is pointing into the stack for thread: 0x0000000002c3a000
RCX=0x0000000000000000 is an unknown value
RDX=0x00000000ffffffff is an unallocated location in the heap
RSP=0x00007f34c0cf3160 is pointing into the stack for thread: 0x0000000002c3a000
RBP=0x00000000db6fb720 is an oop
[C 
 - klass: {type array char}
 - length: 50
RSI=0x00007f34c0cf3108 is pointing into the stack for thread: 0x0000000002c3a000
RDI=0x0000000000000000 is an unknown value
R8 =0x0000000000000032 is an unknown value
R9 =0x00000000fffffffe is an unallocated location in the heap
R10=0x0000000000000003 is an unknown value
R11=0x0000000000000031 is an unknown value
R12=0x0000000000000000 is an unknown value
R13=0x0000000000000039 is an unknown value
R14=0x00000000db6fb720 is an oop
[C 
 - klass: {type array char}
 - length: 50
R15=0x0000000002c3a000 is a thread


Stack: [0x00007f34c0bf5000,0x00007f34c0cf6000],  sp=0x00007f34c0cf3160,  free space=1016k
Native frames: (J=compiled Java code, j=interpreted, Vv=VM code, C=native code)
J  org.apache.lucene.analysis.PorterStemmer.stem([CII)Z


---------------  P R O C E S S  ---------------

Java Threads: ( => current thread )
  0x0000000002c41800 JavaThread "http-bio-8080-exec-708" daemon [_thread_in_native, id=22883, stack(0x00007f34bbafb000,0x00007f34bbbfc000)]
  0x00007f34bc227800 JavaThread "http-bio-8080-exec-707" daemon [_thread_in_native, id=22882, stack(0x00007f34c28af000,0x00007f34c29b0000)]
  0x0000000002c40800 JavaThread "http-bio-8080-exec-706" daemon [_thread_blocked, id=22879, stack(0x00007f34bb2f3000,0x00007f34bb3f4000)]
  0x0000000003ed8800 JavaThread "http-bio-8080-exec-705" daemon [_thread_blocked, id=22878, stack(0x00007f34c24ab000,0x00007f34c25ac000)]
  0x0000000003ed8000 JavaThread "http-bio-8080-exec-704" daemon [_thread_blocked, id=22844, stack(0x00007f34ba9ea000,0x00007f34baaeb000)]
=>0x0000000002c3a000 JavaThread "http-bio-8080-exec-702" daemon [_thread_in_Java, id=22821, stack(0x00007f34c0bf5000,0x00007f34c0cf6000)]
  0x00007f34bc213000 JavaThread "http-bio-8080-exec-700" daemon [_thread_blocked, id=22819, stack(0x00007f34c1a93000,0x00007f34c1b94000)]
  0x00007f34bc474000 JavaThread "http-bio-8080-exec-696" daemon [_thread_blocked, id=22776, stack(0x00007f34babec000,0x00007f34baced000)]
  0x00007f34bcb67800 JavaThread "http-bio-8080-exec-682" daemon [_thread_blocked, id=22661, stack(0x00007f34c1ca3000,0x00007f34c1da4000)]
  0x00007f34bc9b7000 JavaThread "http-bio-8080-exec-678" daemon [_thread_blocked, id=22656, stack(0x00007f34c1ba2000,0x00007f34c1ca3000)]
  0x00007f34bc070000 JavaThread "http-bio-8080-exec-660" daemon [_thread_blocked, id=21546, stack(0x00007f34c0cf6000,0x00007f34c0df7000)]
  0x00000000034ec000 JavaThread "pool-4-thread-1" [_thread_blocked, id=23870, stack(0x00007f34c179b000,0x00007f34c189c000)]
  0x00007f34bc0bc000 JavaThread "MultiThreadedHttpConnectionManager cleanup" daemon [_thread_blocked, id=23728, stack(0x00007f34c0df7000,0x00007f34c0ef8000)]
  0x000000000265f000 JavaThread "Thread-19" daemon [_thread_blocked, id=23614, stack(0x00007f34c0ef8000,0x00007f34c0ff9000)]
  0x00000000026dd000 JavaThread "Java2D Disposer" daemon [_thread_blocked, id=23608, stack(0x00007f34c1599000,0x00007f34c169a000)]
  0x0000000002775000 JavaThread "Timer-0" daemon [_thread_blocked, id=23605, stack(0x00007f34c169a000,0x00007f34c179b000)]
  0x00007f34bc006000 JavaThread "MultiThreadedHttpConnectionManager cleanup" daemon [_thread_blocked, id=23598, stack(0x00007f34c1fa6000,0x00007f34c20a7000)]
  0x00007f34c4afe800 JavaThread "ajp-bio-8009-AsyncTimeout" daemon [_thread_blocked, id=23588, stack(0x00007f34c25ac000,0x00007f34c26ad000)]
  0x00007f34c4859800 JavaThread "ajp-bio-8009-Acceptor-0" daemon [_thread_in_native, id=23587, stack(0x00007f34c26ad000,0x00007f34c27ae000)]
  0x00007f34c4419000 JavaThread "http-bio-8080-AsyncTimeout" daemon [_thread_blocked, id=23584, stack(0x00007f34c2afc000,0x00007f34c2bfd000)]
  0x00007f34c4d7b800 JavaThread "http-bio-8080-Acceptor-0" daemon [_thread_in_native, id=23583, stack(0x00007f34c2bfd000,0x00007f34c2cfe000)]
  0x00007f34c441a800 JavaThread "ContainerBackgroundProcessor[StandardEngine[Catalina]]" daemon [_thread_blocked, id=23582, stack(0x00007f34c34b7000,0x00007f34c35b8000)]
  0x0000000002980800 JavaThread "pool-5-thread-1" [_thread_blocked, id=23580, stack(0x00007f34c29b0000,0x00007f34c2ab1000)]
  0x00000000026b5800 JavaThread "pool-3-thread-1" [_thread_blocked, id=23579, stack(0x00007f34c2cfe000,0x00007f34c2dff000)]
  0x00000000028a5000 JavaThread "Thread-8" [_thread_blocked, id=23575, stack(0x00007f34c2dff000,0x00007f34c2f00000)]
  0x0000000002362000 JavaThread "Store cocoon-ehcache Spool Thread" daemon [_thread_blocked, id=23574, stack(0x00007f34c2f00000,0x00007f34c3001000)]
  0x000000000288a000 JavaThread "pool-2-thread-1" [_thread_blocked, id=23573, stack(0x00007f34c3001000,0x00007f34c3102000)]
  0x0000000003bf2800 JavaThread "FinalizableReferenceQueue" daemon [_thread_blocked, id=23572, stack(0x00007f34c3102000,0x00007f34c3203000)]
  0x0000000002906800 JavaThread "pool-1-thread-1" [_thread_blocked, id=23570, stack(0x00007f34c3278000,0x00007f34c3379000)]
  0x00007f34c4946800 JavaThread "FinalizableReferenceQueue" daemon [_thread_blocked, id=23569, stack(0x00007f34c3379000,0x00007f34c347a000)]
  0x00007f34c4640000 JavaThread "GC Daemon" daemon [_thread_blocked, id=23565, stack(0x00007f34c3cf7000,0x00007f34c3df8000)]
  0x00007f34c40ce000 JavaThread "Service Thread" daemon [_thread_blocked, id=23563, stack(0x00007f34c8635000,0x00007f34c8736000)]
  0x00007f34c40cb800 JavaThread "C2 CompilerThread1" daemon [_thread_blocked, id=23562, stack(0x00007f34c8736000,0x00007f34c8837000)]
  0x00007f34c40c8800 JavaThread "C2 CompilerThread0" daemon [_thread_blocked, id=23561, stack(0x00007f34c8837000,0x00007f34c8938000)]
  0x00007f34c40c6000 JavaThread "Signal Dispatcher" daemon [_thread_blocked, id=23560, stack(0x00007f34c8938000,0x00007f34c8a39000)]
  0x00007f34c407c800 JavaThread "Finalizer" daemon [_thread_blocked, id=23559, stack(0x00007f34c8bae000,0x00007f34c8caf000)]
  0x00007f34c407a000 JavaThread "Reference Handler" daemon [_thread_blocked, id=23558, stack(0x00007f34c8caf000,0x00007f34c8db0000)]
  0x0000000002286800 JavaThread "main" [_thread_in_native, id=23552, stack(0x00007f34cfb0e000,0x00007f34cfc0f000)]

Other Threads:
  0x00007f34c4072800 VMThread [stack: 0x00007f34c8db0000,0x00007f34c8eb1000] [id=23557]
  0x00007f34c40d9000 WatcherThread [stack: 0x00007f34c8534000,0x00007f34c8635000] [id=23564]

VM state:not at safepoint (normal execution)

VM Mutex/Monitor currently owned by a thread: None

Heap
 PSYoungGen      total 95616K, used 64280K [0x00000000d7cb0000, 0x00000000de6c0000, 0x0000000100000000)
  eden space 84928K, 70% used [0x00000000d7cb0000,0x00000000db70f208,0x00000000dcfa0000)
  from space 10688K, 42% used [0x00000000ddc50000,0x00000000de0b7150,0x00000000de6c0000)
  to   space 11840K, 0% used [0x00000000dcfa0000,0x00000000dcfa0000,0x00000000ddb30000)
 PSOldGen        total 715072K, used 560326K [0x0000000087600000, 0x00000000b3050000, 0x00000000d7cb0000)
  object space 715072K, 78% used [0x0000000087600000,0x00000000a9931878,0x00000000b3050000)
 PSPermGen       total 75456K, used 74617K [0x0000000082400000, 0x0000000086db0000, 0x0000000087600000)
  object space 75456K, 98% used [0x0000000082400000,0x0000000086cde758,0x0000000086db0000)

Code Cache  [0x00007f34ca0ad000, 0x00007f34cb32d000, 0x00007f34cd0ad000)
 total_blobs=4488 nmethods=3904 adapters=534 free_code_cache=30610Kb largest_free_block=30950592

Dynamic libraries:
00400000-00401000 r-xp 00000000 09:01 1310905                            /usr/lib/java_sdk/bin/java
00600000-00601000 rw-p 00000000 09:01 1310905                            /usr/lib/java_sdk/bin/java
0227e000-04a13000 rw-p 00000000 00:00 0                                  [heap]
82400000-86db0000 rw-p 00000000 00:00 0 
86db0000-87600000 ---p 00000000 00:00 0 
87600000-b3050000 rw-p 00000000 00:00 0 
b3050000-d7cb0000 rw-p 00000000 00:00 0 
d7cb0000-de6c0000 rw-p 00000000 00:00 0 
de6c0000-f8870000 ---p 00000000 00:00 0 
f8870000-100000000 rw-p 00000000 00:00 0 
7f34b4000000-7f34b7182000 rw-p 00000000 00:00 0 
7f34b7182000-7f34b8000000 ---p 00000000 00:00 0 
7f34ba4d7000-7f34ba5b0000 r-xp 00000000 09:01 1312415                    /usr/lib/java_sdk/jre/lib/amd64/libmlib_image.so
7f34ba5b0000-7f34ba7af000 ---p 000d9000 09:01 1312415                    /usr/lib/java_sdk/jre/lib/amd64/libmlib_image.so
7f34ba7af000-7f34ba7b0000 rw-p 000d8000 09:01 1312415                    /usr/lib/java_sdk/jre/lib/amd64/libmlib_image.so
7f34ba7b0000-7f34ba7ea000 r-xp 00000000 09:01 1312383                    /usr/lib/java_sdk/jre/lib/amd64/libjpeg.so
7f34ba7ea000-7f34ba9e9000 ---p 0003a000 09:01 1312383                    /usr/lib/java_sdk/jre/lib/amd64/libjpeg.so
7f34ba9e9000-7f34ba9ea000 rw-p 00039000 09:01 1312383                    /usr/lib/java_sdk/jre/lib/amd64/libjpeg.so
7f34ba9ea000-7f34ba9ed000 ---p 00000000 00:00 0 
7f34ba9ed000-7f34baaeb000 rw-p 00000000 00:00 0 
7f34baaeb000-7f34baaee000 ---p 00000000 00:00 0 
7f34baaee000-7f34babec000 rw-p 00000000 00:00 0 
7f34babec000-7f34babef000 ---p 00000000 00:00 0 
7f34babef000-7f34baced000 rw-p 00000000 00:00 0 
7f34baced000-7f34bacf0000 ---p 00000000 00:00 0 
7f34bacf0000-7f34badee000 rw-p 00000000 00:00 0 
7f34badee000-7f34badf1000 ---p 00000000 00:00 0 
7f34badf1000-7f34baeef000 rw-p 00000000 00:00 0 
7f34baeef000-7f34baef2000 ---p 00000000 00:00 0 
7f34baef2000-7f34baff0000 rw-p 00000000 00:00 0 
7f34baff0000-7f34baff3000 ---p 00000000 00:00 0 
7f34baff3000-7f34bb0f1000 rw-p 00000000 00:00 0 
7f34bb0f1000-7f34bb0f4000 ---p 00000000 00:00 0 
7f34bb0f4000-7f34bb1f2000 rw-p 00000000 00:00 0 
7f34bb1f2000-7f34bb1f5000 ---p 00000000 00:00 0 
7f34bb1f5000-7f34bb2f3000 rw-p 00000000 00:00 0 
7f34bb2f3000-7f34bb2f6000 ---p 00000000 00:00 0 
7f34bb2f6000-7f34bb3f4000 rw-p 00000000 00:00 0 
7f34bb3f4000-7f34bb3f7000 ---p 00000000 00:00 0 
7f34bb3f7000-7f34bb4f5000 rw-p 00000000 00:00 0 
7f34bb4f5000-7f34bb4f8000 ---p 00000000 00:00 0 
7f34bb4f8000-7f34bb5f6000 rw-p 00000000 00:00 0 
7f34bb5f6000-7f34bb5f9000 ---p 00000000 00:00 0 
7f34bb5f9000-7f34bb6f7000 rw-p 00000000 00:00 0 
7f34bb6f7000-7f34bb6fa000 ---p 00000000 00:00 0 
7f34bb6fa000-7f34bb7f8000 rw-p 00000000 00:00 0 
7f34bb7f8000-7f34bb7fb000 ---p 00000000 00:00 0 
7f34bb7fb000-7f34bb8f9000 rw-p 00000000 00:00 0 
7f34bb8f9000-7f34bb8fc000 ---p 00000000 00:00 0 
7f34bb8fc000-7f34bb9fa000 rw-p 00000000 00:00 0 
7f34bb9fa000-7f34bb9fd000 ---p 00000000 00:00 0 
7f34bb9fd000-7f34bbafb000 rw-p 00000000 00:00 0 
7f34bbafb000-7f34bbafe000 ---p 00000000 00:00 0 
7f34bbafe000-7f34bbbfc000 rw-p 00000000 00:00 0 
7f34bbbfc000-7f34bbbff000 ---p 00000000 00:00 0 
7f34bbbff000-7f34bbcfd000 rw-p 00000000 00:00 0 
7f34bbcfd000-7f34bbd00000 ---p 00000000 00:00 0 
7f34bbd00000-7f34bbdfe000 rw-p 00000000 00:00 0 
7f34bbdfe000-7f34bbe01000 ---p 00000000 00:00 0 
7f34bbe01000-7f34bbeff000 rw-p 00000000 00:00 0 
7f34bbeff000-7f34bbf02000 ---p 00000000 00:00 0 
7f34bbf02000-7f34bc000000 rw-p 00000000 00:00 0 
7f34bc000000-7f34bfdd5000 rw-p 00000000 00:00 0 
7f34bfdd5000-7f34c0000000 ---p 00000000 00:00 0 
7f34c00ea000-7f34c00ed000 ---p 00000000 00:00 0 
7f34c00ed000-7f34c01eb000 rw-p 00000000 00:00 0 
7f34c01eb000-7f34c01ee000 ---p 00000000 00:00 0 
7f34c01ee000-7f34c02ec000 rw-p 00000000 00:00 0 
7f34c02ec000-7f34c02ef000 ---p 00000000 00:00 0 
7f34c02ef000-7f34c03ed000 rw-p 00000000 00:00 0 
7f34c03ed000-7f34c03f0000 ---p 00000000 00:00 0 
7f34c03f0000-7f34c04ee000 rw-p 00000000 00:00 0 
7f34c04ee000-7f34c04f1000 ---p 00000000 00:00 0 
7f34c04f1000-7f34c05ef000 rw-p 00000000 00:00 0 
7f34c05ef000-7f34c05f2000 ---p 00000000 00:00 0 
7f34c05f2000-7f34c06f0000 rw-p 00000000 00:00 0 
7f34c06f0000-7f34c06f3000 ---p 00000000 00:00 0 
7f34c06f3000-7f34c07f1000 rw-p 00000000 00:00 0 
7f34c07f1000-7f34c07f4000 ---p 00000000 00:00 0 
7f34c07f4000-7f34c08f2000 rw-p 00000000 00:00 0 
7f34c08f2000-7f34c08f5000 ---p 00000000 00:00 0 
7f34c08f5000-7f34c09f3000 rw-p 00000000 00:00 0 
7f34c09f3000-7f34c09f6000 ---p 00000000 00:00 0 
7f34c09f6000-7f34c0af4000 rw-p 00000000 00:00 0 
7f34c0af4000-7f34c0af7000 ---p 00000000 00:00 0 
7f34c0af7000-7f34c0bf5000 rw-p 00000000 00:00 0 
7f34c0bf5000-7f34c0bf8000 ---p 00000000 00:00 0 
7f34c0bf8000-7f34c0cf6000 rw-p 00000000 00:00 0 
7f34c0cf6000-7f34c0cf9000 ---p 00000000 00:00 0 
7f34c0cf9000-7f34c0df7000 rw-p 00000000 00:00 0 
7f34c0df7000-7f34c0dfa000 ---p 00000000 00:00 0 
7f34c0dfa000-7f34c0ef8000 rw-p 00000000 00:00 0 
7f34c0ef8000-7f34c0efb000 ---p 00000000 00:00 0 
7f34c0efb000-7f34c0ff9000 rw-p 00000000 00:00 0 
7f34c0ff9000-7f34c0ffc000 ---p 00000000 00:00 0 
7f34c0ffc000-7f34c1013000 rw-p 00000000 00:00 0 
7f34c1013000-7f34c1016000 ---p 00000000 00:00 0 
7f34c1016000-7f34c102d000 rw-p 00000000 00:00 0 
7f34c102d000-7f34c1033000 r-xp 00000000 09:01 1312386                    /usr/lib/java_sdk/jre/lib/amd64/headless/libmawt.so
7f34c1033000-7f34c1233000 ---p 00006000 09:01 1312386                    /usr/lib/java_sdk/jre/lib/amd64/headless/libmawt.so
7f34c1233000-7f34c1234000 rw-p 00006000 09:01 1312386                    /usr/lib/java_sdk/jre/lib/amd64/headless/libmawt.so
7f34c1234000-7f34c12d6000 r-xp 00000000 09:01 1312430                    /usr/lib/java_sdk/jre/lib/amd64/libawt.so
7f34c12d6000-7f34c14d6000 ---p 000a2000 09:01 1312430                    /usr/lib/java_sdk/jre/lib/amd64/libawt.so
7f34c14d6000-7f34c14e2000 rw-p 000a2000 09:01 1312430                    /usr/lib/java_sdk/jre/lib/amd64/libawt.so
7f34c14e2000-7f34c1506000 rw-p 00000000 00:00 0 
7f34c1506000-7f34c151f000 r--s 00000000 09:01 1706151                    /usr/share/mime/mime.cache
7f34c1599000-7f34c159c000 ---p 00000000 00:00 0 
7f34c159c000-7f34c169a000 rw-p 00000000 00:00 0 
7f34c169a000-7f34c169d000 ---p 00000000 00:00 0 
7f34c169d000-7f34c179b000 rw-p 00000000 00:00 0 
7f34c179b000-7f34c179e000 ---p 00000000 00:00 0 
7f34c179e000-7f34c189c000 rw-p 00000000 00:00 0 
7f34c189c000-7f34c189f000 ---p 00000000 00:00 0 
7f34c189f000-7f34c199d000 rw-p 00000000 00:00 0 
7f34c1a93000-7f34c1a96000 ---p 00000000 00:00 0 
7f34c1a96000-7f34c1b94000 rw-p 00000000 00:00 0 
7f34c1ba2000-7f34c1ba5000 ---p 00000000 00:00 0 
7f34c1ba5000-7f34c1ca3000 rw-p 00000000 00:00 0 
7f34c1ca3000-7f34c1ca6000 ---p 00000000 00:00 0 
7f34c1ca6000-7f34c1da4000 rw-p 00000000 00:00 0 
7f34c1da4000-7f34c1da7000 ---p 00000000 00:00 0 
7f34c1da7000-7f34c1ea5000 rw-p 00000000 00:00 0 
7f34c1ea5000-7f34c1ea8000 ---p 00000000 00:00 0 
7f34c1ea8000-7f34c1fa6000 rw-p 00000000 00:00 0 
7f34c1fa6000-7f34c1fa9000 ---p 00000000 00:00 0 
7f34c1fa9000-7f34c20a7000 rw-p 00000000 00:00 0 
7f34c20a7000-7f34c20aa000 ---p 00000000 00:00 0 
7f34c20aa000-7f34c21a8000 rw-p 00000000 00:00 0 
7f34c21a8000-7f34c21ab000 ---p 00000000 00:00 0 
7f34c21ab000-7f34c22a9000 rw-p 00000000 00:00 0 
7f34c22a9000-7f34c22ac000 ---p 00000000 00:00 0 
7f34c22ac000-7f34c23aa000 rw-p 00000000 00:00 0 
7f34c23aa000-7f34c23ad000 ---p 00000000 00:00 0 
7f34c23ad000-7f34c24ab000 rw-p 00000000 00:00 0 
7f34c24ab000-7f34c24ae000 ---p 00000000 00:00 0 
7f34c24ae000-7f34c25ac000 rw-p 00000000 00:00 0 
7f34c25ac000-7f34c25af000 ---p 00000000 00:00 0 
7f34c25af000-7f34c26ad000 rw-p 00000000 00:00 0 
7f34c26ad000-7f34c26b0000 ---p 00000000 00:00 0 
7f34c26b0000-7f34c27ae000 rw-p 00000000 00:00 0 
7f34c27ae000-7f34c27b1000 ---p 00000000 00:00 0 
7f34c27b1000-7f34c28af000 rw-p 00000000 00:00 0 
7f34c28af000-7f34c28b2000 ---p 00000000 00:00 0 
7f34c28b2000-7f34c29b0000 rw-p 00000000 00:00 0 
7f34c29b0000-7f34c29b3000 ---p 00000000 00:00 0 
7f34c29b3000-7f34c2ab1000 rw-p 00000000 00:00 0 
7f34c2af0000-7f34c2af4000 r--s 00010000 09:01 396951                     /dados/dspace/webapps/jspui/WEB-INF/lib/xmlParserAPIs-2.0.2.jar
7f34c2af4000-7f34c2afc000 r--s 00028000 09:01 396950                     /dados/dspace/webapps/jspui/WEB-INF/lib/xml-apis-1.3.02.jar
7f34c2afc000-7f34c2aff000 ---p 00000000 00:00 0 
7f34c2aff000-7f34c2bfd000 rw-p 00000000 00:00 0 
7f34c2bfd000-7f34c2c00000 ---p 00000000 00:00 0 
7f34c2c00000-7f34c2cfe000 rw-p 00000000 00:00 0 
7f34c2cfe000-7f34c2d01000 ---p 00000000 00:00 0 
7f34c2d01000-7f34c2dff000 rw-p 00000000 00:00 0 
7f34c2dff000-7f34c2e02000 ---p 00000000 00:00 0 
7f34c2e02000-7f34c2f00000 rw-p 00000000 00:00 0 
7f34c2f00000-7f34c2f03000 ---p 00000000 00:00 0 
7f34c2f03000-7f34c3001000 rw-p 00000000 00:00 0 
7f34c3001000-7f34c3004000 ---p 00000000 00:00 0 
7f34c3004000-7f34c3102000 rw-p 00000000 00:00 0 
7f34c3102000-7f34c3105000 ---p 00000000 00:00 0 
7f34c3105000-7f34c3203000 rw-p 00000000 00:00 0 
7f34c3203000-7f34c3205000 r--s 00001000 09:01 1312443                    /usr/lib/java_sdk/jre/lib/ext/dnsns.jar
7f34c3208000-7f34c321f000 r--s 00112000 09:01 396949                     /dados/dspace/webapps/jspui/WEB-INF/lib/xercesImpl-2.8.1.jar
7f34c321f000-7f34c323d000 r--s 0027d000 09:01 396948                     /dados/dspace/webapps/jspui/WEB-INF/lib/xalan-2.7.0.jar
7f34c323d000-7f34c3244000 r--s 0007a000 09:01 396947                     /dados/dspace/webapps/jspui/WEB-INF/lib/utils-1.07.00.jar
7f34c3244000-7f34c3247000 r--s 00036000 09:01 396946                     /dados/dspace/webapps/jspui/WEB-INF/lib/tm-extractors-0.4.jar
7f34c3247000-7f34c324a000 r--s 00019000 09:01 396945                     /dados/dspace/webapps/jspui/WEB-INF/lib/stax-utils-20040917.jar
7f34c324a000-7f34c324c000 r--s 00005000 09:01 396944                     /dados/dspace/webapps/jspui/WEB-INF/lib/stax-api-1.0.1.jar
7f34c324c000-7f34c324f000 r--s 00029000 09:01 396943                     /dados/dspace/webapps/jspui/WEB-INF/lib/stax-1.2.0.jar
7f34c324f000-7f34c3258000 r--s 00058000 09:01 396942                     /dados/dspace/webapps/jspui/WEB-INF/lib/standard-1.1.2.jar
7f34c3258000-7f34c3261000 r--s 0005a000 09:01 396941                     /dados/dspace/webapps/jspui/WEB-INF/lib/spring-webmvc-2.5.6.jar
7f34c3261000-7f34c3266000 r--s 0002b000 09:01 396940                     /dados/dspace/webapps/jspui/WEB-INF/lib/spring-web-2.5.6.jar
7f34c3266000-7f34c326c000 r--s 00040000 09:01 396939                     /dados/dspace/webapps/jspui/WEB-INF/lib/spring-core-2.5.6.jar
7f34c326c000-7f34c3278000 r--s 00069000 09:01 396937                     /dados/dspace/webapps/jspui/WEB-INF/lib/spring-context-2.5.6.jar
7f34c3278000-7f34c327b000 ---p 00000000 00:00 0 
7f34c327b000-7f34c3379000 rw-p 00000000 00:00 0 
7f34c3379000-7f34c337c000 ---p 00000000 00:00 0 
7f34c337c000-7f34c347a000 rw-p 00000000 00:00 0 
7f34c347c000-7f34c347f000 r--s 00015000 09:01 396938                     /dados/dspace/webapps/jspui/WEB-INF/lib/spring-context-support-2.5.6.jar
7f34c347f000-7f34c3489000 r--s 0006e000 09:01 396936                     /dados/dspace/webapps/jspui/WEB-INF/lib/spring-beans-2.5.6.jar
7f34c3489000-7f34c348c000 r--s 00015000 09:01 396935                     /dados/dspace/webapps/jspui/WEB-INF/lib/solr-solrj-1.3.0.jar
7f34c348c000-7f34c3490000 r--s 00032000 09:01 396931                     /dados/dspace/webapps/jspui/WEB-INF/lib/rome-1.0.jar
7f34c3490000-7f34c3498000 r--s 0005e000 09:01 396930                     /dados/dspace/webapps/jspui/WEB-INF/lib/reflectutils-0.9.10.jar
7f34c3498000-7f34c349d000 r--s 0005e000 09:01 396929                     /dados/dspace/webapps/jspui/WEB-INF/lib/postgresql-8.1-408.jdbc3.jar
7f34c349d000-7f34c34a9000 r--s 000b8000 09:01 396928                     /dados/dspace/webapps/jspui/WEB-INF/lib/poi-2.5.1-final-20040804.jar
7f34c34a9000-7f34c34b7000 r--s 0031d000 09:01 396927                     /dados/dspace/webapps/jspui/WEB-INF/lib/pdfbox-0.7.3.jar
7f34c34b7000-7f34c34ba000 ---p 00000000 00:00 0 
7f34c34ba000-7f34c35b8000 rw-p 00000000 00:00 0 
7f34c35b8000-7f34c35ba000 r--s 00014000 09:01 396934                     /dados/dspace/webapps/jspui/WEB-INF/lib/solr-common-1.3.0.jar
7f34c35ba000-7f34c35bb000 r--s 00002000 09:01 396933                     /dados/dspace/webapps/jspui/WEB-INF/lib/slf4j-log4j12-1.5.6.jar
7f34c35bb000-7f34c35bd000 r--s 0000e000 09:01 396926                     /dados/dspace/webapps/jspui/WEB-INF/lib/oro-2.0.8.jar
7f34c35bd000-7f34c35be000 r--s 00003000 09:01 396925                     /dados/dspace/webapps/jspui/WEB-INF/lib/oclc-harvester2-0.1.12.jar
7f34c35be000-7f34c35c5000 r--s 00037000 09:01 396924                     /dados/dspace/webapps/jspui/WEB-INF/lib/modules-0.3.2.jar
7f34c35c5000-7f34c35c7000 r--s 0001d000 09:01 396923                     /dados/dspace/webapps/jspui/WEB-INF/lib/mets-1.5.2.jar
7f34c35c7000-7f34c35cd000 r--s 00059000 09:01 396922                     /dados/dspace/webapps/jspui/WEB-INF/lib/mail-1.4.jar
7f34c35cd000-7f34c35d9000 r--s 00097000 09:01 396921                     /dados/dspace/webapps/jspui/WEB-INF/lib/lucene-core-2.3.0.jar
7f34c35d9000-7f34c35db000 r--s 00012000 09:01 396920                     /dados/dspace/webapps/jspui/WEB-INF/lib/lucene-analyzers-2.3.0.jar
7f34c35db000-7f34c35e2000 r--s 00053000 09:01 396919                     /dados/dspace/webapps/jspui/WEB-INF/lib/log4j-1.2.14.jar
7f34c35e2000-7f34c35e4000 r--s 00004000 09:01 396918                     /dados/dspace/webapps/jspui/WEB-INF/lib/jstl-1.1.2.jar
7f34c35e4000-7f34c35e6000 r--s 00001000 09:01 396917                     /dados/dspace/webapps/jspui/WEB-INF/lib/jsr107cache-1.0.jar
7f34c35e6000-7f34c35e8000 r--s 00009000 09:01 396916                     /dados/dspace/webapps/jspui/WEB-INF/lib/jempbox-0.2.0.jar
7f34c35e8000-7f34c35eb000 r--s 00023000 09:01 396915                     /dados/dspace/webapps/jspui/WEB-INF/lib/jdom-1.0.jar
7f34c35eb000-7f34c35f1000 r--s 00032000 09:01 396914                     /dados/dspace/webapps/jspui/WEB-INF/lib/jaxen-1.1.jar
7f34c35f1000-7f34c35f4000 r--s 0004d000 09:01 396913                     /dados/dspace/webapps/jspui/WEB-INF/lib/jargon-1.4.25.jar
7f34c35f4000-7f34c360d000 r--s 002fd000 09:01 396912                     /dados/dspace/webapps/jspui/WEB-INF/lib/icu4j-3.4.4.jar
7f34c360d000-7f34c3617000 r--s 000cf000 09:01 396911                     /dados/dspace/webapps/jspui/WEB-INF/lib/handle-6.2.jar
7f34c3617000-7f34c3619000 r--s 0000e000 09:01 396910                     /dados/dspace/webapps/jspui/WEB-INF/lib/fontbox-0.1.0.jar
7f34c3619000-7f34c361e000 r--s 0003c000 09:01 396909                     /dados/dspace/webapps/jspui/WEB-INF/lib/ehcache-1.5.0.jar
7f34c361e000-7f34c3620000 r--s 00013000 09:01 396908                     /dados/dspace/webapps/jspui/WEB-INF/lib/dspace-stats-1.6.2.jar
7f34c3620000-7f34c3621000 r--s 00003000 09:01 396907                     /dados/dspace/webapps/jspui/WEB-INF/lib/dspace-services-utils-2.0.1.jar
7f34c3621000-7f34c3623000 r--s 00016000 09:01 396906                     /dados/dspace/webapps/jspui/WEB-INF/lib/dspace-services-impl-2.0.1.jar
7f34c3623000-7f34c3626000 r--s 00009000 09:01 396905                     /dados/dspace/webapps/jspui/WEB-INF/lib/dspace-services-api-2.0.1.jar
7f34c3626000-7f34c362a000 r--s 0003e000 09:01 396904                     /dados/dspace/webapps/jspui/WEB-INF/lib/dspace-jspui-api-1.6.2.jar
7f34c362a000-7f34c362c000 r--s 00022000 09:01 396903                     /dados/dspace/webapps/jspui/WEB-INF/lib/dspace-geoip-1.2.3.jar
7f34c362c000-7f34c362e000 r--s 0009c000 09:01 396902                     /dados/dspace/webapps/jspui/WEB-INF/lib/dspace-api-lang-1.6.2.0.jar
7f34c362e000-7f34c3638000 r--s 000e0000 09:01 396901                     /dados/dspace/webapps/jspui/WEB-INF/lib/dspace-api-1.6.2.jar
7f34c3638000-7f34c363d000 r--s 00048000 09:01 396900                     /dados/dspace/webapps/jspui/WEB-INF/lib/dom4j-1.6.1.jar
7f34c363d000-7f34c3641000 r--s 0003e000 09:01 396899                     /dados/dspace/webapps/jspui/WEB-INF/lib/dnsjava-2.0.6.jar
7f34c3641000-7f34c3644000 r--s 0001f000 09:01 396898                     /dados/dspace/webapps/jspui/WEB-INF/lib/commons-validator-1.3.1.jar
7f34c3644000-7f34c3647000 r--s 00013000 09:01 396897                     /dados/dspace/webapps/jspui/WEB-INF/lib/commons-pool-1.4.jar
7f34c3647000-7f34c3649000 r--s 00008000 09:01 396896                     /dados/dspace/webapps/jspui/WEB-INF/lib/commons-logging-1.0.4.jar
7f34c3649000-7f34c364d000 r--s 00038000 09:01 396895                     /dados/dspace/webapps/jspui/WEB-INF/lib/commons-lang-2.2.jar
7f34c364d000-7f34c3650000 r--s 00018000 09:01 396894                     /dados/dspace/webapps/jspui/WEB-INF/lib/commons-io-1.4.jar
7f34c3650000-7f34c3653000 r--s 00013000 09:01 396893                     /dados/dspace/webapps/jspui/WEB-INF/lib/commons-io-1.3.2.jar
7f34c3653000-7f34c3659000 r--s 00045000 09:01 396892                     /dados/dspace/webapps/jspui/WEB-INF/lib/commons-httpclient-3.1.jar
7f34c3659000-7f34c365c000 r--s 0000c000 09:01 396891                     /dados/dspace/webapps/jspui/WEB-INF/lib/commons-fileupload-1.2.1.jar
7f34c365c000-7f34c3660000 r--s 00026000 09:01 396890                     /dados/dspace/webapps/jspui/WEB-INF/lib/commons-digester-1.6.jar
7f34c3660000-7f34c3662000 r--s 0001c000 09:01 396889                     /dados/dspace/webapps/jspui/WEB-INF/lib/commons-dbcp-1.2.2.jar
7f34c3662000-7f34c366f000 r--s 0007f000 09:01 396888                     /dados/dspace/webapps/jspui/WEB-INF/lib/commons-collections-3.2.jar
7f34c366f000-7f34c3671000 r--s 0000a000 09:01 396887                     /dados/dspace/webapps/jspui/WEB-INF/lib/commons-codec-1.3.jar
7f34c3671000-7f34c3673000 r--s 00006000 09:01 396886                     /dados/dspace/webapps/jspui/WEB-INF/lib/commons-cli-1.0.jar
7f34c3673000-7f34c3678000 r--s 0002a000 09:01 396885                     /dados/dspace/webapps/jspui/WEB-INF/lib/commons-beanutils-1.7.0.jar
7f34c3678000-7f34c3697000 r--s 00138000 09:01 396884                     /dados/dspace/webapps/jspui/WEB-INF/lib/bcprov-jdk14-136.jar
7f34c3697000-7f34c3699000 r-xp 00000000 09:01 932206                     /usr/lib/gconv/ISO8859-1.so
7f34c3699000-7f34c3898000 ---p 00002000 09:01 932206                     /usr/lib/gconv/ISO8859-1.so
7f34c3898000-7f34c3899000 r--p 00001000 09:01 932206                     /usr/lib/gconv/ISO8859-1.so
7f34c3899000-7f34c389a000 rw-p 00002000 09:01 932206                     /usr/lib/gconv/ISO8859-1.so
7f34c389a000-7f34c38b0000 r-xp 00000000 09:01 5111811                    /lib/libgcc_s.so.1
7f34c38b0000-7f34c3aaf000 ---p 00016000 09:01 5111811                    /lib/libgcc_s.so.1
7f34c3aaf000-7f34c3ab0000 rw-p 00015000 09:01 5111811                    /lib/libgcc_s.so.1
7f34c3ab0000-7f34c3ae2000 r-xp 00000000 09:01 1312394                    /usr/lib/java_sdk/jre/lib/amd64/libsunec.so
7f34c3ae2000-7f34c3ce1000 ---p 00032000 09:01 1312394                    /usr/lib/java_sdk/jre/lib/amd64/libsunec.so
7f34c3ce1000-7f34c3ce7000 rw-p 00031000 09:01 1312394                    /usr/lib/java_sdk/jre/lib/amd64/libsunec.so
7f34c3ce7000-7f34c3cf7000 rw-p 00000000 00:00 0 
7f34c3cf7000-7f34c3cfa000 ---p 00000000 00:00 0 
7f34c3cfa000-7f34c3df8000 rw-p 00000000 00:00 0 
7f34c3df8000-7f34c3e00000 r-xp 00000000 09:01 1312412                    /usr/lib/java_sdk/jre/lib/amd64/libmanagement.so
7f34c3e00000-7f34c3fff000 ---p 00008000 09:01 1312412                    /usr/lib/java_sdk/jre/lib/amd64/libmanagement.so
7f34c3fff000-7f34c4000000 rw-p 00007000 09:01 1312412                    /usr/lib/java_sdk/jre/lib/amd64/libmanagement.so
7f34c4000000-7f34c7ffa000 rw-p 00000000 00:00 0 
7f34c7ffa000-7f34c8000000 ---p 00000000 00:00 0 
7f34c8000000-7f34c8002000 r--s 00004000 09:01 396932                     /dados/dspace/webapps/jspui/WEB-INF/lib/slf4j-api-1.5.6.jar
7f34c8002000-7f34c8007000 r--s 0002a000 09:01 396883                     /dados/dspace/webapps/jspui/WEB-INF/lib/bcmail-jdk14-136.jar
7f34c8007000-7f34c800f000 r--s 00049000 09:01 396882                     /dados/dspace/webapps/jspui/WEB-INF/lib/backport-util-concurrent-3.1.jar
7f34c800f000-7f34c8011000 r--s 00000000 09:01 396881                     /dados/dspace/webapps/jspui/WEB-INF/lib/aopalliance-1.0.jar
7f34c8011000-7f34c8012000 r--s 00002000 09:01 396880                     /dados/dspace/webapps/jspui/WEB-INF/lib/ant-launcher-1.7.0.jar
7f34c8012000-7f34c8025000 r--s 00128000 09:01 396879                     /dados/dspace/webapps/jspui/WEB-INF/lib/ant-1.7.0.jar
7f34c8025000-7f34c8027000 r--s 0000e000 09:01 396878                     /dados/dspace/webapps/jspui/WEB-INF/lib/activation-1.1.jar
7f34c8027000-7f34c802a000 ---p 00000000 00:00 0 
7f34c802a000-7f34c8041000 rw-p 00000000 00:00 0 
7f34c8041000-7f34c8044000 ---p 00000000 00:00 0 
7f34c8044000-7f34c805b000 rw-p 00000000 00:00 0 
7f34c805b000-7f34c805e000 ---p 00000000 00:00 0 
7f34c805e000-7f34c8075000 rw-p 00000000 00:00 0 
7f34c8075000-7f34c8078000 ---p 00000000 00:00 0 
7f34c8078000-7f34c808f000 rw-p 00000000 00:00 0 
7f34c808f000-7f34c809a000 r--s 00370000 09:01 1312334                    /usr/lib/java_sdk/jre/lib/charsets.jar
7f34c809a000-7f34c80a5000 r--s 00370000 09:01 1312334                    /usr/lib/java_sdk/jre/lib/charsets.jar
7f34c80a5000-7f34c80ac000 r--s 00000000 09:01 932267                     /usr/lib/gconv/gconv-modules.cache
7f34c80ac000-7f34c80c1000 r--p 00000000 09:01 920484                     /usr/share/locale/pt_BR/LC_MESSAGES/libc.mo
7f34c80c1000-7f34c80c5000 r--s 0002d000 09:01 1312446                    /usr/lib/java_sdk/jre/lib/ext/sunjce_provider.jar
7f34c80c5000-7f34c80c9000 r--s 00037000 09:01 1312444                    /usr/lib/java_sdk/jre/lib/ext/sunpkcs11.jar
7f34c80c9000-7f34c80cc000 r--s 00018000 09:01 1313072                    /usr/lib/java_sdk/jre/lib/jce.jar
7f34c80cc000-7f34c80d0000 r--s 000f6000 09:01 1312447                    /usr/lib/java_sdk/jre/lib/ext/localedata.jar
7f34c80d0000-7f34c80d9000 r--s 00254000 09:01 1313053                    /usr/lib/java_sdk/jre/lib/resources.jar
7f34c80d9000-7f34c80dc000 r--s 0001d000 09:01 1441929                    /usr/local/lib/apache-tomcat-7.0.20/lib/catalina-ha.jar
7f34c80dc000-7f34c80e0000 r--s 00028000 09:01 1441937                    /usr/local/lib/apache-tomcat-7.0.20/lib/servlet-api.jar
7f34c80e0000-7f34c80e2000 r--s 00009000 09:01 1441933                    /usr/local/lib/apache-tomcat-7.0.20/lib/el-api.jar
7f34c80e2000-7f34c80f1000 r--s 00193000 09:01 1441932                    /usr/local/lib/apache-tomcat-7.0.20/lib/ecj-3.7.jar
7f34c80f1000-7f34c80f3000 r--s 0001c000 09:01 1441934                    /usr/local/lib/apache-tomcat-7.0.20/lib/jasper-el.jar
7f34c80f3000-7f34c80f5000 r--s 00011000 09:01 1441941                    /usr/local/lib/apache-tomcat-7.0.20/lib/tomcat-i18n-es.jar
7f34c80f5000-7f34c80f9000 r--s 00036000 09:01 1441940                    /usr/local/lib/apache-tomcat-7.0.20/lib/tomcat-dbcp.jar
7f34c80f9000-7f34c80fa000 r--s 00003000 09:01 1441927                    /usr/local/lib/apache-tomcat-7.0.20/lib/annotations-api.jar
7f34c80fa000-7f34c80fd000 r--s 0001a000 09:01 1441944                    /usr/local/lib/apache-tomcat-7.0.20/lib/tomcat-jdbc.jar
7f34c80fd000-7f34c8109000 r--s 000aa000 09:01 1441939                    /usr/local/lib/apache-tomcat-7.0.20/lib/tomcat-coyote.jar
7f34c8109000-7f34c811e000 r-xp 00000000 09:01 1312388                    /usr/lib/java_sdk/jre/lib/amd64/libnet.so
7f34c811e000-7f34c831e000 ---p 00015000 09:01 1312388                    /usr/lib/java_sdk/jre/lib/amd64/libnet.so
7f34c831e000-7f34c831f000 rw-p 00015000 09:01 1312388                    /usr/lib/java_sdk/jre/lib/amd64/libnet.so
7f34c831f000-7f34c832f000 r-xp 00000000 09:01 1312403                    /usr/lib/java_sdk/jre/lib/amd64/libnio.so
7f34c832f000-7f34c852f000 ---p 00010000 09:01 1312403                    /usr/lib/java_sdk/jre/lib/amd64/libnio.so
7f34c852f000-7f34c8530000 rw-p 00010000 09:01 1312403                    /usr/lib/java_sdk/jre/lib/amd64/libnio.so
7f34c8530000-7f34c8532000 r--s 00008000 09:01 1441923                    /usr/local/lib/apache-tomcat-7.0.20/bin/tomcat-juli.jar
7f34c8532000-7f34c8533000 r--s 00005000 09:01 1441916                    /usr/local/lib/apache-tomcat-7.0.20/bin/commons-daemon.jar
7f34c8533000-7f34c8534000 r--s 00006000 09:01 1441912                    /usr/local/lib/apache-tomcat-7.0.20/bin/bootstrap.jar
7f34c8534000-7f34c8535000 ---p 00000000 00:00 0 
7f34c8535000-7f34c8635000 rw-p 00000000 00:00 0 
7f34c8635000-7f34c8638000 ---p 00000000 00:00 0 
7f34c8638000-7f34c8736000 rw-p 00000000 00:00 0 
7f34c8736000-7f34c8739000 ---p 00000000 00:00 0 
7f34c8739000-7f34c8837000 rw-p 00000000 00:00 0 
7f34c8837000-7f34c883a000 ---p 00000000 00:00 0 
7f34c883a000-7f34c8938000 rw-p 00000000 00:00 0 
7f34c8938000-7f34c893b000 ---p 00000000 00:00 0 
7f34c893b000-7f34c8a39000 rw-p 00000000 00:00 0 
7f34c8a39000-7f34c8bae000 r--p 00000000 09:01 1049643                    /usr/lib/locale/locale-archive
7f34c8bae000-7f34c8bb1000 ---p 00000000 00:00 0 
7f34c8bb1000-7f34c8caf000 rw-p 00000000 00:00 0 
7f34c8caf000-7f34c8cb2000 ---p 00000000 00:00 0 
7f34c8cb2000-7f34c8db0000 rw-p 00000000 00:00 0 
7f34c8db0000-7f34c8db1000 ---p 00000000 00:00 0 
7f34c8db1000-7f34c9426000 rw-p 00000000 00:00 0 
7f34c9426000-7f34c95e5000 r--s 039fa000 09:01 1312380                    /usr/lib/java_sdk/jre/lib/rt.jar
7f34c95e5000-7f34c960d000 rw-p 00000000 00:00 0 
7f34c960d000-7f34c960e000 ---p 00000000 00:00 0 
7f34c960e000-7f34c970e000 rw-p 00000000 00:00 0 
7f34c970e000-7f34c970f000 ---p 00000000 00:00 0 
7f34c970f000-7f34c980f000 rw-p 00000000 00:00 0 
7f34c980f000-7f34c9810000 ---p 00000000 00:00 0 
7f34c9810000-7f34c9910000 rw-p 00000000 00:00 0 
7f34c9910000-7f34c9911000 ---p 00000000 00:00 0 
7f34c9911000-7f34c9a36000 rw-p 00000000 00:00 0 
7f34c9a36000-7f34c9a3a000 ---p 00000000 00:00 0 
7f34c9a3a000-7f34c9b98000 rw-p 00000000 00:00 0 
7f34c9b98000-7f34c9cbe000 rw-p 00000000 00:00 0 
7f34c9cbe000-7f34c9ce3000 rw-p 00000000 00:00 0 
7f34c9ce3000-7f34c9ce7000 ---p 00000000 00:00 0 
7f34c9ce7000-7f34c9e45000 rw-p 00000000 00:00 0 
7f34c9e45000-7f34c9f6a000 rw-p 00000000 00:00 0 
7f34c9f6a000-7f34c9fa0000 rw-p 00000000 00:00 0 
7f34c9fa0000-7f34ca071000 ---p 00000000 00:00 0 
7f34ca071000-7f34ca0ac000 rw-p 00000000 00:00 0 
7f34ca0ac000-7f34ca0ad000 rw-p 00000000 00:00 0 
7f34ca0ad000-7f34cb32d000 rwxp 00000000 00:00 0 
7f34cb32d000-7f34cd0ad000 rw-p 00000000 00:00 0 
7f34cd0ad000-7f34cd0c7000 r-xp 00000000 09:01 1312401                    /usr/lib/java_sdk/jre/lib/amd64/libzip.so
7f34cd0c7000-7f34cd2c7000 ---p 0001a000 09:01 1312401                    /usr/lib/java_sdk/jre/lib/amd64/libzip.so
7f34cd2c7000-7f34cd2c8000 rw-p 0001a000 09:01 1312401                    /usr/lib/java_sdk/jre/lib/amd64/libzip.so
7f34cd2c8000-7f34cd2d4000 r-xp 00000000 09:01 5115300                    /lib/libnss_files-2.11.3.so
7f34cd2d4000-7f34cd4d3000 ---p 0000c000 09:01 5115300                    /lib/libnss_files-2.11.3.so
7f34cd4d3000-7f34cd4d4000 r--p 0000b000 09:01 5115300                    /lib/libnss_files-2.11.3.so
7f34cd4d4000-7f34cd4d5000 rw-p 0000c000 09:01 5115300                    /lib/libnss_files-2.11.3.so
7f34cd4d5000-7f34cd4df000 r-xp 00000000 09:01 5115302                    /lib/libnss_nis-2.11.3.so
7f34cd4df000-7f34cd6de000 ---p 0000a000 09:01 5115302                    /lib/libnss_nis-2.11.3.so
7f34cd6de000-7f34cd6df000 r--p 00009000 09:01 5115302                    /lib/libnss_nis-2.11.3.so
7f34cd6df000-7f34cd6e0000 rw-p 0000a000 09:01 5115302                    /lib/libnss_nis-2.11.3.so
7f34cd6e0000-7f34cd6f5000 r-xp 00000000 09:01 5115297                    /lib/libnsl-2.11.3.so
7f34cd6f5000-7f34cd8f4000 ---p 00015000 09:01 5115297                    /lib/libnsl-2.11.3.so
7f34cd8f4000-7f34cd8f5000 r--p 00014000 09:01 5115297                    /lib/libnsl-2.11.3.so
7f34cd8f5000-7f34cd8f6000 rw-p 00015000 09:01 5115297                    /lib/libnsl-2.11.3.so
7f34cd8f6000-7f34cd8f8000 rw-p 00000000 00:00 0 
7f34cd8f8000-7f34cd8ff000 r-xp 00000000 09:01 5115298                    /lib/libnss_compat-2.11.3.so
7f34cd8ff000-7f34cdafe000 ---p 00007000 09:01 5115298                    /lib/libnss_compat-2.11.3.so
7f34cdafe000-7f34cdaff000 r--p 00006000 09:01 5115298                    /lib/libnss_compat-2.11.3.so
7f34cdaff000-7f34cdb00000 rw-p 00007000 09:01 5115298                    /lib/libnss_compat-2.11.3.so
7f34cdb00000-7f34cdb29000 r-xp 00000000 09:01 1312422                    /usr/lib/java_sdk/jre/lib/amd64/libjava.so
7f34cdb29000-7f34cdd29000 ---p 00029000 09:01 1312422                    /usr/lib/java_sdk/jre/lib/amd64/libjava.so
7f34cdd29000-7f34cdd2b000 rw-p 00029000 09:01 1312422                    /usr/lib/java_sdk/jre/lib/amd64/libjava.so
7f34cdd2b000-7f34cdd3a000 r-xp 00000000 09:01 1312389                    /usr/lib/java_sdk/jre/lib/amd64/libverify.so
7f34cdd3a000-7f34cdf39000 ---p 0000f000 09:01 1312389                    /usr/lib/java_sdk/jre/lib/amd64/libverify.so
7f34cdf39000-7f34cdf3b000 rw-p 0000e000 09:01 1312389                    /usr/lib/java_sdk/jre/lib/amd64/libverify.so
7f34cdf3b000-7f34cdf42000 r-xp 00000000 09:01 5115306                    /lib/librt-2.11.3.so
7f34cdf42000-7f34ce141000 ---p 00007000 09:01 5115306                    /lib/librt-2.11.3.so
7f34ce141000-7f34ce142000 r--p 00006000 09:01 5115306                    /lib/librt-2.11.3.so
7f34ce142000-7f34ce143000 rw-p 00007000 09:01 5115306                    /lib/librt-2.11.3.so
7f34ce143000-7f34ce1c3000 r-xp 00000000 09:01 5115295                    /lib/libm-2.11.3.so
7f34ce1c3000-7f34ce3c3000 ---p 00080000 09:01 5115295                    /lib/libm-2.11.3.so
7f34ce3c3000-7f34ce3c4000 r--p 00080000 09:01 5115295                    /lib/libm-2.11.3.so
7f34ce3c4000-7f34ce3c5000 rw-p 00081000 09:01 5115295                    /lib/libm-2.11.3.so
7f34ce3c5000-7f34ced95000 r-xp 00000000 09:01 1312425                    /usr/lib/java_sdk/jre/lib/amd64/server/libjvm.so
7f34ced95000-7f34cef95000 ---p 009d0000 09:01 1312425                    /usr/lib/java_sdk/jre/lib/amd64/server/libjvm.so
7f34cef95000-7f34cf030000 rw-p 009d0000 09:01 1312425                    /usr/lib/java_sdk/jre/lib/amd64/server/libjvm.so
7f34cf030000-7f34cf069000 rw-p 00000000 00:00 0 
7f34cf069000-7f34cf1c2000 r-xp 00000000 09:01 5115291                    /lib/libc-2.11.3.so
7f34cf1c2000-7f34cf3c1000 ---p 00159000 09:01 5115291                    /lib/libc-2.11.3.so
7f34cf3c1000-7f34cf3c5000 r--p 00158000 09:01 5115291                    /lib/libc-2.11.3.so
7f34cf3c5000-7f34cf3c6000 rw-p 0015c000 09:01 5115291                    /lib/libc-2.11.3.so
7f34cf3c6000-7f34cf3cb000 rw-p 00000000 00:00 0 
7f34cf3cb000-7f34cf3cd000 r-xp 00000000 09:01 5115294                    /lib/libdl-2.11.3.so
7f34cf3cd000-7f34cf5cd000 ---p 00002000 09:01 5115294                    /lib/libdl-2.11.3.so
7f34cf5cd000-7f34cf5ce000 r--p 00002000 09:01 5115294                    /lib/libdl-2.11.3.so
7f34cf5ce000-7f34cf5cf000 rw-p 00003000 09:01 5115294                    /lib/libdl-2.11.3.so
7f34cf5cf000-7f34cf5e5000 r-xp 00000000 09:01 1312414                    /usr/lib/java_sdk/jre/lib/amd64/jli/libjli.so
7f34cf5e5000-7f34cf7e4000 ---p 00016000 09:01 1312414                    /usr/lib/java_sdk/jre/lib/amd64/jli/libjli.so
7f34cf7e4000-7f34cf7e5000 rw-p 00015000 09:01 1312414                    /usr/lib/java_sdk/jre/lib/amd64/jli/libjli.so
7f34cf7e5000-7f34cf7fc000 r-xp 00000000 09:01 5112024                    /lib/libpthread-2.11.3.so
7f34cf7fc000-7f34cf9fb000 ---p 00017000 09:01 5112024                    /lib/libpthread-2.11.3.so
7f34cf9fb000-7f34cf9fc000 r--p 00016000 09:01 5112024                    /lib/libpthread-2.11.3.so
7f34cf9fc000-7f34cf9fd000 rw-p 00017000 09:01 5112024                    /lib/libpthread-2.11.3.so
7f34cf9fd000-7f34cfa01000 rw-p 00000000 00:00 0 
7f34cfa01000-7f34cfa1f000 r-xp 00000000 09:01 5115288                    /lib/ld-2.11.3.so
7f34cfa1f000-7f34cfa20000 r--s 00003000 09:01 1312445                    /usr/lib/java_sdk/jre/lib/ext/sunec.jar
7f34cfa20000-7f34cfa24000 r--s 00088000 09:01 1312331                    /usr/lib/java_sdk/jre/lib/jsse.jar
7f34cfa24000-7f34cfa26000 r--s 0000c000 09:01 1441928                    /usr/local/lib/apache-tomcat-7.0.20/lib/catalina-ant.jar
7f34cfa26000-7f34cfa2a000 r--s 0003a000 09:01 1441930                    /usr/local/lib/apache-tomcat-7.0.20/lib/catalina-tribes.jar
7f34cfa2a000-7f34cfa2b000 r--s 00005000 09:01 1441945                    /usr/local/lib/apache-tomcat-7.0.20/lib/tomcat-util.jar
7f34cfa2b000-7f34cfa33000 r--s 00089000 09:01 1441935                    /usr/local/lib/apache-tomcat-7.0.20/lib/jasper.jar
7f34cfa33000-7f34cfa34000 r--s 00001000 09:01 1441938                    /usr/local/lib/apache-tomcat-7.0.20/lib/tomcat-api.jar
7f34cfa34000-7f34cfa46000 r--s 00154000 09:01 1441931                    /usr/local/lib/apache-tomcat-7.0.20/lib/catalina.jar
7f34cfa46000-7f34cfa90000 rw-p 00000000 00:00 0 
7f34cfa90000-7f34cfb06000 rw-p 00000000 00:00 0 
7f34cfb06000-7f34cfb0e000 rw-s 00000000 09:01 4849670                    /tmp/hsperfdata_root/23551
7f34cfb0e000-7f34cfb11000 ---p 00000000 00:00 0 
7f34cfb11000-7f34cfc13000 rw-p 00000000 00:00 0 
7f34cfc13000-7f34cfc15000 r--s 0000b000 09:01 1441943                    /usr/local/lib/apache-tomcat-7.0.20/lib/tomcat-i18n-ja.jar
7f34cfc15000-7f34cfc18000 r--s 00013000 09:01 1441936                    /usr/local/lib/apache-tomcat-7.0.20/lib/jsp-api.jar
7f34cfc18000-7f34cfc1a000 r--s 0000a000 09:01 1441942                    /usr/local/lib/apache-tomcat-7.0.20/lib/tomcat-i18n-fr.jar
7f34cfc1a000-7f34cfc1b000 rw-p 00000000 00:00 0 
7f34cfc1b000-7f34cfc1c000 r--p 00000000 00:00 0 
7f34cfc1c000-7f34cfc1e000 rw-p 00000000 00:00 0 
7f34cfc1e000-7f34cfc1f000 r--p 0001d000 09:01 5115288                    /lib/ld-2.11.3.so
7f34cfc1f000-7f34cfc20000 rw-p 0001e000 09:01 5115288                    /lib/ld-2.11.3.so
7f34cfc20000-7f34cfc21000 rw-p 00000000 00:00 0 
7fff07199000-7fff071ae000 rw-p 00000000 00:00 0                          [stack]
7fff071c8000-7fff071c9000 r-xp 00000000 00:00 0                          [vdso]
ffffffffff600000-ffffffffff601000 r-xp 00000000 00:00 0                  [vsyscall]

VM Arguments:
jvm_args: -Djava.util.logging.config.file=/usr/local/lib/apache-tomcat-7.0.20/conf/logging.properties -Djava.util.logging.manager=org.apache.juli.ClassLoaderLogManager -Djava.endorsed.dirs=/usr/local/lib/apache-tomcat-7.0.20/endorsed -Dcatalina.base=/usr/local/lib/apache-tomcat-7.0.20 -Dcatalina.home=/usr/local/lib/apache-tomcat-7.0.20 -Djava.io.tmpdir=/usr/local/lib/apache-tomcat-7.0.20/temp 
java_command: org.apache.catalina.startup.Bootstrap start
Launcher Type: SUN_STANDARD

Environment Variables:
JAVA_HOME=/usr/lib/java_sdk
PATH=/etc/alternatives/apache-maven/bin:/usr/lib/java_sdk/bin:/etc/alternatives/apache-ant/bin:/usr/local/sbin:/usr/local/bin:/usr/sbin:/usr/bin:/sbin:/bin
SHELL=/bin/bash

Signal Handlers:
SIGSEGV: [libjvm.so+0x84be70], sa_mask[0]=0x7ffbfeff, sa_flags=0x10000004
SIGBUS: [libjvm.so+0x84be70], sa_mask[0]=0x7ffbfeff, sa_flags=0x10000004
SIGFPE: [libjvm.so+0x6f3820], sa_mask[0]=0x7ffbfeff, sa_flags=0x10000004
SIGPIPE: [libjvm.so+0x6f3820], sa_mask[0]=0x7ffbfeff, sa_flags=0x10000004
SIGXFSZ: [libjvm.so+0x6f3820], sa_mask[0]=0x7ffbfeff, sa_flags=0x10000004
SIGILL: [libjvm.so+0x6f3820], sa_mask[0]=0x7ffbfeff, sa_flags=0x10000004
SIGUSR1: SIG_DFL, sa_mask[0]=0x00000000, sa_flags=0x00000000
SIGUSR2: [libjvm.so+0x6f3190], sa_mask[0]=0x00000000, sa_flags=0x10000004
SIGHUP: [libjvm.so+0x6f5650], sa_mask[0]=0x7ffbfeff, sa_flags=0x10000004
SIGINT: SIG_IGN, sa_mask[0]=0x00000000, sa_flags=0x00000000
SIGTERM: [libjvm.so+0x6f5650], sa_mask[0]=0x7ffbfeff, sa_flags=0x10000004
SIGQUIT: [libjvm.so+0x6f5650], sa_mask[0]=0x7ffbfeff, sa_flags=0x10000004


---------------  S Y S T E M  ---------------

OS:6.0.4

uname:Linux 2.6.32-5-amd64 #1 SMP Mon Oct 3 03:59:20 UTC 2011 x86_64
libc:glibc 2.11.3 NPTL 2.11.3 
rlimit: STACK 8192k, CORE 0k, NPROC infinity, NOFILE 1024, AS infinity
load average:0,19 0,12 0,04

/proc/meminfo:
MemTotal:        7903644 kB
MemFree:         1668892 kB
Buffers:          322412 kB
Cached:          4623756 kB
SwapCached:            0 kB
Active:          3979896 kB
Inactive:        1960100 kB
Active(anon):    1002392 kB
Inactive(anon):     3900 kB
Active(file):    2977504 kB
Inactive(file):  1956200 kB
Unevictable:           0 kB
Mlocked:               0 kB
SwapTotal:      15624052 kB
SwapFree:       15624052 kB
Dirty:               172 kB
Writeback:             0 kB
AnonPages:        993844 kB
Mapped:            36184 kB
Shmem:             12464 kB
Slab:             231312 kB
SReclaimable:     213212 kB
SUnreclaim:        18100 kB
KernelStack:        2096 kB
PageTables:         8800 kB
NFS_Unstable:          0 kB
Bounce:                0 kB
WritebackTmp:          0 kB
CommitLimit:    19575872 kB
Committed_AS:    1666200 kB
VmallocTotal:   34359738367 kB
VmallocUsed:      119784 kB
VmallocChunk:   34359611996 kB
HardwareCorrupted:     0 kB
HugePages_Total:       0
HugePages_Free:        0
HugePages_Rsvd:        0
HugePages_Surp:        0
Hugepagesize:       2048 kB
DirectMap4k:       10240 kB
DirectMap2M:     8361984 kB


CPU:total 4 (4 cores per cpu, 1 threads per core) family 6 model 42 stepping 7, cmov, cx8, fxsr, mmx, sse, sse2, sse3, ssse3, sse4.1, sse4.2, popcnt

/proc/cpuinfo:
processor	: 0
vendor_id	: GenuineIntel
cpu family	: 6
model		: 42
model name	: Intel(R) Xeon(R) CPU E31220 @ 3.10GHz
stepping	: 7
cpu MHz		: 3093.108
cache size	: 8192 KB
physical id	: 0
siblings	: 4
core id		: 0
cpu cores	: 4
apicid		: 0
initial apicid	: 0
fpu		: yes
fpu_exception	: yes
cpuid level	: 13
wp		: yes
flags		: fpu vme de pse tsc msr pae mce cx8 apic sep mtrr pge mca cmov pat pse36 clflush dts acpi mmx fxsr sse sse2 ss ht tm pbe syscall nx rdtscp lm constant_tsc arch_perfmon pebs bts rep_good xtopology nonstop_tsc aperfmperf pni pclmulqdq dtes64 monitor ds_cpl vmx smx est tm2 ssse3 cx16 xtpr pdcm sse4_1 sse4_2 x2apic popcnt aes xsave avx lahf_lm ida arat tpr_shadow vnmi flexpriority ept vpid
bogomips	: 6186.21
clflush size	: 64
cache_alignment	: 64
address sizes	: 36 bits physical, 48 bits virtual
power management:

processor	: 1
vendor_id	: GenuineIntel
cpu family	: 6
model		: 42
model name	: Intel(R) Xeon(R) CPU E31220 @ 3.10GHz
stepping	: 7
cpu MHz		: 3093.108
cache size	: 8192 KB
physical id	: 0
siblings	: 4
core id		: 1
cpu cores	: 4
apicid		: 2
initial apicid	: 2
fpu		: yes
fpu_exception	: yes
cpuid level	: 13
wp		: yes
flags		: fpu vme de pse tsc msr pae mce cx8 apic sep mtrr pge mca cmov pat pse36 clflush dts acpi mmx fxsr sse sse2 ss ht tm pbe syscall nx rdtscp lm constant_tsc arch_perfmon pebs bts rep_good xtopology nonstop_tsc aperfmperf pni pclmulqdq dtes64 monitor ds_cpl vmx smx est tm2 ssse3 cx16 xtpr pdcm sse4_1 sse4_2 x2apic popcnt aes xsave avx lahf_lm ida arat tpr_shadow vnmi flexpriority ept vpid
bogomips	: 6185.65
clflush size	: 64
cache_alignment	: 64
address sizes	: 36 bits physical, 48 bits virtual
power management:

processor	: 2
vendor_id	: GenuineIntel
cpu family	: 6
model		: 42
model name	: Intel(R) Xeon(R) CPU E31220 @ 3.10GHz
stepping	: 7
cpu MHz		: 3093.108
cache size	: 8192 KB
physical id	: 0
siblings	: 4
core id		: 2
cpu cores	: 4
apicid		: 4
initial apicid	: 4
fpu		: yes
fpu_exception	: yes
cpuid level	: 13
wp		: yes
flags		: fpu vme de pse tsc msr pae mce cx8 apic sep mtrr pge mca cmov pat pse36 clflush dts acpi mmx fxsr sse sse2 ss ht tm pbe syscall nx rdtscp lm constant_tsc arch_perfmon pebs bts rep_good xtopology nonstop_tsc aperfmperf pni pclmulqdq dtes64 monitor ds_cpl vmx smx est tm2 ssse3 cx16 xtpr pdcm sse4_1 sse4_2 x2apic popcnt aes xsave avx lahf_lm ida arat tpr_shadow vnmi flexpriority ept vpid
bogomips	: 6185.66
clflush size	: 64
cache_alignment	: 64
address sizes	: 36 bits physical, 48 bits virtual
power management:

processor	: 3
vendor_id	: GenuineIntel
cpu family	: 6
model		: 42
model name	: Intel(R) Xeon(R) CPU E31220 @ 3.10GHz
stepping	: 7
cpu MHz		: 3093.108
cache size	: 8192 KB
physical id	: 0
siblings	: 4
core id		: 3
cpu cores	: 4
apicid		: 6
initial apicid	: 6
fpu		: yes
fpu_exception	: yes
cpuid level	: 13
wp		: yes
flags		: fpu vme de pse tsc msr pae mce cx8 apic sep mtrr pge mca cmov pat pse36 clflush dts acpi mmx fxsr sse sse2 ss ht tm pbe syscall nx rdtscp lm constant_tsc arch_perfmon pebs bts rep_good xtopology nonstop_tsc aperfmperf pni pclmulqdq dtes64 monitor ds_cpl vmx smx est tm2 ssse3 cx16 xtpr pdcm sse4_1 sse4_2 x2apic popcnt aes xsave avx lahf_lm ida arat tpr_shadow vnmi flexpriority ept vpid
bogomips	: 6185.65
clflush size	: 64
cache_alignment	: 64
address sizes	: 36 bits physical, 48 bits virtual
power management:



Memory: 4k page, physical 7903644k(1668892k free), swap 15624052k(15624052k free)

vm_info: Java HotSpot(TM) 64-Bit Server VM (21.0-b17) for linux-amd64 JRE (1.7.0-b147), built on Jun 27 2011 01:30:59 by "java_re" with gcc 4.3.0 20080428 (Red Hat 4.3.0-8)

time: Fri Feb 17 15:23:24 2012
elapsed time: 319036 seconds

