#
# A fatal error has been detected by the Java Runtime Environment:
#
#  SIGSEGV (0xb) at pc=0x00007fb49903d939, pid=9241, tid=140413732644608
#
# JRE version: 7.0-b147
# Java VM: Java HotSpot(TM) 64-Bit Server VM (21.0-b17 mixed mode linux-amd64 compressed oops)
# Problematic frame:
# J  org.apache.lucene.analysis.PorterStemmer.stem([CII)Z
#
# Core dump written. Default location: /dados/dspace/bin/core or core.9241
#
# If you would like to submit a bug report, please visit:
#   http://bugreport.sun.com/bugreport/crash.jsp
#

---------------  T H R E A D  ---------------

Current thread (0x0000000000acf800):  JavaThread "main" [_thread_in_Java, id=9242, stack(0x00007fb49e97e000,0x00007fb49ea7f000)]

siginfo:si_signo=SIGSEGV: si_errno=0, si_code=1 (SEGV_MAPERR), si_addr=0x00000002fabd0c24

Registers:
RAX=0x00000000ebe87f70, RBX=0x00007fb49ea7c9c0, RCX=0x0000000000000000, RDX=0x0000000000000002
RSP=0x00007fb49ea7c9c0, RBP=0x00000000fabd0c18, RSI=0x00007fb49ea7c968, RDI=0x0000000000000037
R8 =0x0000000000000032, R9 =0x00000000fffffffd, R10=0x00000000fabd0c18, R11=0x0000000000000037
R12=0x0000000000000000, R13=0x0000000000000031, R14=0x00000000fffffffe, R15=0x0000000000acf800
RIP=0x00007fb49903d939, EFLAGS=0x0000000000010282, CSGSFS=0x0000000000000033, ERR=0x0000000000000004
  TRAPNO=0x000000000000000e

Top of Stack: (sp=0x00007fb49ea7c9c0)
0x00007fb49ea7c9c0:   00000000fabceb18 0000000000000003
0x00007fb49ea7c9d0:   00000000fabacf60 00007fb49ea7c9d8
0x00007fb49ea7c9e0:   00000000fabd0bf0 00007fb49ea7ca28
0x00007fb49ea7c9f0:   00000000ebe55648 00000000ebe84af0
0x00007fb49ea7ca00:   00007fb49ea7ca78 00007fb498f25290
0x00007fb49ea7ca10:   00007fb498f25290 0000000000000003
0x00007fb49ea7ca20:   0000000000000000 00000000fabceb18
0x00007fb49ea7ca30:   00000000fabd0bf0 00007fb49ea7ca38
0x00007fb49ea7ca40:   00000000ebd9fa2a 00007fb49ea7ca90
0x00007fb49ea7ca50:   00000000ebe5d0d0 00000000ebe86618
0x00007fb49ea7ca60:   00000000ebd9fa70 00007fb49ea7ca18
0x00007fb49ea7ca70:   00007fb49ea7caa0 00000000fabacf60
0x00007fb49ea7ca80:   00007fb49903bf38 00000000fabacf60
0x00007fb49ea7ca90:   00000000fabd0bd8 00007fb49903bf38
0x00007fb49ea7caa0:   00007fb49ea7cae0 00000000fab48428
0x00007fb49ea7cab0:   00000000fabd0bd8 00000000fab48428
0x00007fb49ea7cac0:   0000000200002710 00000000fabaced8
0x00007fb49ea7cad0:   00007fb49ea7cb28 00007fb498f24f98
0x00007fb49ea7cae0:   00000000fab57d00 00007fb49ea7cae8
0x00007fb49ea7caf0:   00000000ebdf3890 00007fb49ea7cb38
0x00007fb49ea7cb00:   00007fb49ea7cb80 00007fb498f24f98
0x00007fb49ea7cb10:   00000000ebdf38a8 00007fb498f24f98
0x00007fb49ea7cb20:   0000000000002710 00000000fc8e8ac0
0x00007fb49ea7cb30:   00000000fab48428 00000000fabaced8
0x00007fb49ea7cb40:   00007fb49ea7cb40 00000000ebe4bc0a
0x00007fb49ea7cb50:   00007fb49ea7cbf0 00000000ebe51828
0x00007fb49ea7cb60:   0000000000000000 00000000ebe4bdd0
0x00007fb49ea7cb70:   00007fb49ea7cb20 00007fb49ea7cbe8
0x00007fb49ea7cb80:   00007fb49ea7cc38 00007fb498f24f98
0x00007fb49ea7cb90:   0000000000000000 0000000000000000
0x00007fb49ea7cba0:   0000000000000000 0000000000000000
0x00007fb49ea7cbb0:   0000000000000000 0000000000000000 

Instructions: (pc=0x00007fb49903d939)
0x00007fb49903d919:   6c 52 0e 45 0f b7 5c 52 10 4c 8b 4c 24 20 41 8b
0x00007fb49903d929:   49 18 44 8b ca 41 83 c1 fb 44 8b f2 41 83 c6 fc
0x00007fb49903d939:   43 0f b7 7c 72 10 48 63 f2 41 0f b7 5c 72 10 8b
0x00007fb49903d949:   c2 83 c0 fe 89 04 24 41 0f b7 44 42 10 83 c2 fd 

Register to memory mapping:

RAX=0x00000000ebe87f70 is an oop
{method data} 
 - klass: {other class}
RBX=0x00007fb49ea7c9c0 is pointing into the stack for thread: 0x0000000000acf800
RCX=0x0000000000000000 is an unknown value
RDX=0x0000000000000002 is an unknown value
RSP=0x00007fb49ea7c9c0 is pointing into the stack for thread: 0x0000000000acf800
RBP=0x00000000fabd0c18 is an oop
[C 
 - klass: {type array char}
 - length: 50
RSI=0x00007fb49ea7c968 is pointing into the stack for thread: 0x0000000000acf800
RDI=0x0000000000000037 is an unknown value
R8 =0x0000000000000032 is an unknown value
R9 =0x00000000fffffffd is an unallocated location in the heap
R10=0x00000000fabd0c18 is an oop
[C 
 - klass: {type array char}
 - length: 50
R11=0x0000000000000037 is an unknown value
R12=0x0000000000000000 is an unknown value
R13=0x0000000000000031 is an unknown value
R14=0x00000000fffffffe is an unallocated location in the heap
R15=0x0000000000acf800 is a thread


Stack: [0x00007fb49e97e000,0x00007fb49ea7f000],  sp=0x00007fb49ea7c9c0,  free space=1018k
Native frames: (J=compiled Java code, j=interpreted, Vv=VM code, C=native code)
J  org.apache.lucene.analysis.PorterStemmer.stem([CII)Z


---------------  P R O C E S S  ---------------

Java Threads: ( => current thread )
  0x000000000105e800 JavaThread "pool-1-thread-1" [_thread_blocked, id=9256, stack(0x00007fb492cff000,0x00007fb492e00000)]
  0x00007fb494308000 JavaThread "FinalizableReferenceQueue" daemon [_thread_blocked, id=9255, stack(0x00007fb492e00000,0x00007fb492f01000)]
  0x00007fb494009000 JavaThread "Service Thread" daemon [_thread_blocked, id=9253, stack(0x00007fb493986000,0x00007fb493a87000)]
  0x00007fb494006000 JavaThread "C2 CompilerThread1" daemon [_thread_in_native, id=9252, stack(0x00007fb493a87000,0x00007fb493b88000)]
  0x0000000000ba9800 JavaThread "C2 CompilerThread0" daemon [_thread_in_native, id=9251, stack(0x00007fb493b88000,0x00007fb493c89000)]
  0x0000000000ba7000 JavaThread "Signal Dispatcher" daemon [_thread_blocked, id=9250, stack(0x00007fb493c89000,0x00007fb493d8a000)]
  0x0000000000b5d000 JavaThread "Finalizer" daemon [_thread_blocked, id=9249, stack(0x00007fb493eff000,0x00007fb494000000)]
  0x0000000000b5b000 JavaThread "Reference Handler" daemon [_thread_blocked, id=9248, stack(0x00007fb498094000,0x00007fb498195000)]
=>0x0000000000acf800 JavaThread "main" [_thread_in_Java, id=9242, stack(0x00007fb49e97e000,0x00007fb49ea7f000)]

Other Threads:
  0x0000000000b53800 VMThread [stack: 0x00007fb498195000,0x00007fb498296000] [id=9247]
  0x00007fb494013800 WatcherThread [stack: 0x00007fb493885000,0x00007fb493986000] [id=9254]

VM state:not at safepoint (normal execution)

VM Mutex/Monitor currently owned by a thread: None

Heap
 PSYoungGen      total 36032K, used 6701K [0x00000000faab0000, 0x00000000fd2e0000, 0x0000000100000000)
  eden space 30912K, 5% used [0x00000000faab0000,0x00000000fac43240,0x00000000fc8e0000)
  from space 5120K, 99% used [0x00000000fc8e0000,0x00000000fcdd8278,0x00000000fcde0000)
  to   space 5120K, 0% used [0x00000000fcde0000,0x00000000fcde0000,0x00000000fd2e0000)
 PSOldGen        total 82368K, used 2002K [0x00000000f0000000, 0x00000000f5070000, 0x00000000faab0000)
  object space 82368K, 2% used [0x00000000f0000000,0x00000000f01f4908,0x00000000f5070000)
 PSPermGen       total 21248K, used 17047K [0x00000000eae00000, 0x00000000ec2c0000, 0x00000000f0000000)
  object space 21248K, 80% used [0x00000000eae00000,0x00000000ebea5ce8,0x00000000ec2c0000)

Code Cache  [0x00007fb498f1f000, 0x00007fb49918f000, 0x00007fb49bf1f000)
 total_blobs=615 nmethods=264 adapters=303 free_code_cache=47995Kb largest_free_block=49105408

Dynamic libraries:
00400000-00401000 r-xp 00000000 09:01 1310905                            /usr/lib/java_sdk/bin/java
00600000-00601000 rw-p 00000000 09:01 1310905                            /usr/lib/java_sdk/bin/java
00ac5000-017d4000 rw-p 00000000 00:00 0                                  [heap]
eae00000-ec2c0000 rw-p 00000000 00:00 0 
ec2c0000-f0000000 rw-p 00000000 00:00 0 
f0000000-f5070000 rw-p 00000000 00:00 0 
f5070000-faab0000 rw-p 00000000 00:00 0 
faab0000-fd2e0000 rw-p 00000000 00:00 0 
fd2e0000-ff110000 ---p 00000000 00:00 0 
ff110000-100000000 rw-p 00000000 00:00 0 
7fb492cff000-7fb492d02000 ---p 00000000 00:00 0 
7fb492d02000-7fb492e00000 rw-p 00000000 00:00 0 
7fb492e00000-7fb492e03000 ---p 00000000 00:00 0 
7fb492e03000-7fb492f01000 rw-p 00000000 00:00 0 
7fb492f01000-7fb492f11000 r-xp 00000000 09:01 1312403                    /usr/lib/java_sdk/jre/lib/amd64/libnio.so
7fb492f11000-7fb493111000 ---p 00010000 09:01 1312403                    /usr/lib/java_sdk/jre/lib/amd64/libnio.so
7fb493111000-7fb493112000 rw-p 00010000 09:01 1312403                    /usr/lib/java_sdk/jre/lib/amd64/libnio.so
7fb493112000-7fb493127000 r-xp 00000000 09:01 1312388                    /usr/lib/java_sdk/jre/lib/amd64/libnet.so
7fb493127000-7fb493327000 ---p 00015000 09:01 1312388                    /usr/lib/java_sdk/jre/lib/amd64/libnet.so
7fb493327000-7fb493328000 rw-p 00015000 09:01 1312388                    /usr/lib/java_sdk/jre/lib/amd64/libnet.so
7fb493328000-7fb493330000 r-xp 00000000 09:01 1312412                    /usr/lib/java_sdk/jre/lib/amd64/libmanagement.so
7fb493330000-7fb49352f000 ---p 00008000 09:01 1312412                    /usr/lib/java_sdk/jre/lib/amd64/libmanagement.so
7fb49352f000-7fb493530000 rw-p 00007000 09:01 1312412                    /usr/lib/java_sdk/jre/lib/amd64/libmanagement.so
7fb493530000-7fb493532000 r-xp 00000000 09:01 917545                     /usr/lib/gconv/ISO8859-1.so
7fb493532000-7fb493731000 ---p 00002000 09:01 917545                     /usr/lib/gconv/ISO8859-1.so
7fb493731000-7fb493732000 r--p 00001000 09:01 917545                     /usr/lib/gconv/ISO8859-1.so
7fb493732000-7fb493733000 rw-p 00002000 09:01 917545                     /usr/lib/gconv/ISO8859-1.so
7fb493733000-7fb49373a000 r--s 00000000 09:01 918774                     /usr/lib/gconv/gconv-modules.cache
7fb49373a000-7fb49374f000 r--p 00000000 09:01 923885                     /usr/share/locale/pt_BR/LC_MESSAGES/libc.mo
7fb49374f000-7fb493751000 r--s 00001000 09:01 396790                     /dados/dspace/lib/slf4j-jdk14-1.5.6.jar
7fb493751000-7fb493753000 r--s 00004000 09:01 396789                     /dados/dspace/lib/slf4j-api-1.5.6.jar
7fb493753000-7fb493756000 r--s 00011000 09:01 396788                     /dados/dspace/lib/servlet-api-2.3.jar
7fb493756000-7fb49375a000 r--s 00032000 09:01 396787                     /dados/dspace/lib/rome-1.0.jar
7fb49375a000-7fb493762000 r--s 0005e000 09:01 396786                     /dados/dspace/lib/reflectutils-0.9.10.jar
7fb493762000-7fb493767000 r--s 0005e000 09:01 396785                     /dados/dspace/lib/postgresql-8.1-408.jdbc3.jar
7fb493767000-7fb493773000 r--s 000b8000 09:01 396784                     /dados/dspace/lib/poi-2.5.1-final-20040804.jar
7fb493773000-7fb493781000 r--s 0031d000 09:01 396783                     /dados/dspace/lib/pdfbox-0.7.3.jar
7fb493781000-7fb493783000 r--s 0000e000 09:01 396782                     /dados/dspace/lib/oro-2.0.8.jar
7fb493783000-7fb493784000 r--s 00003000 09:01 396781                     /dados/dspace/lib/oclc-harvester2-0.1.12.jar
7fb493784000-7fb49378b000 r--s 00037000 09:01 396780                     /dados/dspace/lib/modules-0.3.2.jar
7fb49378b000-7fb49378d000 r--s 0001d000 09:01 396779                     /dados/dspace/lib/mets-1.5.2.jar
7fb49378d000-7fb493793000 r--s 00059000 09:01 396778                     /dados/dspace/lib/mail-1.4.jar
7fb493793000-7fb493794000 r--s 00004000 09:01 396777                     /dados/dspace/lib/lucene-spellchecker-2.9.1.jar
7fb493794000-7fb493796000 r--s 0001b000 09:01 396776                     /dados/dspace/lib/lucene-snowball-2.9.1.jar
7fb493796000-7fb493797000 r--s 00008000 09:01 396775                     /dados/dspace/lib/lucene-queries-2.9.1.jar
7fb493797000-7fb493799000 r--s 0000d000 09:01 396774                     /dados/dspace/lib/lucene-misc-2.9.1.jar
7fb493799000-7fb49379b000 r--s 0000c000 09:01 396773                     /dados/dspace/lib/lucene-memory-2.9.1.jar
7fb49379b000-7fb49379d000 r--s 0000a000 09:01 396772                     /dados/dspace/lib/lucene-highlighter-2.9.1.jar
7fb49379d000-7fb4937a9000 r--s 00097000 09:01 396771                     /dados/dspace/lib/lucene-core-2.3.0.jar
7fb4937a9000-7fb4937ab000 r--s 00012000 09:01 396770                     /dados/dspace/lib/lucene-analyzers-2.3.0.jar
7fb4937ab000-7fb4937b2000 r--s 00053000 09:01 396769                     /dados/dspace/lib/log4j-1.2.14.jar
7fb4937b2000-7fb4937b4000 r--s 00001000 09:01 396768                     /dados/dspace/lib/jsr107cache-1.0.jar
7fb4937b4000-7fb4937b6000 r--s 00009000 09:01 396767                     /dados/dspace/lib/jempbox-0.2.0.jar
7fb4937b6000-7fb4937b9000 r--s 00023000 09:01 396766                     /dados/dspace/lib/jdom-1.0.jar
7fb4937b9000-7fb4937bf000 r--s 00032000 09:01 396765                     /dados/dspace/lib/jaxen-1.1.jar
7fb4937bf000-7fb4937c2000 r--s 0004d000 09:01 396764                     /dados/dspace/lib/jargon-1.4.25.jar
7fb4937c2000-7fb4937db000 r--s 002fd000 09:01 396763                     /dados/dspace/lib/icu4j-3.4.4.jar
7fb4937db000-7fb4937e5000 r--s 000cf000 09:01 396762                     /dados/dspace/lib/handle-6.2.jar
7fb4937e5000-7fb4937e7000 r--s 00006000 09:01 396761                     /dados/dspace/lib/geronimo-stax-api_1.0_spec-1.0.1.jar
7fb4937e7000-7fb4937e9000 r--s 0000e000 09:01 396760                     /dados/dspace/lib/fontbox-0.1.0.jar
7fb4937e9000-7fb4937ee000 r--s 0003c000 09:01 396759                     /dados/dspace/lib/ehcache-1.5.0.jar
7fb4937ee000-7fb4937f0000 r--s 00013000 09:01 396758                     /dados/dspace/lib/dspace-stats-1.6.2.jar
7fb4937f0000-7fb4937f4000 r--s 0001d000 09:01 396757                     /dados/dspace/lib/dspace-solr-solrj-1.4.0.1-20100225.132255-3.jar
7fb4937f4000-7fb4937f7000 r--s 00017000 09:01 396756                     /dados/dspace/lib/dspace-solr-common-1.4.0.1-20100225.132255-4.jar
7fb4937f7000-7fb4937f8000 r--s 00003000 09:01 396755                     /dados/dspace/lib/dspace-services-utils-2.0.1.jar
7fb4937f8000-7fb4937fa000 r--s 00016000 09:01 396754                     /dados/dspace/lib/dspace-services-impl-2.0.1.jar
7fb4937fa000-7fb4937fd000 r--s 00009000 09:01 396753                     /dados/dspace/lib/dspace-services-api-2.0.1.jar
7fb4937fd000-7fb4937ff000 r--s 00022000 09:01 396752                     /dados/dspace/lib/dspace-geoip-1.2.3.jar
7fb4937ff000-7fb493801000 r--s 0009c000 09:01 396751                     /dados/dspace/lib/dspace-api-lang-1.6.2.0.jar
7fb493801000-7fb49380b000 r--s 000e0000 09:01 396750                     /dados/dspace/lib/dspace-api-1.6.2.jar
7fb49380b000-7fb493810000 r--s 00048000 09:01 396749                     /dados/dspace/lib/dom4j-1.6.1.jar
7fb493810000-7fb493814000 r--s 0003e000 09:01 396748                     /dados/dspace/lib/dnsjava-2.0.6.jar
7fb493814000-7fb493816000 r--s 00005000 09:01 396747                     /dados/dspace/lib/discovery-solr-provider-0.9.2-SNAPSHOT.jar
7fb493816000-7fb493819000 r--s 00013000 09:01 396746                     /dados/dspace/lib/commons-pool-1.4.jar
7fb493819000-7fb49381a000 r--s 00005000 09:01 396745                     /dados/dspace/lib/commons-logging-1.0.jar
7fb49381a000-7fb49381e000 r--s 00038000 09:01 396744                     /dados/dspace/lib/commons-lang-2.2.jar
7fb49381e000-7fb493821000 r--s 00018000 09:01 396743                     /dados/dspace/lib/commons-io-1.4.jar
7fb493821000-7fb493824000 r--s 00013000 09:01 396742                     /dados/dspace/lib/commons-io-1.3.2.jar
7fb493824000-7fb49382a000 r--s 00045000 09:01 396741                     /dados/dspace/lib/commons-httpclient-3.1.jar
7fb49382a000-7fb49382d000 r--s 0000c000 09:01 396740                     /dados/dspace/lib/commons-fileupload-1.2.1.jar
7fb49382d000-7fb49382f000 r--s 0001c000 09:01 396739                     /dados/dspace/lib/commons-dbcp-1.2.2.jar
7fb49382f000-7fb49383c000 r--s 0007f000 09:01 396738                     /dados/dspace/lib/commons-collections-3.2.jar
7fb49383c000-7fb49383e000 r--s 0000a000 09:01 396737                     /dados/dspace/lib/commons-codec-1.3.jar
7fb49383e000-7fb493840000 r--s 00006000 09:01 396736                     /dados/dspace/lib/commons-cli-1.0.jar
7fb493840000-7fb49385f000 r--s 00138000 09:01 396735                     /dados/dspace/lib/bcprov-jdk14-136.jar
7fb49385f000-7fb493864000 r--s 0002a000 09:01 396734                     /dados/dspace/lib/bcmail-jdk14-136.jar
7fb493864000-7fb49386c000 r--s 00049000 09:01 396733                     /dados/dspace/lib/backport-util-concurrent-3.1.jar
7fb49386c000-7fb49386e000 r--s 00000000 09:01 396732                     /dados/dspace/lib/aopalliance-1.0.jar
7fb49386e000-7fb49386f000 r--s 00002000 09:01 396731                     /dados/dspace/lib/ant-launcher-1.7.1.jar
7fb49386f000-7fb493883000 r--s 0012f000 09:01 396730                     /dados/dspace/lib/ant-1.7.1.jar
7fb493883000-7fb493885000 r--s 0000e000 09:01 396729                     /dados/dspace/lib/activation-1.1.jar
7fb493885000-7fb493886000 ---p 00000000 00:00 0 
7fb493886000-7fb493986000 rw-p 00000000 00:00 0 
7fb493986000-7fb493989000 ---p 00000000 00:00 0 
7fb493989000-7fb493a87000 rw-p 00000000 00:00 0 
7fb493a87000-7fb493a8a000 ---p 00000000 00:00 0 
7fb493a8a000-7fb493b88000 rw-p 00000000 00:00 0 
7fb493b88000-7fb493b8b000 ---p 00000000 00:00 0 
7fb493b8b000-7fb493c89000 rw-p 00000000 00:00 0 
7fb493c89000-7fb493c8c000 ---p 00000000 00:00 0 
7fb493c8c000-7fb493d8a000 rw-p 00000000 00:00 0 
7fb493d8a000-7fb493eff000 r--p 00000000 09:01 1050053                    /usr/lib/locale/locale-archive
7fb493eff000-7fb493f02000 ---p 00000000 00:00 0 
7fb493f02000-7fb494000000 rw-p 00000000 00:00 0 
7fb494000000-7fb495000000 rw-p 00000000 00:00 0 
7fb495000000-7fb498000000 ---p 00000000 00:00 0 
7fb498034000-7fb49803d000 r--s 00254000 09:01 1313053                    /usr/lib/java_sdk/jre/lib/resources.jar
7fb49803d000-7fb498041000 r--s 00010000 09:01 396808                     /dados/dspace/lib/xmlParserAPIs-2.0.2.jar
7fb498041000-7fb498049000 r--s 00028000 09:01 396807                     /dados/dspace/lib/xml-apis-1.3.02.jar
7fb498049000-7fb498060000 r--s 00112000 09:01 396806                     /dados/dspace/lib/xercesImpl-2.8.1.jar
7fb498060000-7fb49807e000 r--s 0027d000 09:01 396805                     /dados/dspace/lib/xalan-2.7.0.jar
7fb49807e000-7fb498085000 r--s 00079000 09:01 396804                     /dados/dspace/lib/wstx-asl-3.2.7.jar
7fb498085000-7fb49808c000 r--s 0007a000 09:01 396803                     /dados/dspace/lib/utils-1.07.00.jar
7fb49808c000-7fb49808f000 r--s 00036000 09:01 396802                     /dados/dspace/lib/tm-extractors-0.4.jar
7fb49808f000-7fb498092000 r--s 00019000 09:01 396801                     /dados/dspace/lib/stax-utils-20040917.jar
7fb498092000-7fb498094000 r--s 00005000 09:01 396800                     /dados/dspace/lib/stax-api-1.0.1.jar
7fb498094000-7fb498097000 ---p 00000000 00:00 0 
7fb498097000-7fb498195000 rw-p 00000000 00:00 0 
7fb498195000-7fb498196000 ---p 00000000 00:00 0 
7fb498196000-7fb49880b000 rw-p 00000000 00:00 0 
7fb49880b000-7fb4989ca000 r--s 039fa000 09:01 1312380                    /usr/lib/java_sdk/jre/lib/rt.jar
7fb4989ca000-7fb4989f2000 rw-p 00000000 00:00 0 
7fb4989f2000-7fb4989f3000 ---p 00000000 00:00 0 
7fb4989f3000-7fb498af3000 rw-p 00000000 00:00 0 
7fb498af3000-7fb498af4000 ---p 00000000 00:00 0 
7fb498af4000-7fb498bf4000 rw-p 00000000 00:00 0 
7fb498bf4000-7fb498bf5000 ---p 00000000 00:00 0 
7fb498bf5000-7fb498cf5000 rw-p 00000000 00:00 0 
7fb498cf5000-7fb498cf6000 ---p 00000000 00:00 0 
7fb498cf6000-7fb498e01000 rw-p 00000000 00:00 0 
7fb498e01000-7fb498e1f000 rw-p 00000000 00:00 0 
7fb498e1f000-7fb498e48000 rw-p 00000000 00:00 0 
7fb498e48000-7fb498e75000 rw-p 00000000 00:00 0 
7fb498e75000-7fb498e80000 rw-p 00000000 00:00 0 
7fb498e80000-7fb498e9e000 rw-p 00000000 00:00 0 
7fb498e9e000-7fb498ec7000 rw-p 00000000 00:00 0 
7fb498ec7000-7fb498ef3000 rw-p 00000000 00:00 0 
7fb498ef3000-7fb498f08000 rw-p 00000000 00:00 0 
7fb498f08000-7fb498f17000 ---p 00000000 00:00 0 
7fb498f17000-7fb498f1e000 rw-p 00000000 00:00 0 
7fb498f1e000-7fb498f1f000 rw-p 00000000 00:00 0 
7fb498f1f000-7fb49918f000 rwxp 00000000 00:00 0 
7fb49918f000-7fb49bf1f000 rw-p 00000000 00:00 0 
7fb49bf1f000-7fb49bf39000 r-xp 00000000 09:01 1312401                    /usr/lib/java_sdk/jre/lib/amd64/libzip.so
7fb49bf39000-7fb49c139000 ---p 0001a000 09:01 1312401                    /usr/lib/java_sdk/jre/lib/amd64/libzip.so
7fb49c139000-7fb49c13a000 rw-p 0001a000 09:01 1312401                    /usr/lib/java_sdk/jre/lib/amd64/libzip.so
7fb49c13a000-7fb49c145000 r-xp 00000000 09:01 5111816                    /lib/libnss_files-2.11.2.so
7fb49c145000-7fb49c344000 ---p 0000b000 09:01 5111816                    /lib/libnss_files-2.11.2.so
7fb49c344000-7fb49c345000 r--p 0000a000 09:01 5111816                    /lib/libnss_files-2.11.2.so
7fb49c345000-7fb49c346000 rw-p 0000b000 09:01 5111816                    /lib/libnss_files-2.11.2.so
7fb49c346000-7fb49c350000 r-xp 00000000 09:01 5111813                    /lib/libnss_nis-2.11.2.so
7fb49c350000-7fb49c54f000 ---p 0000a000 09:01 5111813                    /lib/libnss_nis-2.11.2.so
7fb49c54f000-7fb49c550000 r--p 00009000 09:01 5111813                    /lib/libnss_nis-2.11.2.so
7fb49c550000-7fb49c551000 rw-p 0000a000 09:01 5111813                    /lib/libnss_nis-2.11.2.so
7fb49c551000-7fb49c566000 r-xp 00000000 09:01 5111829                    /lib/libnsl-2.11.2.so
7fb49c566000-7fb49c765000 ---p 00015000 09:01 5111829                    /lib/libnsl-2.11.2.so
7fb49c765000-7fb49c766000 r--p 00014000 09:01 5111829                    /lib/libnsl-2.11.2.so
7fb49c766000-7fb49c767000 rw-p 00015000 09:01 5111829                    /lib/libnsl-2.11.2.so
7fb49c767000-7fb49c769000 rw-p 00000000 00:00 0 
7fb49c769000-7fb49c770000 r-xp 00000000 09:01 5111826                    /lib/libnss_compat-2.11.2.so
7fb49c770000-7fb49c96f000 ---p 00007000 09:01 5111826                    /lib/libnss_compat-2.11.2.so
7fb49c96f000-7fb49c970000 r--p 00006000 09:01 5111826                    /lib/libnss_compat-2.11.2.so
7fb49c970000-7fb49c971000 rw-p 00007000 09:01 5111826                    /lib/libnss_compat-2.11.2.so
7fb49c971000-7fb49c99a000 r-xp 00000000 09:01 1312422                    /usr/lib/java_sdk/jre/lib/amd64/libjava.so
7fb49c99a000-7fb49cb9a000 ---p 00029000 09:01 1312422                    /usr/lib/java_sdk/jre/lib/amd64/libjava.so
7fb49cb9a000-7fb49cb9c000 rw-p 00029000 09:01 1312422                    /usr/lib/java_sdk/jre/lib/amd64/libjava.so
7fb49cb9c000-7fb49cbab000 r-xp 00000000 09:01 1312389                    /usr/lib/java_sdk/jre/lib/amd64/libverify.so
7fb49cbab000-7fb49cdaa000 ---p 0000f000 09:01 1312389                    /usr/lib/java_sdk/jre/lib/amd64/libverify.so
7fb49cdaa000-7fb49cdac000 rw-p 0000e000 09:01 1312389                    /usr/lib/java_sdk/jre/lib/amd64/libverify.so
7fb49cdac000-7fb49cdb3000 r-xp 00000000 09:01 5111821                    /lib/librt-2.11.2.so
7fb49cdb3000-7fb49cfb2000 ---p 00007000 09:01 5111821                    /lib/librt-2.11.2.so
7fb49cfb2000-7fb49cfb3000 r--p 00006000 09:01 5111821                    /lib/librt-2.11.2.so
7fb49cfb3000-7fb49cfb4000 rw-p 00007000 09:01 5111821                    /lib/librt-2.11.2.so
7fb49cfb4000-7fb49d034000 r-xp 00000000 09:01 5111828                    /lib/libm-2.11.2.so
7fb49d034000-7fb49d234000 ---p 00080000 09:01 5111828                    /lib/libm-2.11.2.so
7fb49d234000-7fb49d235000 r--p 00080000 09:01 5111828                    /lib/libm-2.11.2.so
7fb49d235000-7fb49d236000 rw-p 00081000 09:01 5111828                    /lib/libm-2.11.2.so
7fb49d236000-7fb49dc06000 r-xp 00000000 09:01 1312425                    /usr/lib/java_sdk/jre/lib/amd64/server/libjvm.so
7fb49dc06000-7fb49de06000 ---p 009d0000 09:01 1312425                    /usr/lib/java_sdk/jre/lib/amd64/server/libjvm.so
7fb49de06000-7fb49dea1000 rw-p 009d0000 09:01 1312425                    /usr/lib/java_sdk/jre/lib/amd64/server/libjvm.so
7fb49dea1000-7fb49deda000 rw-p 00000000 00:00 0 
7fb49deda000-7fb49e032000 r-xp 00000000 09:01 5111819                    /lib/libc-2.11.2.so
7fb49e032000-7fb49e231000 ---p 00158000 09:01 5111819                    /lib/libc-2.11.2.so
7fb49e231000-7fb49e235000 r--p 00157000 09:01 5111819                    /lib/libc-2.11.2.so
7fb49e235000-7fb49e236000 rw-p 0015b000 09:01 5111819                    /lib/libc-2.11.2.so
7fb49e236000-7fb49e23b000 rw-p 00000000 00:00 0 
7fb49e23b000-7fb49e23d000 r-xp 00000000 09:01 5111818                    /lib/libdl-2.11.2.so
7fb49e23d000-7fb49e43d000 ---p 00002000 09:01 5111818                    /lib/libdl-2.11.2.so
7fb49e43d000-7fb49e43e000 r--p 00002000 09:01 5111818                    /lib/libdl-2.11.2.so
7fb49e43e000-7fb49e43f000 rw-p 00003000 09:01 5111818                    /lib/libdl-2.11.2.so
7fb49e43f000-7fb49e455000 r-xp 00000000 09:01 1312414                    /usr/lib/java_sdk/jre/lib/amd64/jli/libjli.so
7fb49e455000-7fb49e654000 ---p 00016000 09:01 1312414                    /usr/lib/java_sdk/jre/lib/amd64/jli/libjli.so
7fb49e654000-7fb49e655000 rw-p 00015000 09:01 1312414                    /usr/lib/java_sdk/jre/lib/amd64/jli/libjli.so
7fb49e655000-7fb49e66c000 r-xp 00000000 09:01 5111820                    /lib/libpthread-2.11.2.so
7fb49e66c000-7fb49e86b000 ---p 00017000 09:01 5111820                    /lib/libpthread-2.11.2.so
7fb49e86b000-7fb49e86c000 r--p 00016000 09:01 5111820                    /lib/libpthread-2.11.2.so
7fb49e86c000-7fb49e86d000 rw-p 00017000 09:01 5111820                    /lib/libpthread-2.11.2.so
7fb49e86d000-7fb49e871000 rw-p 00000000 00:00 0 
7fb49e871000-7fb49e88f000 r-xp 00000000 09:01 5111831                    /lib/ld-2.11.2.so
7fb49e88f000-7fb49e892000 r--s 00029000 09:01 396799                     /dados/dspace/lib/stax-1.2.0.jar
7fb49e892000-7fb49e898000 r--s 00040000 09:01 396798                     /dados/dspace/lib/spring-core-2.5.6.jar
7fb49e898000-7fb49e89b000 r--s 00015000 09:01 396797                     /dados/dspace/lib/spring-context-support-2.5.6.jar
7fb49e89b000-7fb49e8a7000 r--s 00069000 09:01 396796                     /dados/dspace/lib/spring-context-2.5.6.jar
7fb49e8a7000-7fb49e8b1000 r--s 0006e000 09:01 396795                     /dados/dspace/lib/spring-beans-2.5.6.jar
7fb49e8b1000-7fb49e8b4000 r--s 00015000 09:01 396794                     /dados/dspace/lib/solr-solrj-1.3.0.jar
7fb49e8b4000-7fb49e8b6000 r--s 00004000 09:01 396793                     /dados/dspace/lib/solr-commons-csv-1.4.0.jar
7fb49e8b6000-7fb49e8c0000 rw-p 00000000 00:00 0 
7fb49e8c0000-7fb49e976000 rw-p 00000000 00:00 0 
7fb49e976000-7fb49e97e000 rw-s 00000000 09:01 4849689                    /tmp/hsperfdata_root/9241
7fb49e97e000-7fb49e981000 ---p 00000000 00:00 0 
7fb49e981000-7fb49ea83000 rw-p 00000000 00:00 0 
7fb49ea83000-7fb49ea85000 r--s 00014000 09:01 396792                     /dados/dspace/lib/solr-common-1.3.0.jar
7fb49ea85000-7fb49ea86000 r--s 00002000 09:01 396791                     /dados/dspace/lib/slf4j-log4j12-1.5.6.jar
7fb49ea86000-7fb49ea8a000 r--s 00088000 09:01 1312331                    /usr/lib/java_sdk/jre/lib/jsse.jar
7fb49ea8a000-7fb49ea8b000 rw-p 00000000 00:00 0 
7fb49ea8b000-7fb49ea8c000 r--p 00000000 00:00 0 
7fb49ea8c000-7fb49ea8e000 rw-p 00000000 00:00 0 
7fb49ea8e000-7fb49ea8f000 r--p 0001d000 09:01 5111831                    /lib/ld-2.11.2.so
7fb49ea8f000-7fb49ea90000 rw-p 0001e000 09:01 5111831                    /lib/ld-2.11.2.so
7fb49ea90000-7fb49ea91000 rw-p 00000000 00:00 0 
7fff46680000-7fff46696000 rw-p 00000000 00:00 0                          [stack]
7fff466db000-7fff466dc000 r-xp 00000000 00:00 0                          [vdso]
ffffffffff600000-ffffffffff601000 r-xp 00000000 00:00 0                  [vsyscall]

VM Arguments:
jvm_args: -Xmx256m -Djava.util.logging.config.file=$DSPACEDIR/config/logging.properties 
java_command: org.dspace.app.launcher.ScriptLauncher index-init
Launcher Type: SUN_STANDARD

Environment Variables:
JAVA_HOME=/usr/lib/java_sdk
PATH=/etc/alternatives/apache-maven/bin:/usr/lib/java_sdk/bin:/etc/alternatives/apache-ant/bin:/usr/local/sbin:/usr/local/bin:/usr/sbin:/usr/bin:/sbin:/bin
USERNAME=root
SHELL=/bin/bash

Signal Handlers:
SIGSEGV: [libjvm.so+0x84be70], sa_mask[0]=0x7ffbfeff, sa_flags=0x10000004
SIGBUS: [libjvm.so+0x84be70], sa_mask[0]=0x7ffbfeff, sa_flags=0x10000004
SIGFPE: [libjvm.so+0x6f3820], sa_mask[0]=0x7ffbfeff, sa_flags=0x10000004
SIGPIPE: [libjvm.so+0x6f3820], sa_mask[0]=0x7ffbfeff, sa_flags=0x10000004
SIGXFSZ: [libjvm.so+0x6f3820], sa_mask[0]=0x7ffbfeff, sa_flags=0x10000004
SIGILL: [libjvm.so+0x6f3820], sa_mask[0]=0x7ffbfeff, sa_flags=0x10000004
SIGUSR1: SIG_DFL, sa_mask[0]=0x00000000, sa_flags=0x00000000
SIGUSR2: [libjvm.so+0x6f3190], sa_mask[0]=0x00000000, sa_flags=0x10000004
SIGHUP: [libjvm.so+0x6f5650], sa_mask[0]=0x7ffbfeff, sa_flags=0x10000004
SIGINT: [libjvm.so+0x6f5650], sa_mask[0]=0x7ffbfeff, sa_flags=0x10000004
SIGTERM: [libjvm.so+0x6f5650], sa_mask[0]=0x7ffbfeff, sa_flags=0x10000004
SIGQUIT: [libjvm.so+0x6f5650], sa_mask[0]=0x7ffbfeff, sa_flags=0x10000004


---------------  S Y S T E M  ---------------

OS:6.0.3

uname:Linux 2.6.32-5-amd64 #1 SMP Mon Oct 3 03:59:20 UTC 2011 x86_64
libc:glibc 2.11.2 NPTL 2.11.2 
rlimit: STACK 8192k, CORE infinity, NPROC infinity, NOFILE 1024, AS infinity
load average:0,33 0,20 0,14

/proc/meminfo:
MemTotal:        7903644 kB
MemFree:          200588 kB
Buffers:          313092 kB
Cached:          6249740 kB
SwapCached:            0 kB
Active:          3692304 kB
Inactive:        3483600 kB
Active(anon):     610456 kB
Inactive(anon):    13848 kB
Active(file):    3081848 kB
Inactive(file):  3469752 kB
Unevictable:           0 kB
Mlocked:               0 kB
SwapTotal:      15624052 kB
SwapFree:       15624052 kB
Dirty:               660 kB
Writeback:             0 kB
AnonPages:        613120 kB
Mapped:            40140 kB
Shmem:             11232 kB
Slab:             475412 kB
SReclaimable:     438180 kB
SUnreclaim:        37232 kB
KernelStack:        1584 kB
PageTables:         6484 kB
NFS_Unstable:          0 kB
Bounce:                0 kB
WritebackTmp:          0 kB
CommitLimit:    19575872 kB
Committed_AS:    1055348 kB
VmallocTotal:   34359738367 kB
VmallocUsed:      113860 kB
VmallocChunk:   34359621284 kB
HardwareCorrupted:     0 kB
HugePages_Total:       0
HugePages_Free:        0
HugePages_Rsvd:        0
HugePages_Surp:        0
Hugepagesize:       2048 kB
DirectMap4k:       10240 kB
DirectMap2M:     8361984 kB


CPU:total 4 (4 cores per cpu, 1 threads per core) family 6 model 42 stepping 7, cmov, cx8, fxsr, mmx, sse, sse2, sse3, ssse3, sse4.1, sse4.2, popcnt

/proc/cpuinfo:
processor	: 0
vendor_id	: GenuineIntel
cpu family	: 6
model		: 42
model name	: Intel(R) Xeon(R) CPU E31220 @ 3.10GHz
stepping	: 7
cpu MHz		: 3093.272
cache size	: 8192 KB
physical id	: 0
siblings	: 4
core id		: 0
cpu cores	: 4
apicid		: 0
initial apicid	: 0
fpu		: yes
fpu_exception	: yes
cpuid level	: 13
wp		: yes
flags		: fpu vme de pse tsc msr pae mce cx8 apic sep mtrr pge mca cmov pat pse36 clflush dts acpi mmx fxsr sse sse2 ss ht tm pbe syscall nx rdtscp lm constant_tsc arch_perfmon pebs bts rep_good xtopology nonstop_tsc aperfmperf pni pclmulqdq dtes64 monitor ds_cpl vmx smx est tm2 ssse3 cx16 xtpr pdcm sse4_1 sse4_2 x2apic popcnt aes xsave avx lahf_lm ida arat tpr_shadow vnmi flexpriority ept vpid
bogomips	: 6186.54
clflush size	: 64
cache_alignment	: 64
address sizes	: 36 bits physical, 48 bits virtual
power management:

processor	: 1
vendor_id	: GenuineIntel
cpu family	: 6
model		: 42
model name	: Intel(R) Xeon(R) CPU E31220 @ 3.10GHz
stepping	: 7
cpu MHz		: 3093.272
cache size	: 8192 KB
physical id	: 0
siblings	: 4
core id		: 1
cpu cores	: 4
apicid		: 2
initial apicid	: 2
fpu		: yes
fpu_exception	: yes
cpuid level	: 13
wp		: yes
flags		: fpu vme de pse tsc msr pae mce cx8 apic sep mtrr pge mca cmov pat pse36 clflush dts acpi mmx fxsr sse sse2 ss ht tm pbe syscall nx rdtscp lm constant_tsc arch_perfmon pebs bts rep_good xtopology nonstop_tsc aperfmperf pni pclmulqdq dtes64 monitor ds_cpl vmx smx est tm2 ssse3 cx16 xtpr pdcm sse4_1 sse4_2 x2apic popcnt aes xsave avx lahf_lm ida arat tpr_shadow vnmi flexpriority ept vpid
bogomips	: 6185.65
clflush size	: 64
cache_alignment	: 64
address sizes	: 36 bits physical, 48 bits virtual
power management:

processor	: 2
vendor_id	: GenuineIntel
cpu family	: 6
model		: 42
model name	: Intel(R) Xeon(R) CPU E31220 @ 3.10GHz
stepping	: 7
cpu MHz		: 3093.272
cache size	: 8192 KB
physical id	: 0
siblings	: 4
core id		: 2
cpu cores	: 4
apicid		: 4
initial apicid	: 4
fpu		: yes
fpu_exception	: yes
cpuid level	: 13
wp		: yes
flags		: fpu vme de pse tsc msr pae mce cx8 apic sep mtrr pge mca cmov pat pse36 clflush dts acpi mmx fxsr sse sse2 ss ht tm pbe syscall nx rdtscp lm constant_tsc arch_perfmon pebs bts rep_good xtopology nonstop_tsc aperfmperf pni pclmulqdq dtes64 monitor ds_cpl vmx smx est tm2 ssse3 cx16 xtpr pdcm sse4_1 sse4_2 x2apic popcnt aes xsave avx lahf_lm ida arat tpr_shadow vnmi flexpriority ept vpid
bogomips	: 6185.66
clflush size	: 64
cache_alignment	: 64
address sizes	: 36 bits physical, 48 bits virtual
power management:

processor	: 3
vendor_id	: GenuineIntel
cpu family	: 6
model		: 42
model name	: Intel(R) Xeon(R) CPU E31220 @ 3.10GHz
stepping	: 7
cpu MHz		: 3093.272
cache size	: 8192 KB
physical id	: 0
siblings	: 4
core id		: 3
cpu cores	: 4
apicid		: 6
initial apicid	: 6
fpu		: yes
fpu_exception	: yes
cpuid level	: 13
wp		: yes
flags		: fpu vme de pse tsc msr pae mce cx8 apic sep mtrr pge mca cmov pat pse36 clflush dts acpi mmx fxsr sse sse2 ss ht tm pbe syscall nx rdtscp lm constant_tsc arch_perfmon pebs bts rep_good xtopology nonstop_tsc aperfmperf pni pclmulqdq dtes64 monitor ds_cpl vmx smx est tm2 ssse3 cx16 xtpr pdcm sse4_1 sse4_2 x2apic popcnt aes xsave avx lahf_lm ida arat tpr_shadow vnmi flexpriority ept vpid
bogomips	: 6185.66
clflush size	: 64
cache_alignment	: 64
address sizes	: 36 bits physical, 48 bits virtual
power management:



Memory: 4k page, physical 7903644k(200588k free), swap 15624052k(15624052k free)

vm_info: Java HotSpot(TM) 64-Bit Server VM (21.0-b17) for linux-amd64 JRE (1.7.0-b147), built on Jun 27 2011 01:30:59 by "java_re" with gcc 4.3.0 20080428 (Red Hat 4.3.0-8)

time: Tue Dec 20 19:57:32 2011
elapsed time: 4 seconds

