#
# A fatal error has been detected by the Java Runtime Environment:
#
#  SIGSEGV (0xb) at pc=0x00007f3ad10a2f87, pid=8500, tid=139890686650112
#
# JRE version: 7.0-b147
# Java VM: Java HotSpot(TM) 64-Bit Server VM (21.0-b17 mixed mode linux-amd64 compressed oops)
# Problematic frame:
# J  org.apache.lucene.analysis.PorterStemFilter.next(Lorg/apache/lucene/analysis/Token;)Lorg/apache/lucene/analysis/Token;
#
# Failed to write core dump. Core dumps have been disabled. To enable core dumping, try "ulimit -c unlimited" before starting Java again
#
# If you would like to submit a bug report, please visit:
#   http://bugreport.sun.com/bugreport/crash.jsp
#

---------------  T H R E A D  ---------------

Current thread (0x0000000000e49800):  JavaThread "main" [_thread_in_Java, id=8501, stack(0x00007f3ad69f6000,0x00007f3ad6af7000)]

siginfo:si_signo=SIGSEGV: si_errno=0, si_code=1 (SEGV_MAPERR), si_addr=0x00000002fb296f0e

Registers:
RAX=0x0000000000000037, RBX=0x0000000000000000, RCX=0x00000000fffffffd, RDX=0x0000000000000002
RSP=0x00007f3ad6af4780, RBP=0x0000000000000000, RSI=0x000000000000006c, RDI=0x0000000000000031
R8 =0x00000000ffffffff, R9 =0x0000000000000032, R10=0x00000000fb296f00, R11=0x0000000000000037
R12=0x0000000000000000, R13=0x0000000000000002, R14=0x00000000fb296f00, R15=0x0000000000e49800
RIP=0x00007f3ad10a2f87, EFLAGS=0x0000000000010286, CSGSFS=0x0000000000000033, ERR=0x0000000000000004
  TRAPNO=0x000000000000000e

Top of Stack: (sp=0x00007f3ad6af4780)
0x00007f3ad6af4780:   00000000fb296ed8 ffffffff00000000
0x00007f3ad6af4790:   00000000fb2732b0 0000000000000000
0x00007f3ad6af47a0:   00007f3ad6af47a0 00000000fb296ec0
0x00007f3ad6af47b0:   00007f3ad6af47b0 00000000ebfb3ba8
0x00007f3ad6af47c0:   00007f3afb296ed8 00000000fb294e00
0x00007f3ad6af47d0:   00007f3ad6af4848 00007f3ad0f9d114
0x00007f3ad6af47e0:   00007f3ad6af4848 00007f3ad0f9d173
0x00007f3ad6af47f0:   00007f3ad0f9d173 00000000fb2732b0
0x00007f3ad6af4800:   00000000fb296ec0 00007f3ad6af4808
0x00007f3ad6af4810:   00000000ebfd0989 00007f3ad6af48a0
0x00007f3ad6af4820:   00000000ebfd58c0 00000000ec01b540
0x00007f3ad6af4830:   00000000ebfd0b30 00007f3ad6af47f8
0x00007f3ad6af4840:   00007f3ad6af4888 00007f3ad6af48e8
0x00007f3ad6af4850:   00007f3ad0f9cf98 0000000000000000
0x00007f3ad6af4860:   00000000fb265ed8 0000000000000000
0x00007f3ad6af4870:   00000000fb2732b0 0000000000000000
0x00007f3ad6af4880:   00000000fb296ec0 0000000000002710
0x00007f3ad6af4890:   00000000fcb4a948 00000000fb266230
0x00007f3ad6af48a0:   00000000fb273228 00007f3ad6af48a8
0x00007f3ad6af48b0:   00000000ebfd05aa 00007f3ad6af4958
0x00007f3ad6af48c0:   00000000ebfd58c0 0000000000000000
0x00007f3ad6af48d0:   00000000ebfd0770 00007f3ad6af4888
0x00007f3ad6af48e0:   00007f3ad6af4950 00007f3ad6af49a0
0x00007f3ad6af48f0:   00007f3ad0f9cf98 0000000000000000
0x00007f3ad6af4900:   0000000000000000 0000000000000000
0x00007f3ad6af4910:   0000000000000000 0000000000000000
0x00007f3ad6af4920:   0000000000000000 00000000fb266230
0x00007f3ad6af4930:   0000000000000001 00000000fb273d68
0x00007f3ad6af4940:   0000000000000008 0000000000002710
0x00007f3ad6af4950:   00000000fcb4a948 00000000fb273228
0x00007f3ad6af4960:   00007f3ad6af4960 00000000ebfc10e8
0x00007f3ad6af4970:   00007f3ad6af49c8 00000000ebfcb6f8 

Instructions: (pc=0x00007f3ad10a2f87)
0x00007f3ad10a2f67:   10 41 8b e8 83 c5 fe 41 0f b7 74 6a 10 89 6c 24
0x00007f3ad10a2f77:   08 45 8b f2 41 8b d0 41 83 c0 fd 44 89 44 24 0c
0x00007f3ad10a2f87:   47 0f b7 44 42 10 83 c2 fc 89 54 24 18 41 0f b7
0x00007f3ad10a2f97:   6c 56 10 48 ba 58 3e cc fc 00 00 00 00 41 83 fb 

Register to memory mapping:

RAX=0x0000000000000037 is an unknown value
RBX=0x0000000000000000 is an unknown value
RCX=0x00000000fffffffd is an unallocated location in the heap
RDX=0x0000000000000002 is an unknown value
RSP=0x00007f3ad6af4780 is pointing into the stack for thread: 0x0000000000e49800
RBP=0x0000000000000000 is an unknown value
RSI=0x000000000000006c is an unknown value
RDI=0x0000000000000031 is an unknown value
R8 =0x00000000ffffffff is an unallocated location in the heap
R9 =0x0000000000000032 is an unknown value
R10=0x00000000fb296f00 is an oop
[C 
 - klass: {type array char}
 - length: 50
R11=0x0000000000000037 is an unknown value
R12=0x0000000000000000 is an unknown value
R13=0x0000000000000002 is an unknown value
R14=0x00000000fb296f00 is an oop
[C 
 - klass: {type array char}
 - length: 50
R15=0x0000000000e49800 is a thread


Stack: [0x00007f3ad69f6000,0x00007f3ad6af7000],  sp=0x00007f3ad6af4780,  free space=1017k
Native frames: (J=compiled Java code, j=interpreted, Vv=VM code, C=native code)
J  org.apache.lucene.analysis.PorterStemFilter.next(Lorg/apache/lucene/analysis/Token;)Lorg/apache/lucene/analysis/Token;

[error occurred during error reporting (printing native stack), id 0xb]


---------------  P R O C E S S  ---------------

Java Threads: ( => current thread )
  0x0000000001517800 JavaThread "pool-1-thread-1" [_thread_blocked, id=8515, stack(0x00007f3acedb4000,0x00007f3aceeb5000)]
  0x0000000001251800 JavaThread "FinalizableReferenceQueue" daemon [_thread_blocked, id=8514, stack(0x00007f3aceeb5000,0x00007f3acefb6000)]
  0x00007f3ac8002000 JavaThread "Service Thread" daemon [_thread_blocked, id=8512, stack(0x00007f3acfa92000,0x00007f3acfb93000)]
  0x0000000000f2c000 JavaThread "C2 CompilerThread1" daemon [_thread_in_native, id=8511, stack(0x00007f3acfb93000,0x00007f3acfc94000)]
  0x0000000000f29000 JavaThread "C2 CompilerThread0" daemon [_thread_in_native, id=8510, stack(0x00007f3acfc94000,0x00007f3acfd95000)]
  0x0000000000f27000 JavaThread "Signal Dispatcher" daemon [_thread_blocked, id=8509, stack(0x00007f3acfd95000,0x00007f3acfe96000)]
  0x0000000000edc800 JavaThread "Finalizer" daemon [_thread_blocked, id=8508, stack(0x00007f3ad000b000,0x00007f3ad010c000)]
  0x0000000000ed5000 JavaThread "Reference Handler" daemon [_thread_blocked, id=8507, stack(0x00007f3ad010c000,0x00007f3ad020d000)]
=>0x0000000000e49800 JavaThread "main" [_thread_in_Java, id=8501, stack(0x00007f3ad69f6000,0x00007f3ad6af7000)]

Other Threads:
  0x0000000000ecd800 VMThread [stack: 0x00007f3ad020d000,0x00007f3ad030e000] [id=8506]
  0x00007f3ac801d000 WatcherThread [stack: 0x00007f3acf991000,0x00007f3acfa92000] [id=8513]

VM state:not at safepoint (normal execution)

VM Mutex/Monitor currently owned by a thread: None

Heap
 PSYoungGen      total 36032K, used 13395K [0x00000000faab0000, 0x00000000fd2e0000, 0x0000000100000000)
  eden space 30912K, 26% used [0x00000000faab0000,0x00000000fb2cabd0,0x00000000fc8e0000)
  from space 5120K, 99% used [0x00000000fc8e0000,0x00000000fcdda408,0x00000000fcde0000)
  to   space 5120K, 0% used [0x00000000fcde0000,0x00000000fcde0000,0x00000000fd2e0000)
 PSOldGen        total 82368K, used 2567K [0x00000000f0000000, 0x00000000f5070000, 0x00000000faab0000)
  object space 82368K, 3% used [0x00000000f0000000,0x00000000f0281ed0,0x00000000f5070000)
 PSPermGen       total 21248K, used 18593K [0x00000000eae00000, 0x00000000ec2c0000, 0x00000000f0000000)
  object space 21248K, 87% used [0x00000000eae00000,0x00000000ec028428,0x00000000ec2c0000)

Code Cache  [0x00007f3ad0f97000, 0x00007f3ad1207000, 0x00007f3ad3f97000)
 total_blobs=621 nmethods=258 adapters=315 free_code_cache=48011Kb largest_free_block=49120832

Dynamic libraries:
00400000-00401000 r-xp 00000000 09:01 1310905                            /usr/lib/java_sdk/bin/java
00600000-00601000 rw-p 00000000 09:01 1310905                            /usr/lib/java_sdk/bin/java
00e3f000-01e24000 rw-p 00000000 00:00 0                                  [heap]
eae00000-ec2c0000 rw-p 00000000 00:00 0 
ec2c0000-f0000000 rw-p 00000000 00:00 0 
f0000000-f5070000 rw-p 00000000 00:00 0 
f5070000-faab0000 rw-p 00000000 00:00 0 
faab0000-fd2e0000 rw-p 00000000 00:00 0 
fd2e0000-ff110000 ---p 00000000 00:00 0 
ff110000-100000000 rw-p 00000000 00:00 0 
7f3ac8000000-7f3ac8aed000 rw-p 00000000 00:00 0 
7f3ac8aed000-7f3acc000000 ---p 00000000 00:00 0 
7f3acedab000-7f3acedb4000 r--s 00254000 09:01 1313053                    /usr/lib/java_sdk/jre/lib/resources.jar
7f3acedb4000-7f3acedb7000 ---p 00000000 00:00 0 
7f3acedb7000-7f3aceeb5000 rw-p 00000000 00:00 0 
7f3aceeb5000-7f3aceeb8000 ---p 00000000 00:00 0 
7f3aceeb8000-7f3acefb6000 rw-p 00000000 00:00 0 
7f3acefb6000-7f3acefba000 r--s 00010000 09:01 396808                     /dados/dspace/lib/xmlParserAPIs-2.0.2.jar
7f3acefba000-7f3acefc2000 r--s 00028000 09:01 396807                     /dados/dspace/lib/xml-apis-1.3.02.jar
7f3acefc2000-7f3acefd9000 r--s 00112000 09:01 396806                     /dados/dspace/lib/xercesImpl-2.8.1.jar
7f3acefd9000-7f3aceff7000 r--s 0027d000 09:01 396805                     /dados/dspace/lib/xalan-2.7.0.jar
7f3aceff7000-7f3aceffe000 r--s 00079000 09:01 396804                     /dados/dspace/lib/wstx-asl-3.2.7.jar
7f3aceffe000-7f3acf005000 r--s 0007a000 09:01 396803                     /dados/dspace/lib/utils-1.07.00.jar
7f3acf005000-7f3acf008000 r--s 00036000 09:01 396802                     /dados/dspace/lib/tm-extractors-0.4.jar
7f3acf008000-7f3acf00b000 r--s 00019000 09:01 396801                     /dados/dspace/lib/stax-utils-20040917.jar
7f3acf00b000-7f3acf00d000 r--s 00005000 09:01 396800                     /dados/dspace/lib/stax-api-1.0.1.jar
7f3acf00d000-7f3acf01d000 r-xp 00000000 09:01 1312403                    /usr/lib/java_sdk/jre/lib/amd64/libnio.so
7f3acf01d000-7f3acf21d000 ---p 00010000 09:01 1312403                    /usr/lib/java_sdk/jre/lib/amd64/libnio.so
7f3acf21d000-7f3acf21e000 rw-p 00010000 09:01 1312403                    /usr/lib/java_sdk/jre/lib/amd64/libnio.so
7f3acf21e000-7f3acf233000 r-xp 00000000 09:01 1312388                    /usr/lib/java_sdk/jre/lib/amd64/libnet.so
7f3acf233000-7f3acf433000 ---p 00015000 09:01 1312388                    /usr/lib/java_sdk/jre/lib/amd64/libnet.so
7f3acf433000-7f3acf434000 rw-p 00015000 09:01 1312388                    /usr/lib/java_sdk/jre/lib/amd64/libnet.so
7f3acf434000-7f3acf43c000 r-xp 00000000 09:01 1312412                    /usr/lib/java_sdk/jre/lib/amd64/libmanagement.so
7f3acf43c000-7f3acf63b000 ---p 00008000 09:01 1312412                    /usr/lib/java_sdk/jre/lib/amd64/libmanagement.so
7f3acf63b000-7f3acf63c000 rw-p 00007000 09:01 1312412                    /usr/lib/java_sdk/jre/lib/amd64/libmanagement.so
7f3acf63c000-7f3acf63e000 r-xp 00000000 09:01 917545                     /usr/lib/gconv/ISO8859-1.so
7f3acf63e000-7f3acf83d000 ---p 00002000 09:01 917545                     /usr/lib/gconv/ISO8859-1.so
7f3acf83d000-7f3acf83e000 r--p 00001000 09:01 917545                     /usr/lib/gconv/ISO8859-1.so
7f3acf83e000-7f3acf83f000 rw-p 00002000 09:01 917545                     /usr/lib/gconv/ISO8859-1.so
7f3acf83f000-7f3acf846000 r--s 00000000 09:01 918774                     /usr/lib/gconv/gconv-modules.cache
7f3acf846000-7f3acf85b000 r--p 00000000 09:01 923885                     /usr/share/locale/pt_BR/LC_MESSAGES/libc.mo
7f3acf85b000-7f3acf85d000 r--s 00001000 09:01 396790                     /dados/dspace/lib/slf4j-jdk14-1.5.6.jar
7f3acf85d000-7f3acf85f000 r--s 00004000 09:01 396789                     /dados/dspace/lib/slf4j-api-1.5.6.jar
7f3acf85f000-7f3acf862000 r--s 00011000 09:01 396788                     /dados/dspace/lib/servlet-api-2.3.jar
7f3acf862000-7f3acf866000 r--s 00032000 09:01 396787                     /dados/dspace/lib/rome-1.0.jar
7f3acf866000-7f3acf86e000 r--s 0005e000 09:01 396786                     /dados/dspace/lib/reflectutils-0.9.10.jar
7f3acf86e000-7f3acf873000 r--s 0005e000 09:01 396785                     /dados/dspace/lib/postgresql-8.1-408.jdbc3.jar
7f3acf873000-7f3acf87f000 r--s 000b8000 09:01 396784                     /dados/dspace/lib/poi-2.5.1-final-20040804.jar
7f3acf87f000-7f3acf88d000 r--s 0031d000 09:01 396783                     /dados/dspace/lib/pdfbox-0.7.3.jar
7f3acf88d000-7f3acf88f000 r--s 0000e000 09:01 396782                     /dados/dspace/lib/oro-2.0.8.jar
7f3acf88f000-7f3acf890000 r--s 00003000 09:01 396781                     /dados/dspace/lib/oclc-harvester2-0.1.12.jar
7f3acf890000-7f3acf897000 r--s 00037000 09:01 396780                     /dados/dspace/lib/modules-0.3.2.jar
7f3acf897000-7f3acf899000 r--s 0001d000 09:01 396779                     /dados/dspace/lib/mets-1.5.2.jar
7f3acf899000-7f3acf89f000 r--s 00059000 09:01 396778                     /dados/dspace/lib/mail-1.4.jar
7f3acf89f000-7f3acf8a0000 r--s 00004000 09:01 396777                     /dados/dspace/lib/lucene-spellchecker-2.9.1.jar
7f3acf8a0000-7f3acf8a2000 r--s 0001b000 09:01 396776                     /dados/dspace/lib/lucene-snowball-2.9.1.jar
7f3acf8a2000-7f3acf8a3000 r--s 00008000 09:01 396775                     /dados/dspace/lib/lucene-queries-2.9.1.jar
7f3acf8a3000-7f3acf8a5000 r--s 0000d000 09:01 396774                     /dados/dspace/lib/lucene-misc-2.9.1.jar
7f3acf8a5000-7f3acf8a7000 r--s 0000c000 09:01 396773                     /dados/dspace/lib/lucene-memory-2.9.1.jar
7f3acf8a7000-7f3acf8a9000 r--s 0000a000 09:01 396772                     /dados/dspace/lib/lucene-highlighter-2.9.1.jar
7f3acf8a9000-7f3acf8b5000 r--s 00097000 09:01 396771                     /dados/dspace/lib/lucene-core-2.3.0.jar
7f3acf8b5000-7f3acf8b7000 r--s 00012000 09:01 396770                     /dados/dspace/lib/lucene-analyzers-2.3.0.jar
7f3acf8b7000-7f3acf8be000 r--s 00053000 09:01 396769                     /dados/dspace/lib/log4j-1.2.14.jar
7f3acf8be000-7f3acf8c0000 r--s 00001000 09:01 396768                     /dados/dspace/lib/jsr107cache-1.0.jar
7f3acf8c0000-7f3acf8c2000 r--s 00009000 09:01 396767                     /dados/dspace/lib/jempbox-0.2.0.jar
7f3acf8c2000-7f3acf8c5000 r--s 00023000 09:01 396766                     /dados/dspace/lib/jdom-1.0.jar
7f3acf8c5000-7f3acf8cb000 r--s 00032000 09:01 396765                     /dados/dspace/lib/jaxen-1.1.jar
7f3acf8cb000-7f3acf8ce000 r--s 0004d000 09:01 396764                     /dados/dspace/lib/jargon-1.4.25.jar
7f3acf8ce000-7f3acf8e7000 r--s 002fd000 09:01 396763                     /dados/dspace/lib/icu4j-3.4.4.jar
7f3acf8e7000-7f3acf8f1000 r--s 000cf000 09:01 396762                     /dados/dspace/lib/handle-6.2.jar
7f3acf8f1000-7f3acf8f3000 r--s 00006000 09:01 396761                     /dados/dspace/lib/geronimo-stax-api_1.0_spec-1.0.1.jar
7f3acf8f3000-7f3acf8f5000 r--s 0000e000 09:01 396760                     /dados/dspace/lib/fontbox-0.1.0.jar
7f3acf8f5000-7f3acf8fa000 r--s 0003c000 09:01 396759                     /dados/dspace/lib/ehcache-1.5.0.jar
7f3acf8fa000-7f3acf8fc000 r--s 00013000 09:01 396758                     /dados/dspace/lib/dspace-stats-1.6.2.jar
7f3acf8fc000-7f3acf900000 r--s 0001d000 09:01 396757                     /dados/dspace/lib/dspace-solr-solrj-1.4.0.1-20100225.132255-3.jar
7f3acf900000-7f3acf903000 r--s 00017000 09:01 396756                     /dados/dspace/lib/dspace-solr-common-1.4.0.1-20100225.132255-4.jar
7f3acf903000-7f3acf904000 r--s 00003000 09:01 396755                     /dados/dspace/lib/dspace-services-utils-2.0.1.jar
7f3acf904000-7f3acf906000 r--s 00016000 09:01 396754                     /dados/dspace/lib/dspace-services-impl-2.0.1.jar
7f3acf906000-7f3acf909000 r--s 00009000 09:01 396753                     /dados/dspace/lib/dspace-services-api-2.0.1.jar
7f3acf909000-7f3acf90b000 r--s 00022000 09:01 396752                     /dados/dspace/lib/dspace-geoip-1.2.3.jar
7f3acf90b000-7f3acf90d000 r--s 0009c000 09:01 396751                     /dados/dspace/lib/dspace-api-lang-1.6.2.0.jar
7f3acf90d000-7f3acf917000 r--s 000e0000 09:01 396750                     /dados/dspace/lib/dspace-api-1.6.2.jar
7f3acf917000-7f3acf91c000 r--s 00048000 09:01 396749                     /dados/dspace/lib/dom4j-1.6.1.jar
7f3acf91c000-7f3acf920000 r--s 0003e000 09:01 396748                     /dados/dspace/lib/dnsjava-2.0.6.jar
7f3acf920000-7f3acf922000 r--s 00005000 09:01 396747                     /dados/dspace/lib/discovery-solr-provider-0.9.2-SNAPSHOT.jar
7f3acf922000-7f3acf925000 r--s 00013000 09:01 396746                     /dados/dspace/lib/commons-pool-1.4.jar
7f3acf925000-7f3acf926000 r--s 00005000 09:01 396745                     /dados/dspace/lib/commons-logging-1.0.jar
7f3acf926000-7f3acf92a000 r--s 00038000 09:01 396744                     /dados/dspace/lib/commons-lang-2.2.jar
7f3acf92a000-7f3acf92d000 r--s 00018000 09:01 396743                     /dados/dspace/lib/commons-io-1.4.jar
7f3acf92d000-7f3acf930000 r--s 00013000 09:01 396742                     /dados/dspace/lib/commons-io-1.3.2.jar
7f3acf930000-7f3acf936000 r--s 00045000 09:01 396741                     /dados/dspace/lib/commons-httpclient-3.1.jar
7f3acf936000-7f3acf939000 r--s 0000c000 09:01 396740                     /dados/dspace/lib/commons-fileupload-1.2.1.jar
7f3acf939000-7f3acf93b000 r--s 0001c000 09:01 396739                     /dados/dspace/lib/commons-dbcp-1.2.2.jar
7f3acf93b000-7f3acf948000 r--s 0007f000 09:01 396738                     /dados/dspace/lib/commons-collections-3.2.jar
7f3acf948000-7f3acf94a000 r--s 0000a000 09:01 396737                     /dados/dspace/lib/commons-codec-1.3.jar
7f3acf94a000-7f3acf94c000 r--s 00006000 09:01 396736                     /dados/dspace/lib/commons-cli-1.0.jar
7f3acf94c000-7f3acf96b000 r--s 00138000 09:01 396735                     /dados/dspace/lib/bcprov-jdk14-136.jar
7f3acf96b000-7f3acf970000 r--s 0002a000 09:01 396734                     /dados/dspace/lib/bcmail-jdk14-136.jar
7f3acf970000-7f3acf978000 r--s 00049000 09:01 396733                     /dados/dspace/lib/backport-util-concurrent-3.1.jar
7f3acf978000-7f3acf97a000 r--s 00000000 09:01 396732                     /dados/dspace/lib/aopalliance-1.0.jar
7f3acf97a000-7f3acf97b000 r--s 00002000 09:01 396731                     /dados/dspace/lib/ant-launcher-1.7.1.jar
7f3acf97b000-7f3acf98f000 r--s 0012f000 09:01 396730                     /dados/dspace/lib/ant-1.7.1.jar
7f3acf98f000-7f3acf991000 r--s 0000e000 09:01 396729                     /dados/dspace/lib/activation-1.1.jar
7f3acf991000-7f3acf992000 ---p 00000000 00:00 0 
7f3acf992000-7f3acfa92000 rw-p 00000000 00:00 0 
7f3acfa92000-7f3acfa95000 ---p 00000000 00:00 0 
7f3acfa95000-7f3acfb93000 rw-p 00000000 00:00 0 
7f3acfb93000-7f3acfb96000 ---p 00000000 00:00 0 
7f3acfb96000-7f3acfc94000 rw-p 00000000 00:00 0 
7f3acfc94000-7f3acfc97000 ---p 00000000 00:00 0 
7f3acfc97000-7f3acfd95000 rw-p 00000000 00:00 0 
7f3acfd95000-7f3acfd98000 ---p 00000000 00:00 0 
7f3acfd98000-7f3acfe96000 rw-p 00000000 00:00 0 
7f3acfe96000-7f3ad000b000 r--p 00000000 09:01 1050053                    /usr/lib/locale/locale-archive
7f3ad000b000-7f3ad000e000 ---p 00000000 00:00 0 
7f3ad000e000-7f3ad010c000 rw-p 00000000 00:00 0 
7f3ad010c000-7f3ad010f000 ---p 00000000 00:00 0 
7f3ad010f000-7f3ad020d000 rw-p 00000000 00:00 0 
7f3ad020d000-7f3ad020e000 ---p 00000000 00:00 0 
7f3ad020e000-7f3ad0883000 rw-p 00000000 00:00 0 
7f3ad0883000-7f3ad0a42000 r--s 039fa000 09:01 1312380                    /usr/lib/java_sdk/jre/lib/rt.jar
7f3ad0a42000-7f3ad0a6a000 rw-p 00000000 00:00 0 
7f3ad0a6a000-7f3ad0a6b000 ---p 00000000 00:00 0 
7f3ad0a6b000-7f3ad0b6b000 rw-p 00000000 00:00 0 
7f3ad0b6b000-7f3ad0b6c000 ---p 00000000 00:00 0 
7f3ad0b6c000-7f3ad0c6c000 rw-p 00000000 00:00 0 
7f3ad0c6c000-7f3ad0c6d000 ---p 00000000 00:00 0 
7f3ad0c6d000-7f3ad0d6d000 rw-p 00000000 00:00 0 
7f3ad0d6d000-7f3ad0d6e000 ---p 00000000 00:00 0 
7f3ad0d6e000-7f3ad0e79000 rw-p 00000000 00:00 0 
7f3ad0e79000-7f3ad0e97000 rw-p 00000000 00:00 0 
7f3ad0e97000-7f3ad0ec0000 rw-p 00000000 00:00 0 
7f3ad0ec0000-7f3ad0eed000 rw-p 00000000 00:00 0 
7f3ad0eed000-7f3ad0ef8000 rw-p 00000000 00:00 0 
7f3ad0ef8000-7f3ad0f16000 rw-p 00000000 00:00 0 
7f3ad0f16000-7f3ad0f3f000 rw-p 00000000 00:00 0 
7f3ad0f3f000-7f3ad0f6b000 rw-p 00000000 00:00 0 
7f3ad0f6b000-7f3ad0f80000 rw-p 00000000 00:00 0 
7f3ad0f80000-7f3ad0f8f000 ---p 00000000 00:00 0 
7f3ad0f8f000-7f3ad0f96000 rw-p 00000000 00:00 0 
7f3ad0f96000-7f3ad0f97000 rw-p 00000000 00:00 0 
7f3ad0f97000-7f3ad1207000 rwxp 00000000 00:00 0 
7f3ad1207000-7f3ad3f97000 rw-p 00000000 00:00 0 
7f3ad3f97000-7f3ad3fb1000 r-xp 00000000 09:01 1312401                    /usr/lib/java_sdk/jre/lib/amd64/libzip.so
7f3ad3fb1000-7f3ad41b1000 ---p 0001a000 09:01 1312401                    /usr/lib/java_sdk/jre/lib/amd64/libzip.so
7f3ad41b1000-7f3ad41b2000 rw-p 0001a000 09:01 1312401                    /usr/lib/java_sdk/jre/lib/amd64/libzip.so
7f3ad41b2000-7f3ad41bd000 r-xp 00000000 09:01 5111816                    /lib/libnss_files-2.11.2.so
7f3ad41bd000-7f3ad43bc000 ---p 0000b000 09:01 5111816                    /lib/libnss_files-2.11.2.so
7f3ad43bc000-7f3ad43bd000 r--p 0000a000 09:01 5111816                    /lib/libnss_files-2.11.2.so
7f3ad43bd000-7f3ad43be000 rw-p 0000b000 09:01 5111816                    /lib/libnss_files-2.11.2.so
7f3ad43be000-7f3ad43c8000 r-xp 00000000 09:01 5111813                    /lib/libnss_nis-2.11.2.so
7f3ad43c8000-7f3ad45c7000 ---p 0000a000 09:01 5111813                    /lib/libnss_nis-2.11.2.so
7f3ad45c7000-7f3ad45c8000 r--p 00009000 09:01 5111813                    /lib/libnss_nis-2.11.2.so
7f3ad45c8000-7f3ad45c9000 rw-p 0000a000 09:01 5111813                    /lib/libnss_nis-2.11.2.so
7f3ad45c9000-7f3ad45de000 r-xp 00000000 09:01 5111829                    /lib/libnsl-2.11.2.so
7f3ad45de000-7f3ad47dd000 ---p 00015000 09:01 5111829                    /lib/libnsl-2.11.2.so
7f3ad47dd000-7f3ad47de000 r--p 00014000 09:01 5111829                    /lib/libnsl-2.11.2.so
7f3ad47de000-7f3ad47df000 rw-p 00015000 09:01 5111829                    /lib/libnsl-2.11.2.so
7f3ad47df000-7f3ad47e1000 rw-p 00000000 00:00 0 
7f3ad47e1000-7f3ad47e8000 r-xp 00000000 09:01 5111826                    /lib/libnss_compat-2.11.2.so
7f3ad47e8000-7f3ad49e7000 ---p 00007000 09:01 5111826                    /lib/libnss_compat-2.11.2.so
7f3ad49e7000-7f3ad49e8000 r--p 00006000 09:01 5111826                    /lib/libnss_compat-2.11.2.so
7f3ad49e8000-7f3ad49e9000 rw-p 00007000 09:01 5111826                    /lib/libnss_compat-2.11.2.so
7f3ad49e9000-7f3ad4a12000 r-xp 00000000 09:01 1312422                    /usr/lib/java_sdk/jre/lib/amd64/libjava.so
7f3ad4a12000-7f3ad4c12000 ---p 00029000 09:01 1312422                    /usr/lib/java_sdk/jre/lib/amd64/libjava.so
7f3ad4c12000-7f3ad4c14000 rw-p 00029000 09:01 1312422                    /usr/lib/java_sdk/jre/lib/amd64/libjava.so
7f3ad4c14000-7f3ad4c23000 r-xp 00000000 09:01 1312389                    /usr/lib/java_sdk/jre/lib/amd64/libverify.so
7f3ad4c23000-7f3ad4e22000 ---p 0000f000 09:01 1312389                    /usr/lib/java_sdk/jre/lib/amd64/libverify.so
7f3ad4e22000-7f3ad4e24000 rw-p 0000e000 09:01 1312389                    /usr/lib/java_sdk/jre/lib/amd64/libverify.so
7f3ad4e24000-7f3ad4e2b000 r-xp 00000000 09:01 5111821                    /lib/librt-2.11.2.so
7f3ad4e2b000-7f3ad502a000 ---p 00007000 09:01 5111821                    /lib/librt-2.11.2.so
7f3ad502a000-7f3ad502b000 r--p 00006000 09:01 5111821                    /lib/librt-2.11.2.so
7f3ad502b000-7f3ad502c000 rw-p 00007000 09:01 5111821                    /lib/librt-2.11.2.so
7f3ad502c000-7f3ad50ac000 r-xp 00000000 09:01 5111828                    /lib/libm-2.11.2.so
7f3ad50ac000-7f3ad52ac000 ---p 00080000 09:01 5111828                    /lib/libm-2.11.2.so
7f3ad52ac000-7f3ad52ad000 r--p 00080000 09:01 5111828                    /lib/libm-2.11.2.so
7f3ad52ad000-7f3ad52ae000 rw-p 00081000 09:01 5111828                    /lib/libm-2.11.2.so
7f3ad52ae000-7f3ad5c7e000 r-xp 00000000 09:01 1312425                    /usr/lib/java_sdk/jre/lib/amd64/server/libjvm.so
7f3ad5c7e000-7f3ad5e7e000 ---p 009d0000 09:01 1312425                    /usr/lib/java_sdk/jre/lib/amd64/server/libjvm.so
7f3ad5e7e000-7f3ad5f19000 rw-p 009d0000 09:01 1312425                    /usr/lib/java_sdk/jre/lib/amd64/server/libjvm.so
7f3ad5f19000-7f3ad5f52000 rw-p 00000000 00:00 0 
7f3ad5f52000-7f3ad60aa000 r-xp 00000000 09:01 5111819                    /lib/libc-2.11.2.so
7f3ad60aa000-7f3ad62a9000 ---p 00158000 09:01 5111819                    /lib/libc-2.11.2.so
7f3ad62a9000-7f3ad62ad000 r--p 00157000 09:01 5111819                    /lib/libc-2.11.2.so
7f3ad62ad000-7f3ad62ae000 rw-p 0015b000 09:01 5111819                    /lib/libc-2.11.2.so
7f3ad62ae000-7f3ad62b3000 rw-p 00000000 00:00 0 
7f3ad62b3000-7f3ad62b5000 r-xp 00000000 09:01 5111818                    /lib/libdl-2.11.2.so
7f3ad62b5000-7f3ad64b5000 ---p 00002000 09:01 5111818                    /lib/libdl-2.11.2.so
7f3ad64b5000-7f3ad64b6000 r--p 00002000 09:01 5111818                    /lib/libdl-2.11.2.so
7f3ad64b6000-7f3ad64b7000 rw-p 00003000 09:01 5111818                    /lib/libdl-2.11.2.so
7f3ad64b7000-7f3ad64cd000 r-xp 00000000 09:01 1312414                    /usr/lib/java_sdk/jre/lib/amd64/jli/libjli.so
7f3ad64cd000-7f3ad66cc000 ---p 00016000 09:01 1312414                    /usr/lib/java_sdk/jre/lib/amd64/jli/libjli.so
7f3ad66cc000-7f3ad66cd000 rw-p 00015000 09:01 1312414                    /usr/lib/java_sdk/jre/lib/amd64/jli/libjli.so
7f3ad66cd000-7f3ad66e4000 r-xp 00000000 09:01 5111820                    /lib/libpthread-2.11.2.so
7f3ad66e4000-7f3ad68e3000 ---p 00017000 09:01 5111820                    /lib/libpthread-2.11.2.so
7f3ad68e3000-7f3ad68e4000 r--p 00016000 09:01 5111820                    /lib/libpthread-2.11.2.so
7f3ad68e4000-7f3ad68e5000 rw-p 00017000 09:01 5111820                    /lib/libpthread-2.11.2.so
7f3ad68e5000-7f3ad68e9000 rw-p 00000000 00:00 0 
7f3ad68e9000-7f3ad6907000 r-xp 00000000 09:01 5111831                    /lib/ld-2.11.2.so
7f3ad6907000-7f3ad690a000 r--s 00029000 09:01 396799                     /dados/dspace/lib/stax-1.2.0.jar
7f3ad690a000-7f3ad6910000 r--s 00040000 09:01 396798                     /dados/dspace/lib/spring-core-2.5.6.jar
7f3ad6910000-7f3ad6913000 r--s 00015000 09:01 396797                     /dados/dspace/lib/spring-context-support-2.5.6.jar
7f3ad6913000-7f3ad691f000 r--s 00069000 09:01 396796                     /dados/dspace/lib/spring-context-2.5.6.jar
7f3ad691f000-7f3ad6929000 r--s 0006e000 09:01 396795                     /dados/dspace/lib/spring-beans-2.5.6.jar
7f3ad6929000-7f3ad692c000 r--s 00015000 09:01 396794                     /dados/dspace/lib/solr-solrj-1.3.0.jar
7f3ad692c000-7f3ad692e000 r--s 00004000 09:01 396793                     /dados/dspace/lib/solr-commons-csv-1.4.0.jar
7f3ad692e000-7f3ad6938000 rw-p 00000000 00:00 0 
7f3ad6938000-7f3ad69ee000 rw-p 00000000 00:00 0 
7f3ad69ee000-7f3ad69f6000 rw-s 00000000 09:01 4849679                    /tmp/hsperfdata_root/8500
7f3ad69f6000-7f3ad69f9000 ---p 00000000 00:00 0 
7f3ad69f9000-7f3ad6afb000 rw-p 00000000 00:00 0 
7f3ad6afb000-7f3ad6afd000 r--s 00014000 09:01 396792                     /dados/dspace/lib/solr-common-1.3.0.jar
7f3ad6afd000-7f3ad6afe000 r--s 00002000 09:01 396791                     /dados/dspace/lib/slf4j-log4j12-1.5.6.jar
7f3ad6afe000-7f3ad6b02000 r--s 00088000 09:01 1312331                    /usr/lib/java_sdk/jre/lib/jsse.jar
7f3ad6b02000-7f3ad6b03000 rw-p 00000000 00:00 0 
7f3ad6b03000-7f3ad6b04000 r--p 00000000 00:00 0 
7f3ad6b04000-7f3ad6b06000 rw-p 00000000 00:00 0 
7f3ad6b06000-7f3ad6b07000 r--p 0001d000 09:01 5111831                    /lib/ld-2.11.2.so
7f3ad6b07000-7f3ad6b08000 rw-p 0001e000 09:01 5111831                    /lib/ld-2.11.2.so
7f3ad6b08000-7f3ad6b09000 rw-p 00000000 00:00 0 
7fffc821a000-7fffc8230000 rw-p 00000000 00:00 0                          [stack]
7fffc8348000-7fffc8349000 r-xp 00000000 00:00 0                          [vdso]
ffffffffff600000-ffffffffff601000 r-xp 00000000 00:00 0                  [vsyscall]

VM Arguments:
jvm_args: -Xmx256m -Djava.util.logging.config.file=$DSPACEDIR/config/logging.properties 
java_command: org.dspace.app.launcher.ScriptLauncher import --add --eperson=alencar@paulofreire.org --collection=7891/26 --source=/home/alencar/dspace/artigos --mapfile=/home/alencar/dspace/artigos/col26
Launcher Type: SUN_STANDARD

Environment Variables:
JAVA_HOME=/usr/lib/java_sdk
PATH=/etc/alternatives/apache-maven/bin:/usr/lib/java_sdk/bin:/etc/alternatives/apache-ant/bin:/usr/local/sbin:/usr/local/bin:/usr/sbin:/usr/bin:/sbin:/bin
USERNAME=root
SHELL=/bin/bash

Signal Handlers:
SIGSEGV: [libjvm.so+0x84be70], sa_mask[0]=0x7ffbfeff, sa_flags=0x10000004
SIGBUS: [libjvm.so+0x84be70], sa_mask[0]=0x7ffbfeff, sa_flags=0x10000004
SIGFPE: [libjvm.so+0x6f3820], sa_mask[0]=0x7ffbfeff, sa_flags=0x10000004
SIGPIPE: [libjvm.so+0x6f3820], sa_mask[0]=0x7ffbfeff, sa_flags=0x10000004
SIGXFSZ: [libjvm.so+0x6f3820], sa_mask[0]=0x7ffbfeff, sa_flags=0x10000004
SIGILL: [libjvm.so+0x6f3820], sa_mask[0]=0x7ffbfeff, sa_flags=0x10000004
SIGUSR1: SIG_DFL, sa_mask[0]=0x00000000, sa_flags=0x00000000
SIGUSR2: [libjvm.so+0x6f3190], sa_mask[0]=0x00000000, sa_flags=0x10000004
SIGHUP: [libjvm.so+0x6f5650], sa_mask[0]=0x7ffbfeff, sa_flags=0x10000004
SIGINT: [libjvm.so+0x6f5650], sa_mask[0]=0x7ffbfeff, sa_flags=0x10000004
SIGTERM: [libjvm.so+0x6f5650], sa_mask[0]=0x7ffbfeff, sa_flags=0x10000004
SIGQUIT: [libjvm.so+0x6f5650], sa_mask[0]=0x7ffbfeff, sa_flags=0x10000004


---------------  S Y S T E M  ---------------

OS:6.0.3

uname:Linux 2.6.32-5-amd64 #1 SMP Mon Oct 3 03:59:20 UTC 2011 x86_64
libc:glibc 2.11.2 NPTL 2.11.2 
rlimit: STACK 8192k, CORE 0k, NPROC infinity, NOFILE 1024, AS infinity
load average:0,04 0,03 0,00

/proc/meminfo:
MemTotal:        7903644 kB
MemFree:          185928 kB
Buffers:          275700 kB
Cached:          6305548 kB
SwapCached:            0 kB
Active:          2719524 kB
Inactive:        4389980 kB
Active(anon):     523320 kB
Inactive(anon):    14072 kB
Active(file):    2196204 kB
Inactive(file):  4375908 kB
Unevictable:           0 kB
Mlocked:               0 kB
SwapTotal:      15624052 kB
SwapFree:       15624052 kB
Dirty:              1192 kB
Writeback:             0 kB
AnonPages:        528532 kB
Mapped:            29100 kB
Shmem:              8904 kB
Slab:             556784 kB
SReclaimable:     501600 kB
SUnreclaim:        55184 kB
KernelStack:        1544 kB
PageTables:         5468 kB
NFS_Unstable:          0 kB
Bounce:                0 kB
WritebackTmp:          0 kB
CommitLimit:    19575872 kB
Committed_AS:    1031232 kB
VmallocTotal:   34359738367 kB
VmallocUsed:      113860 kB
VmallocChunk:   34359621284 kB
HardwareCorrupted:     0 kB
HugePages_Total:       0
HugePages_Free:        0
HugePages_Rsvd:        0
HugePages_Surp:        0
Hugepagesize:       2048 kB
DirectMap4k:       10240 kB
DirectMap2M:     8361984 kB


CPU:total 4 (4 cores per cpu, 1 threads per core) family 6 model 42 stepping 7, cmov, cx8, fxsr, mmx, sse, sse2, sse3, ssse3, sse4.1, sse4.2, popcnt

/proc/cpuinfo:
processor	: 0
vendor_id	: GenuineIntel
cpu family	: 6
model		: 42
model name	: Intel(R) Xeon(R) CPU E31220 @ 3.10GHz
stepping	: 7
cpu MHz		: 3093.272
cache size	: 8192 KB
physical id	: 0
siblings	: 4
core id		: 0
cpu cores	: 4
apicid		: 0
initial apicid	: 0
fpu		: yes
fpu_exception	: yes
cpuid level	: 13
wp		: yes
flags		: fpu vme de pse tsc msr pae mce cx8 apic sep mtrr pge mca cmov pat pse36 clflush dts acpi mmx fxsr sse sse2 ss ht tm pbe syscall nx rdtscp lm constant_tsc arch_perfmon pebs bts rep_good xtopology nonstop_tsc aperfmperf pni pclmulqdq dtes64 monitor ds_cpl vmx smx est tm2 ssse3 cx16 xtpr pdcm sse4_1 sse4_2 x2apic popcnt aes xsave avx lahf_lm ida arat tpr_shadow vnmi flexpriority ept vpid
bogomips	: 6186.54
clflush size	: 64
cache_alignment	: 64
address sizes	: 36 bits physical, 48 bits virtual
power management:

processor	: 1
vendor_id	: GenuineIntel
cpu family	: 6
model		: 42
model name	: Intel(R) Xeon(R) CPU E31220 @ 3.10GHz
stepping	: 7
cpu MHz		: 3093.272
cache size	: 8192 KB
physical id	: 0
siblings	: 4
core id		: 1
cpu cores	: 4
apicid		: 2
initial apicid	: 2
fpu		: yes
fpu_exception	: yes
cpuid level	: 13
wp		: yes
flags		: fpu vme de pse tsc msr pae mce cx8 apic sep mtrr pge mca cmov pat pse36 clflush dts acpi mmx fxsr sse sse2 ss ht tm pbe syscall nx rdtscp lm constant_tsc arch_perfmon pebs bts rep_good xtopology nonstop_tsc aperfmperf pni pclmulqdq dtes64 monitor ds_cpl vmx smx est tm2 ssse3 cx16 xtpr pdcm sse4_1 sse4_2 x2apic popcnt aes xsave avx lahf_lm ida arat tpr_shadow vnmi flexpriority ept vpid
bogomips	: 6185.65
clflush size	: 64
cache_alignment	: 64
address sizes	: 36 bits physical, 48 bits virtual
power management:

processor	: 2
vendor_id	: GenuineIntel
cpu family	: 6
model		: 42
model name	: Intel(R) Xeon(R) CPU E31220 @ 3.10GHz
stepping	: 7
cpu MHz		: 3093.272
cache size	: 8192 KB
physical id	: 0
siblings	: 4
core id		: 2
cpu cores	: 4
apicid		: 4
initial apicid	: 4
fpu		: yes
fpu_exception	: yes
cpuid level	: 13
wp		: yes
flags		: fpu vme de pse tsc msr pae mce cx8 apic sep mtrr pge mca cmov pat pse36 clflush dts acpi mmx fxsr sse sse2 ss ht tm pbe syscall nx rdtscp lm constant_tsc arch_perfmon pebs bts rep_good xtopology nonstop_tsc aperfmperf pni pclmulqdq dtes64 monitor ds_cpl vmx smx est tm2 ssse3 cx16 xtpr pdcm sse4_1 sse4_2 x2apic popcnt aes xsave avx lahf_lm ida arat tpr_shadow vnmi flexpriority ept vpid
bogomips	: 6185.66
clflush size	: 64
cache_alignment	: 64
address sizes	: 36 bits physical, 48 bits virtual
power management:

processor	: 3
vendor_id	: GenuineIntel
cpu family	: 6
model		: 42
model name	: Intel(R) Xeon(R) CPU E31220 @ 3.10GHz
stepping	: 7
cpu MHz		: 3093.272
cache size	: 8192 KB
physical id	: 0
siblings	: 4
core id		: 3
cpu cores	: 4
apicid		: 6
initial apicid	: 6
fpu		: yes
fpu_exception	: yes
cpuid level	: 13
wp		: yes
flags		: fpu vme de pse tsc msr pae mce cx8 apic sep mtrr pge mca cmov pat pse36 clflush dts acpi mmx fxsr sse sse2 ss ht tm pbe syscall nx rdtscp lm constant_tsc arch_perfmon pebs bts rep_good xtopology nonstop_tsc aperfmperf pni pclmulqdq dtes64 monitor ds_cpl vmx smx est tm2 ssse3 cx16 xtpr pdcm sse4_1 sse4_2 x2apic popcnt aes xsave avx lahf_lm ida arat tpr_shadow vnmi flexpriority ept vpid
bogomips	: 6185.66
clflush size	: 64
cache_alignment	: 64
address sizes	: 36 bits physical, 48 bits virtual
power management:



Memory: 4k page, physical 7903644k(185928k free), swap 15624052k(15624052k free)

vm_info: Java HotSpot(TM) 64-Bit Server VM (21.0-b17) for linux-amd64 JRE (1.7.0-b147), built on Jun 27 2011 01:30:59 by "java_re" with gcc 4.3.0 20080428 (Red Hat 4.3.0-8)

time: Wed Dec 14 16:56:31 2011
elapsed time: 2 seconds

