#
# A fatal error has been detected by the Java Runtime Environment:
#
#  SIGSEGV (0xb) at pc=0x00007fda5955d0f9, pid=9048, tid=140575873029888
#
# JRE version: 7.0-b147
# Java VM: Java HotSpot(TM) 64-Bit Server VM (21.0-b17 mixed mode linux-amd64 compressed oops)
# Problematic frame:
# J  org.apache.lucene.analysis.PorterStemmer.stem([CII)Z
#
# Core dump written. Default location: /dados/dspace/bin/core or core.9048
#
# If you would like to submit a bug report, please visit:
#   http://bugreport.sun.com/bugreport/crash.jsp
#

---------------  T H R E A D  ---------------

Current thread (0x0000000000b98800):  JavaThread "main" [_thread_in_Java, id=9049, stack(0x00007fda5ee9d000,0x00007fda5ef9e000)]

siginfo:si_signo=SIGSEGV: si_errno=0, si_code=1 (SEGV_MAPERR), si_addr=0x00000002fabd0cbc

Registers:
RAX=0x00000000ebe87f70, RBX=0x00007fda5ef9b9c0, RCX=0x0000000000000000, RDX=0x0000000000000002
RSP=0x00007fda5ef9b9c0, RBP=0x00000000fabd0cb0, RSI=0x00007fda5ef9b968, RDI=0x0000000000000037
R8 =0x0000000000000032, R9 =0x00000000fffffffd, R10=0x00000000fabd0cb0, R11=0x0000000000000037
R12=0x0000000000000000, R13=0x0000000000000031, R14=0x00000000fffffffe, R15=0x0000000000b98800
RIP=0x00007fda5955d0f9, EFLAGS=0x0000000000010282, CSGSFS=0x0000000000000033, ERR=0x0000000000000004
  TRAPNO=0x000000000000000e

Top of Stack: (sp=0x00007fda5ef9b9c0)
0x00007fda5ef9b9c0:   00000000fabcebb0 0000000000000003
0x00007fda5ef9b9d0:   00000000fabacff8 00007fda5ef9b9d8
0x00007fda5ef9b9e0:   00000000fabd0c88 00007fda5ef9ba28
0x00007fda5ef9b9f0:   00000000ebe55648 00000000ebe84af0
0x00007fda5ef9ba00:   00007fda5ef9ba78 00007fda59444290
0x00007fda5ef9ba10:   00007fda59444290 0000000000000003
0x00007fda5ef9ba20:   0000000000000000 00000000fabcebb0
0x00007fda5ef9ba30:   00000000fabd0c88 00007fda5ef9ba38
0x00007fda5ef9ba40:   00000000ebd9f61a 00007fda5ef9ba90
0x00007fda5ef9ba50:   00000000ebe5d0d0 00000000ebe86618
0x00007fda5ef9ba60:   00000000ebd9f660 00007fda5ef9ba18
0x00007fda5ef9ba70:   00007fda5ef9baa0 00000000fabacff8
0x00007fda5ef9ba80:   00007fda5955b6f8 00000000fabacff8
0x00007fda5ef9ba90:   00000000fabd0c70 00007fda5955b6f8
0x00007fda5ef9baa0:   00007fda5ef9bae0 00000000fab48428
0x00007fda5ef9bab0:   00000000fabd0c70 00000000fab48428
0x00007fda5ef9bac0:   0000000200002710 00000000fabacf70
0x00007fda5ef9bad0:   00007fda5ef9bb28 00007fda59443f98
0x00007fda5ef9bae0:   00000000fab57d00 00007fda5ef9bae8
0x00007fda5ef9baf0:   00000000ebdf3890 00007fda5ef9bb38
0x00007fda5ef9bb00:   00007fda5ef9bb80 00007fda59443f98
0x00007fda5ef9bb10:   00000000ebdf38a8 00007fda59443f98
0x00007fda5ef9bb20:   0000000000002710 00000000fc9f7a90
0x00007fda5ef9bb30:   00000000fab48428 00000000fabacf70
0x00007fda5ef9bb40:   00007fda5ef9bb40 00000000ebe4bc0a
0x00007fda5ef9bb50:   00007fda5ef9bbf0 00000000ebe51828
0x00007fda5ef9bb60:   0000000000000000 00000000ebe4bdd0
0x00007fda5ef9bb70:   00007fda5ef9bb20 00007fda5ef9bbe8
0x00007fda5ef9bb80:   00007fda5ef9bc38 00007fda59443f98
0x00007fda5ef9bb90:   0000000000000000 0000000000000000
0x00007fda5ef9bba0:   0000000000000000 0000000000000000
0x00007fda5ef9bbb0:   0000000000000000 0000000000000000 

Instructions: (pc=0x00007fda5955d0f9)
0x00007fda5955d0d9:   6c 52 0e 45 0f b7 5c 52 10 4c 8b 4c 24 20 41 8b
0x00007fda5955d0e9:   49 18 44 8b ca 41 83 c1 fb 44 8b f2 41 83 c6 fc
0x00007fda5955d0f9:   43 0f b7 7c 72 10 48 63 f2 41 0f b7 5c 72 10 8b
0x00007fda5955d109:   c2 83 c0 fe 89 04 24 41 0f b7 44 42 10 83 c2 fd 

Register to memory mapping:

RAX=0x00000000ebe87f70 is an oop
{method data} 
 - klass: {other class}
RBX=0x00007fda5ef9b9c0 is pointing into the stack for thread: 0x0000000000b98800
RCX=0x0000000000000000 is an unknown value
RDX=0x0000000000000002 is an unknown value
RSP=0x00007fda5ef9b9c0 is pointing into the stack for thread: 0x0000000000b98800
RBP=0x00000000fabd0cb0 is an oop
[C 
 - klass: {type array char}
 - length: 50
RSI=0x00007fda5ef9b968 is pointing into the stack for thread: 0x0000000000b98800
RDI=0x0000000000000037 is an unknown value
R8 =0x0000000000000032 is an unknown value
R9 =0x00000000fffffffd is an unallocated location in the heap
R10=0x00000000fabd0cb0 is an oop
[C 
 - klass: {type array char}
 - length: 50
R11=0x0000000000000037 is an unknown value
R12=0x0000000000000000 is an unknown value
R13=0x0000000000000031 is an unknown value
R14=0x00000000fffffffe is an unallocated location in the heap
R15=0x0000000000b98800 is a thread


Stack: [0x00007fda5ee9d000,0x00007fda5ef9e000],  sp=0x00007fda5ef9b9c0,  free space=1018k
Native frames: (J=compiled Java code, j=interpreted, Vv=VM code, C=native code)
J  org.apache.lucene.analysis.PorterStemmer.stem([CII)Z


---------------  P R O C E S S  ---------------

Java Threads: ( => current thread )
  0x00000000010e3000 JavaThread "pool-1-thread-1" [_thread_blocked, id=9063, stack(0x00007fda5325b000,0x00007fda5335c000)]
  0x0000000000ed4000 JavaThread "FinalizableReferenceQueue" daemon [_thread_blocked, id=9062, stack(0x00007fda5335c000,0x00007fda5345d000)]
  0x00007fda54053000 JavaThread "Service Thread" daemon [_thread_blocked, id=9060, stack(0x00007fda53eff000,0x00007fda54000000)]
  0x00007fda54050800 JavaThread "C2 CompilerThread1" daemon [_thread_in_native, id=9059, stack(0x00007fda5803a000,0x00007fda5813b000)]
  0x00007fda5404d800 JavaThread "C2 CompilerThread0" daemon [_thread_in_native, id=9058, stack(0x00007fda5813b000,0x00007fda5823c000)]
  0x00007fda5404b000 JavaThread "Signal Dispatcher" daemon [_thread_blocked, id=9057, stack(0x00007fda5823c000,0x00007fda5833d000)]
  0x00007fda54001000 JavaThread "Finalizer" daemon [_thread_blocked, id=9056, stack(0x00007fda584b2000,0x00007fda585b3000)]
  0x0000000000c24000 JavaThread "Reference Handler" daemon [_thread_blocked, id=9055, stack(0x00007fda585b3000,0x00007fda586b4000)]
=>0x0000000000b98800 JavaThread "main" [_thread_in_Java, id=9049, stack(0x00007fda5ee9d000,0x00007fda5ef9e000)]

Other Threads:
  0x0000000000c1c800 VMThread [stack: 0x00007fda586b4000,0x00007fda587b5000] [id=9054]
  0x00007fda5405e000 WatcherThread [stack: 0x00007fda53dfe000,0x00007fda53eff000] [id=9061]

VM state:not at safepoint (normal execution)

VM Mutex/Monitor currently owned by a thread: None

Heap
 PSYoungGen      total 36032K, used 6709K [0x00000000faab0000, 0x00000000fd2e0000, 0x0000000100000000)
  eden space 30912K, 5% used [0x00000000faab0000,0x00000000fac432b8,0x00000000fc8e0000)
  from space 5120K, 99% used [0x00000000fc8e0000,0x00000000fcdda4b0,0x00000000fcde0000)
  to   space 5120K, 0% used [0x00000000fcde0000,0x00000000fcde0000,0x00000000fd2e0000)
 PSOldGen        total 82368K, used 2027K [0x00000000f0000000, 0x00000000f5070000, 0x00000000faab0000)
  object space 82368K, 2% used [0x00000000f0000000,0x00000000f01faee0,0x00000000f5070000)
 PSPermGen       total 21248K, used 17047K [0x00000000eae00000, 0x00000000ec2c0000, 0x00000000f0000000)
  object space 21248K, 80% used [0x00000000eae00000,0x00000000ebea5ce8,0x00000000ec2c0000)

Code Cache  [0x00007fda5943e000, 0x00007fda596ae000, 0x00007fda5c43e000)
 total_blobs=615 nmethods=264 adapters=303 free_code_cache=47992Kb largest_free_block=49110720

Dynamic libraries:
00400000-00401000 r-xp 00000000 09:01 1310905                            /usr/lib/java_sdk/bin/java
00600000-00601000 rw-p 00000000 09:01 1310905                            /usr/lib/java_sdk/bin/java
00b8e000-01b4f000 rw-p 00000000 00:00 0                                  [heap]
eae00000-ec2c0000 rw-p 00000000 00:00 0 
ec2c0000-f0000000 rw-p 00000000 00:00 0 
f0000000-f5070000 rw-p 00000000 00:00 0 
f5070000-faab0000 rw-p 00000000 00:00 0 
faab0000-fd2e0000 rw-p 00000000 00:00 0 
fd2e0000-ff110000 ---p 00000000 00:00 0 
ff110000-100000000 rw-p 00000000 00:00 0 
7fda53252000-7fda5325b000 r--s 00254000 09:01 1313053                    /usr/lib/java_sdk/jre/lib/resources.jar
7fda5325b000-7fda5325e000 ---p 00000000 00:00 0 
7fda5325e000-7fda5335c000 rw-p 00000000 00:00 0 
7fda5335c000-7fda5335f000 ---p 00000000 00:00 0 
7fda5335f000-7fda5345d000 rw-p 00000000 00:00 0 
7fda5345d000-7fda53461000 r--s 00010000 09:01 396808                     /dados/dspace/lib/xmlParserAPIs-2.0.2.jar
7fda53461000-7fda53469000 r--s 00028000 09:01 396807                     /dados/dspace/lib/xml-apis-1.3.02.jar
7fda53469000-7fda53480000 r--s 00112000 09:01 396806                     /dados/dspace/lib/xercesImpl-2.8.1.jar
7fda53480000-7fda5349e000 r--s 0027d000 09:01 396805                     /dados/dspace/lib/xalan-2.7.0.jar
7fda5349e000-7fda534a5000 r--s 00079000 09:01 396804                     /dados/dspace/lib/wstx-asl-3.2.7.jar
7fda534a5000-7fda534ac000 r--s 0007a000 09:01 396803                     /dados/dspace/lib/utils-1.07.00.jar
7fda534ac000-7fda534af000 r--s 00036000 09:01 396802                     /dados/dspace/lib/tm-extractors-0.4.jar
7fda534af000-7fda534b2000 r--s 00019000 09:01 396801                     /dados/dspace/lib/stax-utils-20040917.jar
7fda534b2000-7fda534b4000 r--s 00005000 09:01 396800                     /dados/dspace/lib/stax-api-1.0.1.jar
7fda534b4000-7fda534b7000 r--s 00029000 09:01 396799                     /dados/dspace/lib/stax-1.2.0.jar
7fda534b7000-7fda534bd000 r--s 00040000 09:01 396798                     /dados/dspace/lib/spring-core-2.5.6.jar
7fda534bd000-7fda534c0000 r--s 00015000 09:01 396797                     /dados/dspace/lib/spring-context-support-2.5.6.jar
7fda534c0000-7fda534cc000 r--s 00069000 09:01 396796                     /dados/dspace/lib/spring-context-2.5.6.jar
7fda534cc000-7fda534d6000 r--s 0006e000 09:01 396795                     /dados/dspace/lib/spring-beans-2.5.6.jar
7fda534d6000-7fda534d9000 r--s 00015000 09:01 396794                     /dados/dspace/lib/solr-solrj-1.3.0.jar
7fda534d9000-7fda534db000 r--s 00004000 09:01 396793                     /dados/dspace/lib/solr-commons-csv-1.4.0.jar
7fda534db000-7fda534dd000 r--s 00014000 09:01 396792                     /dados/dspace/lib/solr-common-1.3.0.jar
7fda534dd000-7fda534de000 r--s 00002000 09:01 396791                     /dados/dspace/lib/slf4j-log4j12-1.5.6.jar
7fda534de000-7fda534ee000 r-xp 00000000 09:01 1312403                    /usr/lib/java_sdk/jre/lib/amd64/libnio.so
7fda534ee000-7fda536ee000 ---p 00010000 09:01 1312403                    /usr/lib/java_sdk/jre/lib/amd64/libnio.so
7fda536ee000-7fda536ef000 rw-p 00010000 09:01 1312403                    /usr/lib/java_sdk/jre/lib/amd64/libnio.so
7fda536ef000-7fda53704000 r-xp 00000000 09:01 1312388                    /usr/lib/java_sdk/jre/lib/amd64/libnet.so
7fda53704000-7fda53904000 ---p 00015000 09:01 1312388                    /usr/lib/java_sdk/jre/lib/amd64/libnet.so
7fda53904000-7fda53905000 rw-p 00015000 09:01 1312388                    /usr/lib/java_sdk/jre/lib/amd64/libnet.so
7fda53905000-7fda5390d000 r-xp 00000000 09:01 1312412                    /usr/lib/java_sdk/jre/lib/amd64/libmanagement.so
7fda5390d000-7fda53b0c000 ---p 00008000 09:01 1312412                    /usr/lib/java_sdk/jre/lib/amd64/libmanagement.so
7fda53b0c000-7fda53b0d000 rw-p 00007000 09:01 1312412                    /usr/lib/java_sdk/jre/lib/amd64/libmanagement.so
7fda53b0d000-7fda53b11000 r--s 00088000 09:01 1312331                    /usr/lib/java_sdk/jre/lib/jsse.jar
7fda53b11000-7fda53b13000 r-xp 00000000 09:01 917545                     /usr/lib/gconv/ISO8859-1.so
7fda53b13000-7fda53d12000 ---p 00002000 09:01 917545                     /usr/lib/gconv/ISO8859-1.so
7fda53d12000-7fda53d13000 r--p 00001000 09:01 917545                     /usr/lib/gconv/ISO8859-1.so
7fda53d13000-7fda53d14000 rw-p 00002000 09:01 917545                     /usr/lib/gconv/ISO8859-1.so
7fda53d14000-7fda53d1b000 r--s 00000000 09:01 918774                     /usr/lib/gconv/gconv-modules.cache
7fda53d1b000-7fda53d30000 r--p 00000000 09:01 923885                     /usr/share/locale/pt_BR/LC_MESSAGES/libc.mo
7fda53d30000-7fda53d32000 r--s 00001000 09:01 396790                     /dados/dspace/lib/slf4j-jdk14-1.5.6.jar
7fda53d32000-7fda53d34000 r--s 00004000 09:01 396789                     /dados/dspace/lib/slf4j-api-1.5.6.jar
7fda53d34000-7fda53d37000 r--s 00011000 09:01 396788                     /dados/dspace/lib/servlet-api-2.3.jar
7fda53d37000-7fda53d3b000 r--s 00032000 09:01 396787                     /dados/dspace/lib/rome-1.0.jar
7fda53d3b000-7fda53d43000 r--s 0005e000 09:01 396786                     /dados/dspace/lib/reflectutils-0.9.10.jar
7fda53d43000-7fda53d48000 r--s 0005e000 09:01 396785                     /dados/dspace/lib/postgresql-8.1-408.jdbc3.jar
7fda53d48000-7fda53d54000 r--s 000b8000 09:01 396784                     /dados/dspace/lib/poi-2.5.1-final-20040804.jar
7fda53d54000-7fda53d62000 r--s 0031d000 09:01 396783                     /dados/dspace/lib/pdfbox-0.7.3.jar
7fda53d62000-7fda53d64000 r--s 0000e000 09:01 396782                     /dados/dspace/lib/oro-2.0.8.jar
7fda53d64000-7fda53d65000 r--s 00003000 09:01 396781                     /dados/dspace/lib/oclc-harvester2-0.1.12.jar
7fda53d65000-7fda53d6c000 r--s 00037000 09:01 396780                     /dados/dspace/lib/modules-0.3.2.jar
7fda53d6c000-7fda53d6e000 r--s 0001d000 09:01 396779                     /dados/dspace/lib/mets-1.5.2.jar
7fda53d6e000-7fda53d74000 r--s 00059000 09:01 396778                     /dados/dspace/lib/mail-1.4.jar
7fda53d74000-7fda53d75000 r--s 00004000 09:01 396777                     /dados/dspace/lib/lucene-spellchecker-2.9.1.jar
7fda53d75000-7fda53d77000 r--s 0001b000 09:01 396776                     /dados/dspace/lib/lucene-snowball-2.9.1.jar
7fda53d77000-7fda53d78000 r--s 00008000 09:01 396775                     /dados/dspace/lib/lucene-queries-2.9.1.jar
7fda53d78000-7fda53d7a000 r--s 0000d000 09:01 396774                     /dados/dspace/lib/lucene-misc-2.9.1.jar
7fda53d7a000-7fda53d7c000 r--s 0000c000 09:01 396773                     /dados/dspace/lib/lucene-memory-2.9.1.jar
7fda53d7c000-7fda53d7e000 r--s 0000a000 09:01 396772                     /dados/dspace/lib/lucene-highlighter-2.9.1.jar
7fda53d7e000-7fda53d8a000 r--s 00097000 09:01 396771                     /dados/dspace/lib/lucene-core-2.3.0.jar
7fda53d8a000-7fda53d8c000 r--s 00012000 09:01 396770                     /dados/dspace/lib/lucene-analyzers-2.3.0.jar
7fda53d8c000-7fda53d93000 r--s 00053000 09:01 396769                     /dados/dspace/lib/log4j-1.2.14.jar
7fda53d93000-7fda53d95000 r--s 00001000 09:01 396768                     /dados/dspace/lib/jsr107cache-1.0.jar
7fda53d95000-7fda53d97000 r--s 00009000 09:01 396767                     /dados/dspace/lib/jempbox-0.2.0.jar
7fda53d97000-7fda53d9a000 r--s 00023000 09:01 396766                     /dados/dspace/lib/jdom-1.0.jar
7fda53d9a000-7fda53da0000 r--s 00032000 09:01 396765                     /dados/dspace/lib/jaxen-1.1.jar
7fda53da0000-7fda53da3000 r--s 0004d000 09:01 396764                     /dados/dspace/lib/jargon-1.4.25.jar
7fda53da3000-7fda53dbc000 r--s 002fd000 09:01 396763                     /dados/dspace/lib/icu4j-3.4.4.jar
7fda53dbc000-7fda53dc6000 r--s 000cf000 09:01 396762                     /dados/dspace/lib/handle-6.2.jar
7fda53dc6000-7fda53dc8000 r--s 00006000 09:01 396761                     /dados/dspace/lib/geronimo-stax-api_1.0_spec-1.0.1.jar
7fda53dc8000-7fda53dca000 r--s 0000e000 09:01 396760                     /dados/dspace/lib/fontbox-0.1.0.jar
7fda53dca000-7fda53dcf000 r--s 0003c000 09:01 396759                     /dados/dspace/lib/ehcache-1.5.0.jar
7fda53dcf000-7fda53dd1000 r--s 00013000 09:01 396758                     /dados/dspace/lib/dspace-stats-1.6.2.jar
7fda53dd1000-7fda53dd5000 r--s 0001d000 09:01 396757                     /dados/dspace/lib/dspace-solr-solrj-1.4.0.1-20100225.132255-3.jar
7fda53dd5000-7fda53dd8000 r--s 00017000 09:01 396756                     /dados/dspace/lib/dspace-solr-common-1.4.0.1-20100225.132255-4.jar
7fda53dd8000-7fda53dd9000 r--s 00003000 09:01 396755                     /dados/dspace/lib/dspace-services-utils-2.0.1.jar
7fda53dd9000-7fda53ddb000 r--s 00016000 09:01 396754                     /dados/dspace/lib/dspace-services-impl-2.0.1.jar
7fda53ddb000-7fda53dde000 r--s 00009000 09:01 396753                     /dados/dspace/lib/dspace-services-api-2.0.1.jar
7fda53dde000-7fda53de0000 r--s 00022000 09:01 396752                     /dados/dspace/lib/dspace-geoip-1.2.3.jar
7fda53de0000-7fda53de2000 r--s 0009c000 09:01 396751                     /dados/dspace/lib/dspace-api-lang-1.6.2.0.jar
7fda53de2000-7fda53dec000 r--s 000e0000 09:01 396750                     /dados/dspace/lib/dspace-api-1.6.2.jar
7fda53dec000-7fda53df1000 r--s 00048000 09:01 396749                     /dados/dspace/lib/dom4j-1.6.1.jar
7fda53df1000-7fda53df5000 r--s 0003e000 09:01 396748                     /dados/dspace/lib/dnsjava-2.0.6.jar
7fda53df5000-7fda53df7000 r--s 00005000 09:01 396747                     /dados/dspace/lib/discovery-solr-provider-0.9.2-SNAPSHOT.jar
7fda53df7000-7fda53dfa000 r--s 00013000 09:01 396746                     /dados/dspace/lib/commons-pool-1.4.jar
7fda53dfa000-7fda53dfe000 r--s 00038000 09:01 396744                     /dados/dspace/lib/commons-lang-2.2.jar
7fda53dfe000-7fda53dff000 ---p 00000000 00:00 0 
7fda53dff000-7fda53eff000 rw-p 00000000 00:00 0 
7fda53eff000-7fda53f02000 ---p 00000000 00:00 0 
7fda53f02000-7fda54000000 rw-p 00000000 00:00 0 
7fda54000000-7fda5513d000 rw-p 00000000 00:00 0 
7fda5513d000-7fda58000000 ---p 00000000 00:00 0 
7fda58000000-7fda58003000 r--s 00013000 09:01 396742                     /dados/dspace/lib/commons-io-1.3.2.jar
7fda58003000-7fda58009000 r--s 00045000 09:01 396741                     /dados/dspace/lib/commons-httpclient-3.1.jar
7fda58009000-7fda5800c000 r--s 0000c000 09:01 396740                     /dados/dspace/lib/commons-fileupload-1.2.1.jar
7fda5800c000-7fda5800e000 r--s 0001c000 09:01 396739                     /dados/dspace/lib/commons-dbcp-1.2.2.jar
7fda5800e000-7fda5801b000 r--s 0007f000 09:01 396738                     /dados/dspace/lib/commons-collections-3.2.jar
7fda5801b000-7fda5803a000 r--s 00138000 09:01 396735                     /dados/dspace/lib/bcprov-jdk14-136.jar
7fda5803a000-7fda5803d000 ---p 00000000 00:00 0 
7fda5803d000-7fda5813b000 rw-p 00000000 00:00 0 
7fda5813b000-7fda5813e000 ---p 00000000 00:00 0 
7fda5813e000-7fda5823c000 rw-p 00000000 00:00 0 
7fda5823c000-7fda5823f000 ---p 00000000 00:00 0 
7fda5823f000-7fda5833d000 rw-p 00000000 00:00 0 
7fda5833d000-7fda584b2000 r--p 00000000 09:01 1050053                    /usr/lib/locale/locale-archive
7fda584b2000-7fda584b5000 ---p 00000000 00:00 0 
7fda584b5000-7fda585b3000 rw-p 00000000 00:00 0 
7fda585b3000-7fda585b6000 ---p 00000000 00:00 0 
7fda585b6000-7fda586b4000 rw-p 00000000 00:00 0 
7fda586b4000-7fda586b5000 ---p 00000000 00:00 0 
7fda586b5000-7fda58d2a000 rw-p 00000000 00:00 0 
7fda58d2a000-7fda58ee9000 r--s 039fa000 09:01 1312380                    /usr/lib/java_sdk/jre/lib/rt.jar
7fda58ee9000-7fda58f11000 rw-p 00000000 00:00 0 
7fda58f11000-7fda58f12000 ---p 00000000 00:00 0 
7fda58f12000-7fda59012000 rw-p 00000000 00:00 0 
7fda59012000-7fda59013000 ---p 00000000 00:00 0 
7fda59013000-7fda59113000 rw-p 00000000 00:00 0 
7fda59113000-7fda59114000 ---p 00000000 00:00 0 
7fda59114000-7fda59214000 rw-p 00000000 00:00 0 
7fda59214000-7fda59215000 ---p 00000000 00:00 0 
7fda59215000-7fda59320000 rw-p 00000000 00:00 0 
7fda59320000-7fda5933e000 rw-p 00000000 00:00 0 
7fda5933e000-7fda59367000 rw-p 00000000 00:00 0 
7fda59367000-7fda59394000 rw-p 00000000 00:00 0 
7fda59394000-7fda5939f000 rw-p 00000000 00:00 0 
7fda5939f000-7fda593bd000 rw-p 00000000 00:00 0 
7fda593bd000-7fda593e6000 rw-p 00000000 00:00 0 
7fda593e6000-7fda59412000 rw-p 00000000 00:00 0 
7fda59412000-7fda59427000 rw-p 00000000 00:00 0 
7fda59427000-7fda59436000 ---p 00000000 00:00 0 
7fda59436000-7fda5943d000 rw-p 00000000 00:00 0 
7fda5943d000-7fda5943e000 rw-p 00000000 00:00 0 
7fda5943e000-7fda596ae000 rwxp 00000000 00:00 0 
7fda596ae000-7fda5c43e000 rw-p 00000000 00:00 0 
7fda5c43e000-7fda5c458000 r-xp 00000000 09:01 1312401                    /usr/lib/java_sdk/jre/lib/amd64/libzip.so
7fda5c458000-7fda5c658000 ---p 0001a000 09:01 1312401                    /usr/lib/java_sdk/jre/lib/amd64/libzip.so
7fda5c658000-7fda5c659000 rw-p 0001a000 09:01 1312401                    /usr/lib/java_sdk/jre/lib/amd64/libzip.so
7fda5c659000-7fda5c664000 r-xp 00000000 09:01 5111816                    /lib/libnss_files-2.11.2.so
7fda5c664000-7fda5c863000 ---p 0000b000 09:01 5111816                    /lib/libnss_files-2.11.2.so
7fda5c863000-7fda5c864000 r--p 0000a000 09:01 5111816                    /lib/libnss_files-2.11.2.so
7fda5c864000-7fda5c865000 rw-p 0000b000 09:01 5111816                    /lib/libnss_files-2.11.2.so
7fda5c865000-7fda5c86f000 r-xp 00000000 09:01 5111813                    /lib/libnss_nis-2.11.2.so
7fda5c86f000-7fda5ca6e000 ---p 0000a000 09:01 5111813                    /lib/libnss_nis-2.11.2.so
7fda5ca6e000-7fda5ca6f000 r--p 00009000 09:01 5111813                    /lib/libnss_nis-2.11.2.so
7fda5ca6f000-7fda5ca70000 rw-p 0000a000 09:01 5111813                    /lib/libnss_nis-2.11.2.so
7fda5ca70000-7fda5ca85000 r-xp 00000000 09:01 5111829                    /lib/libnsl-2.11.2.so
7fda5ca85000-7fda5cc84000 ---p 00015000 09:01 5111829                    /lib/libnsl-2.11.2.so
7fda5cc84000-7fda5cc85000 r--p 00014000 09:01 5111829                    /lib/libnsl-2.11.2.so
7fda5cc85000-7fda5cc86000 rw-p 00015000 09:01 5111829                    /lib/libnsl-2.11.2.so
7fda5cc86000-7fda5cc88000 rw-p 00000000 00:00 0 
7fda5cc88000-7fda5cc8f000 r-xp 00000000 09:01 5111826                    /lib/libnss_compat-2.11.2.so
7fda5cc8f000-7fda5ce8e000 ---p 00007000 09:01 5111826                    /lib/libnss_compat-2.11.2.so
7fda5ce8e000-7fda5ce8f000 r--p 00006000 09:01 5111826                    /lib/libnss_compat-2.11.2.so
7fda5ce8f000-7fda5ce90000 rw-p 00007000 09:01 5111826                    /lib/libnss_compat-2.11.2.so
7fda5ce90000-7fda5ceb9000 r-xp 00000000 09:01 1312422                    /usr/lib/java_sdk/jre/lib/amd64/libjava.so
7fda5ceb9000-7fda5d0b9000 ---p 00029000 09:01 1312422                    /usr/lib/java_sdk/jre/lib/amd64/libjava.so
7fda5d0b9000-7fda5d0bb000 rw-p 00029000 09:01 1312422                    /usr/lib/java_sdk/jre/lib/amd64/libjava.so
7fda5d0bb000-7fda5d0ca000 r-xp 00000000 09:01 1312389                    /usr/lib/java_sdk/jre/lib/amd64/libverify.so
7fda5d0ca000-7fda5d2c9000 ---p 0000f000 09:01 1312389                    /usr/lib/java_sdk/jre/lib/amd64/libverify.so
7fda5d2c9000-7fda5d2cb000 rw-p 0000e000 09:01 1312389                    /usr/lib/java_sdk/jre/lib/amd64/libverify.so
7fda5d2cb000-7fda5d2d2000 r-xp 00000000 09:01 5111821                    /lib/librt-2.11.2.so
7fda5d2d2000-7fda5d4d1000 ---p 00007000 09:01 5111821                    /lib/librt-2.11.2.so
7fda5d4d1000-7fda5d4d2000 r--p 00006000 09:01 5111821                    /lib/librt-2.11.2.so
7fda5d4d2000-7fda5d4d3000 rw-p 00007000 09:01 5111821                    /lib/librt-2.11.2.so
7fda5d4d3000-7fda5d553000 r-xp 00000000 09:01 5111828                    /lib/libm-2.11.2.so
7fda5d553000-7fda5d753000 ---p 00080000 09:01 5111828                    /lib/libm-2.11.2.so
7fda5d753000-7fda5d754000 r--p 00080000 09:01 5111828                    /lib/libm-2.11.2.so
7fda5d754000-7fda5d755000 rw-p 00081000 09:01 5111828                    /lib/libm-2.11.2.so
7fda5d755000-7fda5e125000 r-xp 00000000 09:01 1312425                    /usr/lib/java_sdk/jre/lib/amd64/server/libjvm.so
7fda5e125000-7fda5e325000 ---p 009d0000 09:01 1312425                    /usr/lib/java_sdk/jre/lib/amd64/server/libjvm.so
7fda5e325000-7fda5e3c0000 rw-p 009d0000 09:01 1312425                    /usr/lib/java_sdk/jre/lib/amd64/server/libjvm.so
7fda5e3c0000-7fda5e3f9000 rw-p 00000000 00:00 0 
7fda5e3f9000-7fda5e551000 r-xp 00000000 09:01 5111819                    /lib/libc-2.11.2.so
7fda5e551000-7fda5e750000 ---p 00158000 09:01 5111819                    /lib/libc-2.11.2.so
7fda5e750000-7fda5e754000 r--p 00157000 09:01 5111819                    /lib/libc-2.11.2.so
7fda5e754000-7fda5e755000 rw-p 0015b000 09:01 5111819                    /lib/libc-2.11.2.so
7fda5e755000-7fda5e75a000 rw-p 00000000 00:00 0 
7fda5e75a000-7fda5e75c000 r-xp 00000000 09:01 5111818                    /lib/libdl-2.11.2.so
7fda5e75c000-7fda5e95c000 ---p 00002000 09:01 5111818                    /lib/libdl-2.11.2.so
7fda5e95c000-7fda5e95d000 r--p 00002000 09:01 5111818                    /lib/libdl-2.11.2.so
7fda5e95d000-7fda5e95e000 rw-p 00003000 09:01 5111818                    /lib/libdl-2.11.2.so
7fda5e95e000-7fda5e974000 r-xp 00000000 09:01 1312414                    /usr/lib/java_sdk/jre/lib/amd64/jli/libjli.so
7fda5e974000-7fda5eb73000 ---p 00016000 09:01 1312414                    /usr/lib/java_sdk/jre/lib/amd64/jli/libjli.so
7fda5eb73000-7fda5eb74000 rw-p 00015000 09:01 1312414                    /usr/lib/java_sdk/jre/lib/amd64/jli/libjli.so
7fda5eb74000-7fda5eb8b000 r-xp 00000000 09:01 5111820                    /lib/libpthread-2.11.2.so
7fda5eb8b000-7fda5ed8a000 ---p 00017000 09:01 5111820                    /lib/libpthread-2.11.2.so
7fda5ed8a000-7fda5ed8b000 r--p 00016000 09:01 5111820                    /lib/libpthread-2.11.2.so
7fda5ed8b000-7fda5ed8c000 rw-p 00017000 09:01 5111820                    /lib/libpthread-2.11.2.so
7fda5ed8c000-7fda5ed90000 rw-p 00000000 00:00 0 
7fda5ed90000-7fda5edae000 r-xp 00000000 09:01 5111831                    /lib/ld-2.11.2.so
7fda5edae000-7fda5edaf000 r--s 00005000 09:01 396745                     /dados/dspace/lib/commons-logging-1.0.jar
7fda5edaf000-7fda5edb2000 r--s 00018000 09:01 396743                     /dados/dspace/lib/commons-io-1.4.jar
7fda5edb2000-7fda5edb4000 r--s 0000a000 09:01 396737                     /dados/dspace/lib/commons-codec-1.3.jar
7fda5edb4000-7fda5edb9000 r--s 0002a000 09:01 396734                     /dados/dspace/lib/bcmail-jdk14-136.jar
7fda5edb9000-7fda5edc1000 r--s 00049000 09:01 396733                     /dados/dspace/lib/backport-util-concurrent-3.1.jar
7fda5edc1000-7fda5edd5000 r--s 0012f000 09:01 396730                     /dados/dspace/lib/ant-1.7.1.jar
7fda5edd5000-7fda5eddf000 rw-p 00000000 00:00 0 
7fda5eddf000-7fda5ee95000 rw-p 00000000 00:00 0 
7fda5ee95000-7fda5ee9d000 rw-s 00000000 09:01 4849689                    /tmp/hsperfdata_root/9048
7fda5ee9d000-7fda5eea0000 ---p 00000000 00:00 0 
7fda5eea0000-7fda5efa2000 rw-p 00000000 00:00 0 
7fda5efa2000-7fda5efa4000 r--s 00006000 09:01 396736                     /dados/dspace/lib/commons-cli-1.0.jar
7fda5efa4000-7fda5efa6000 r--s 00000000 09:01 396732                     /dados/dspace/lib/aopalliance-1.0.jar
7fda5efa6000-7fda5efa7000 r--s 00002000 09:01 396731                     /dados/dspace/lib/ant-launcher-1.7.1.jar
7fda5efa7000-7fda5efa9000 r--s 0000e000 09:01 396729                     /dados/dspace/lib/activation-1.1.jar
7fda5efa9000-7fda5efaa000 rw-p 00000000 00:00 0 
7fda5efaa000-7fda5efab000 r--p 00000000 00:00 0 
7fda5efab000-7fda5efad000 rw-p 00000000 00:00 0 
7fda5efad000-7fda5efae000 r--p 0001d000 09:01 5111831                    /lib/ld-2.11.2.so
7fda5efae000-7fda5efaf000 rw-p 0001e000 09:01 5111831                    /lib/ld-2.11.2.so
7fda5efaf000-7fda5efb0000 rw-p 00000000 00:00 0 
7fff4cd51000-7fff4cd67000 rw-p 00000000 00:00 0                          [stack]
7fff4cdff000-7fff4ce00000 r-xp 00000000 00:00 0                          [vdso]
ffffffffff600000-ffffffffff601000 r-xp 00000000 00:00 0                  [vsyscall]

VM Arguments:
jvm_args: -Xmx256m -Djava.util.logging.config.file=$DSPACEDIR/config/logging.properties 
java_command: org.dspace.app.launcher.ScriptLauncher index-init
Launcher Type: SUN_STANDARD

Environment Variables:
JAVA_HOME=/usr/lib/java_sdk
PATH=/etc/alternatives/apache-maven/bin:/usr/lib/java_sdk/bin:/etc/alternatives/apache-ant/bin:/usr/local/sbin:/usr/local/bin:/usr/sbin:/usr/bin:/sbin:/bin
USERNAME=root
SHELL=/bin/bash

Signal Handlers:
SIGSEGV: [libjvm.so+0x84be70], sa_mask[0]=0x7ffbfeff, sa_flags=0x10000004
SIGBUS: [libjvm.so+0x84be70], sa_mask[0]=0x7ffbfeff, sa_flags=0x10000004
SIGFPE: [libjvm.so+0x6f3820], sa_mask[0]=0x7ffbfeff, sa_flags=0x10000004
SIGPIPE: [libjvm.so+0x6f3820], sa_mask[0]=0x7ffbfeff, sa_flags=0x10000004
SIGXFSZ: [libjvm.so+0x6f3820], sa_mask[0]=0x7ffbfeff, sa_flags=0x10000004
SIGILL: [libjvm.so+0x6f3820], sa_mask[0]=0x7ffbfeff, sa_flags=0x10000004
SIGUSR1: SIG_DFL, sa_mask[0]=0x00000000, sa_flags=0x00000000
SIGUSR2: [libjvm.so+0x6f3190], sa_mask[0]=0x00000000, sa_flags=0x10000004
SIGHUP: [libjvm.so+0x6f5650], sa_mask[0]=0x7ffbfeff, sa_flags=0x10000004
SIGINT: [libjvm.so+0x6f5650], sa_mask[0]=0x7ffbfeff, sa_flags=0x10000004
SIGTERM: [libjvm.so+0x6f5650], sa_mask[0]=0x7ffbfeff, sa_flags=0x10000004
SIGQUIT: [libjvm.so+0x6f5650], sa_mask[0]=0x7ffbfeff, sa_flags=0x10000004


---------------  S Y S T E M  ---------------

OS:6.0.3

uname:Linux 2.6.32-5-amd64 #1 SMP Mon Oct 3 03:59:20 UTC 2011 x86_64
libc:glibc 2.11.2 NPTL 2.11.2 
rlimit: STACK 8192k, CORE infinity, NPROC infinity, NOFILE 1024, AS infinity
load average:0,56 0,30 0,16

/proc/meminfo:
MemTotal:        7903644 kB
MemFree:           73492 kB
Buffers:          313068 kB
Cached:          6242128 kB
SwapCached:            0 kB
Active:          3727116 kB
Inactive:        3574500 kB
Active(anon):     636276 kB
Inactive(anon):   121376 kB
Active(file):    3090840 kB
Inactive(file):  3453124 kB
Unevictable:           0 kB
Mlocked:               0 kB
SwapTotal:      15624052 kB
SwapFree:       15624052 kB
Dirty:               808 kB
Writeback:             0 kB
AnonPages:        746424 kB
Mapped:            32548 kB
Shmem:             11232 kB
Slab:             476764 kB
SReclaimable:     438736 kB
SUnreclaim:        38028 kB
KernelStack:        1608 kB
PageTables:         6996 kB
NFS_Unstable:          0 kB
Bounce:                0 kB
WritebackTmp:          0 kB
CommitLimit:    19575872 kB
Committed_AS:     983292 kB
VmallocTotal:   34359738367 kB
VmallocUsed:      113872 kB
VmallocChunk:   34359621096 kB
HardwareCorrupted:     0 kB
HugePages_Total:       0
HugePages_Free:        0
HugePages_Rsvd:        0
HugePages_Surp:        0
Hugepagesize:       2048 kB
DirectMap4k:       10240 kB
DirectMap2M:     8361984 kB


CPU:total 4 (4 cores per cpu, 1 threads per core) family 6 model 42 stepping 7, cmov, cx8, fxsr, mmx, sse, sse2, sse3, ssse3, sse4.1, sse4.2, popcnt

/proc/cpuinfo:
processor	: 0
vendor_id	: GenuineIntel
cpu family	: 6
model		: 42
model name	: Intel(R) Xeon(R) CPU E31220 @ 3.10GHz
stepping	: 7
cpu MHz		: 3093.272
cache size	: 8192 KB
physical id	: 0
siblings	: 4
core id		: 0
cpu cores	: 4
apicid		: 0
initial apicid	: 0
fpu		: yes
fpu_exception	: yes
cpuid level	: 13
wp		: yes
flags		: fpu vme de pse tsc msr pae mce cx8 apic sep mtrr pge mca cmov pat pse36 clflush dts acpi mmx fxsr sse sse2 ss ht tm pbe syscall nx rdtscp lm constant_tsc arch_perfmon pebs bts rep_good xtopology nonstop_tsc aperfmperf pni pclmulqdq dtes64 monitor ds_cpl vmx smx est tm2 ssse3 cx16 xtpr pdcm sse4_1 sse4_2 x2apic popcnt aes xsave avx lahf_lm ida arat tpr_shadow vnmi flexpriority ept vpid
bogomips	: 6186.54
clflush size	: 64
cache_alignment	: 64
address sizes	: 36 bits physical, 48 bits virtual
power management:

processor	: 1
vendor_id	: GenuineIntel
cpu family	: 6
model		: 42
model name	: Intel(R) Xeon(R) CPU E31220 @ 3.10GHz
stepping	: 7
cpu MHz		: 3093.272
cache size	: 8192 KB
physical id	: 0
siblings	: 4
core id		: 1
cpu cores	: 4
apicid		: 2
initial apicid	: 2
fpu		: yes
fpu_exception	: yes
cpuid level	: 13
wp		: yes
flags		: fpu vme de pse tsc msr pae mce cx8 apic sep mtrr pge mca cmov pat pse36 clflush dts acpi mmx fxsr sse sse2 ss ht tm pbe syscall nx rdtscp lm constant_tsc arch_perfmon pebs bts rep_good xtopology nonstop_tsc aperfmperf pni pclmulqdq dtes64 monitor ds_cpl vmx smx est tm2 ssse3 cx16 xtpr pdcm sse4_1 sse4_2 x2apic popcnt aes xsave avx lahf_lm ida arat tpr_shadow vnmi flexpriority ept vpid
bogomips	: 6185.65
clflush size	: 64
cache_alignment	: 64
address sizes	: 36 bits physical, 48 bits virtual
power management:

processor	: 2
vendor_id	: GenuineIntel
cpu family	: 6
model		: 42
model name	: Intel(R) Xeon(R) CPU E31220 @ 3.10GHz
stepping	: 7
cpu MHz		: 3093.272
cache size	: 8192 KB
physical id	: 0
siblings	: 4
core id		: 2
cpu cores	: 4
apicid		: 4
initial apicid	: 4
fpu		: yes
fpu_exception	: yes
cpuid level	: 13
wp		: yes
flags		: fpu vme de pse tsc msr pae mce cx8 apic sep mtrr pge mca cmov pat pse36 clflush dts acpi mmx fxsr sse sse2 ss ht tm pbe syscall nx rdtscp lm constant_tsc arch_perfmon pebs bts rep_good xtopology nonstop_tsc aperfmperf pni pclmulqdq dtes64 monitor ds_cpl vmx smx est tm2 ssse3 cx16 xtpr pdcm sse4_1 sse4_2 x2apic popcnt aes xsave avx lahf_lm ida arat tpr_shadow vnmi flexpriority ept vpid
bogomips	: 6185.66
clflush size	: 64
cache_alignment	: 64
address sizes	: 36 bits physical, 48 bits virtual
power management:

processor	: 3
vendor_id	: GenuineIntel
cpu family	: 6
model		: 42
model name	: Intel(R) Xeon(R) CPU E31220 @ 3.10GHz
stepping	: 7
cpu MHz		: 3093.272
cache size	: 8192 KB
physical id	: 0
siblings	: 4
core id		: 3
cpu cores	: 4
apicid		: 6
initial apicid	: 6
fpu		: yes
fpu_exception	: yes
cpuid level	: 13
wp		: yes
flags		: fpu vme de pse tsc msr pae mce cx8 apic sep mtrr pge mca cmov pat pse36 clflush dts acpi mmx fxsr sse sse2 ss ht tm pbe syscall nx rdtscp lm constant_tsc arch_perfmon pebs bts rep_good xtopology nonstop_tsc aperfmperf pni pclmulqdq dtes64 monitor ds_cpl vmx smx est tm2 ssse3 cx16 xtpr pdcm sse4_1 sse4_2 x2apic popcnt aes xsave avx lahf_lm ida arat tpr_shadow vnmi flexpriority ept vpid
bogomips	: 6185.66
clflush size	: 64
cache_alignment	: 64
address sizes	: 36 bits physical, 48 bits virtual
power management:



Memory: 4k page, physical 7903644k(73492k free), swap 15624052k(15624052k free)

vm_info: Java HotSpot(TM) 64-Bit Server VM (21.0-b17) for linux-amd64 JRE (1.7.0-b147), built on Jun 27 2011 01:30:59 by "java_re" with gcc 4.3.0 20080428 (Red Hat 4.3.0-8)

time: Tue Dec 20 19:51:40 2011
elapsed time: 5 seconds

