#
# A fatal error has been detected by the Java Runtime Environment:
#
#  SIGSEGV (0xb) at pc=0x00007f139f77f802, pid=3659, tid=139722350696192
#
# JRE version: 7.0-b147
# Java VM: Java HotSpot(TM) 64-Bit Server VM (21.0-b17 mixed mode linux-amd64 compressed oops)
# Problematic frame:
# J  org.apache.lucene.analysis.PorterStemFilter.next(Lorg/apache/lucene/analysis/Token;)Lorg/apache/lucene/analysis/Token;
#
# Failed to write core dump. Core dumps have been disabled. To enable core dumping, try "ulimit -c unlimited" before starting Java again
#
# If you would like to submit a bug report, please visit:
#   http://bugreport.sun.com/bugreport/crash.jsp
#

---------------  T H R E A D  ---------------

Current thread (0x0000000002430800):  JavaThread "main" [_thread_in_Java, id=3660, stack(0x00007f13a5049000,0x00007f13a514a000)]

siginfo:si_signo=SIGSEGV: si_errno=0, si_code=1 (SEGV_MAPERR), si_addr=0x00000002fb1ca68e

Registers:
RAX=0x0000000000000000, RBX=0x00000000fffffffd, RCX=0x0000000000000037, RDX=0x0000000000000002
RSP=0x00007f13a5147a70, RBP=0x0000000000000002, RSI=0x000000000000006c, RDI=0x00000000ffffffff
R8 =0x0000000000000000, R9 =0x0000000000000037, R10=0x00000000fb1ca680, R11=0x0000000000000032
R12=0x0000000000000000, R13=0x00000000fb1ca680, R14=0x0000000000000031, R15=0x0000000002430800
RIP=0x00007f139f77f802, EFLAGS=0x0000000000010286, CSGSFS=0x0000000000000033, ERR=0x0000000000000004
  TRAPNO=0x000000000000000e

Top of Stack: (sp=0x00007f13a5147a70)
0x00007f13a5147a70:   00000000fb1ca658 ffffffff00000000
0x00007f13a5147a80:   00000000faf91f50 0000000000000000
0x00007f13a5147a90:   00000000faf91f50 00000000fb1ca640
0x00007f13a5147aa0:   00007f13a5147aa0 00000000ebe83910
0x00007f13a5147ab0:   00007f13fb1ca658 00000000fb1c8580
0x00007f13a5147ac0:   00007f13a5147b38 00007f139f5f0114
0x00007f13a5147ad0:   00007f13a5147b38 00007f139f5f0173
0x00007f13a5147ae0:   00007f139f5f0173 00000000faf91f50
0x00007f13a5147af0:   00000000fb1ca640 00007f13a5147af8
0x00007f13a5147b00:   00000000ebea0489 00007f13a5147b90
0x00007f13a5147b10:   00000000ebea53c0 00000000ebeb7c40
0x00007f13a5147b20:   00000000ebea0630 00007f13a5147ae8
0x00007f13a5147b30:   00007f13a5147b78 00007f13a5147bd8
0x00007f13a5147b40:   00007f139f5eff98 0000000000000000
0x00007f13a5147b50:   00000000faf7bff8 0000000000000000
0x00007f13a5147b60:   00000000faf91f50 0000000000000000
0x00007f13a5147b70:   00000000fb1ca640 0000000000002710
0x00007f13a5147b80:   00000000fce9d198 00000000faf7c350
0x00007f13a5147b90:   00000000faf91ec8 00007f13a5147b98
0x00007f13a5147ba0:   00000000ebea00aa 00007f13a5147c48
0x00007f13a5147bb0:   00000000ebea53c0 0000000000000000
0x00007f13a5147bc0:   00000000ebea0270 00007f13a5147b78
0x00007f13a5147bd0:   00007f13a5147c40 00007f13a5147c90
0x00007f13a5147be0:   00007f139f5eff98 0000000000000000
0x00007f13a5147bf0:   0000000000000000 0000000000000000
0x00007f13a5147c00:   0000000000000000 0000000000000000
0x00007f13a5147c10:   0000000000000000 00000000faf7c350
0x00007f13a5147c20:   0000000000000001 00000000faf92a08
0x00007f13a5147c30:   0000000000000008 0000000000002710
0x00007f13a5147c40:   00000000fce9d198 00000000faf91ec8
0x00007f13a5147c50:   00007f13a5147c50 00000000ebe90a48
0x00007f13a5147c60:   00007f13a5147cb8 00000000ebe9b1f8 

Instructions: (pc=0x00007f139f77f802)
0x00007f139f77f7e2:   0f b7 4c 6a 10 8b d7 83 c2 fe 41 0f b7 74 52 10
0x00007f139f77f7f2:   89 54 24 08 45 8b ea 8b d7 83 c7 fd 89 7c 24 0c
0x00007f139f77f802:   41 0f b7 7c 7d 10 83 c2 fc 89 54 24 18 41 0f b7
0x00007f139f77f812:   44 55 10 48 ba 90 ab 1d fd 00 00 00 00 41 83 f9 

Register to memory mapping:

RAX=0x0000000000000000 is an unknown value
RBX=0x00000000fffffffd is an unallocated location in the heap
RCX=0x0000000000000037 is an unknown value
RDX=0x0000000000000002 is an unknown value
RSP=0x00007f13a5147a70 is pointing into the stack for thread: 0x0000000002430800
RBP=0x0000000000000002 is an unknown value
RSI=0x000000000000006c is an unknown value
RDI=0x00000000ffffffff is an unallocated location in the heap
R8 =0x0000000000000000 is an unknown value
R9 =0x0000000000000037 is an unknown value
R10=0x00000000fb1ca680 is an oop
[C 
 - klass: {type array char}
 - length: 50
R11=0x0000000000000032 is an unknown value
R12=0x0000000000000000 is an unknown value
R13=0x00000000fb1ca680 is an oop
[C 
 - klass: {type array char}
 - length: 50
R14=0x0000000000000031 is an unknown value
R15=0x0000000002430800 is a thread


Stack: [0x00007f13a5049000,0x00007f13a514a000],  sp=0x00007f13a5147a70,  free space=1018k
Native frames: (J=compiled Java code, j=interpreted, Vv=VM code, C=native code)
J  org.apache.lucene.analysis.PorterStemFilter.next(Lorg/apache/lucene/analysis/Token;)Lorg/apache/lucene/analysis/Token;


---------------  P R O C E S S  ---------------

Java Threads: ( => current thread )
  0x00007f1398566000 JavaThread "pool-1-thread-1" [_thread_blocked, id=3674, stack(0x00007f139d407000,0x00007f139d508000)]
  0x00007f13982ca800 JavaThread "FinalizableReferenceQueue" daemon [_thread_blocked, id=3673, stack(0x00007f139d508000,0x00007f139d609000)]
  0x00007f1398006800 JavaThread "Service Thread" daemon [_thread_blocked, id=3671, stack(0x00007f139e0e5000,0x00007f139e1e6000)]
  0x00007f1398004000 JavaThread "C2 CompilerThread1" daemon [_thread_in_native, id=3670, stack(0x00007f139e1e6000,0x00007f139e2e7000)]
  0x00007f1398001000 JavaThread "C2 CompilerThread0" daemon [_thread_in_native, id=3669, stack(0x00007f139e2e7000,0x00007f139e3e8000)]
  0x000000000250d800 JavaThread "Signal Dispatcher" daemon [_thread_blocked, id=3668, stack(0x00007f139e3e8000,0x00007f139e4e9000)]
  0x00000000024c3800 JavaThread "Finalizer" daemon [_thread_blocked, id=3667, stack(0x00007f139e65e000,0x00007f139e75f000)]
  0x00000000024bc000 JavaThread "Reference Handler" daemon [_thread_blocked, id=3666, stack(0x00007f139e75f000,0x00007f139e860000)]
=>0x0000000002430800 JavaThread "main" [_thread_in_Java, id=3660, stack(0x00007f13a5049000,0x00007f13a514a000)]

Other Threads:
  0x00000000024b4800 VMThread [stack: 0x00007f139e860000,0x00007f139e961000] [id=3665]
  0x00007f1398011800 WatcherThread [stack: 0x00007f139dfe4000,0x00007f139e0e5000] [id=3672]

VM state:not at safepoint (normal execution)

VM Mutex/Monitor currently owned by a thread: None

Heap
 PSYoungGen      total 36032K, used 12950K [0x00000000faab0000, 0x00000000fd2e0000, 0x0000000100000000)
  eden space 30912K, 25% used [0x00000000faab0000,0x00000000fb25d7f0,0x00000000fc8e0000)
  from space 5120K, 99% used [0x00000000fcde0000,0x00000000fd2d8208,0x00000000fd2e0000)
  to   space 5120K, 0% used [0x00000000fc8e0000,0x00000000fc8e0000,0x00000000fcde0000)
 PSOldGen        total 82368K, used 853K [0x00000000f0000000, 0x00000000f5070000, 0x00000000faab0000)
  object space 82368K, 1% used [0x00000000f0000000,0x00000000f00d5540,0x00000000f5070000)
 PSPermGen       total 21248K, used 17265K [0x00000000eae00000, 0x00000000ec2c0000, 0x00000000f0000000)
  object space 21248K, 81% used [0x00000000eae00000,0x00000000ebedc498,0x00000000ec2c0000)

Code Cache  [0x00007f139f5ea000, 0x00007f139f85a000, 0x00007f13a25ea000)
 total_blobs=767 nmethods=412 adapters=307 free_code_cache=47486Kb largest_free_block=48592192

Dynamic libraries:
00400000-00401000 r-xp 00000000 09:01 1310905                            /usr/lib/java_sdk/bin/java
00600000-00601000 rw-p 00000000 09:01 1310905                            /usr/lib/java_sdk/bin/java
02426000-03c5f000 rw-p 00000000 00:00 0                                  [heap]
eae00000-ec2c0000 rw-p 00000000 00:00 0 
ec2c0000-f0000000 rw-p 00000000 00:00 0 
f0000000-f5070000 rw-p 00000000 00:00 0 
f5070000-faab0000 rw-p 00000000 00:00 0 
faab0000-fd2e0000 rw-p 00000000 00:00 0 
fd2e0000-ff110000 ---p 00000000 00:00 0 
ff110000-100000000 rw-p 00000000 00:00 0 
7f1398000000-7f1398f7c000 rw-p 00000000 00:00 0 
7f1398f7c000-7f139c000000 ---p 00000000 00:00 0 
7f139d2fd000-7f139d300000 ---p 00000000 00:00 0 
7f139d300000-7f139d3fe000 rw-p 00000000 00:00 0 
7f139d3fe000-7f139d407000 r--s 00254000 09:01 1313053                    /usr/lib/java_sdk/jre/lib/resources.jar
7f139d407000-7f139d40a000 ---p 00000000 00:00 0 
7f139d40a000-7f139d508000 rw-p 00000000 00:00 0 
7f139d508000-7f139d50b000 ---p 00000000 00:00 0 
7f139d50b000-7f139d609000 rw-p 00000000 00:00 0 
7f139d609000-7f139d60d000 r--s 00010000 09:01 396808                     /dados/dspace/lib/xmlParserAPIs-2.0.2.jar
7f139d60d000-7f139d615000 r--s 00028000 09:01 396807                     /dados/dspace/lib/xml-apis-1.3.02.jar
7f139d615000-7f139d62c000 r--s 00112000 09:01 396806                     /dados/dspace/lib/xercesImpl-2.8.1.jar
7f139d62c000-7f139d64a000 r--s 0027d000 09:01 396805                     /dados/dspace/lib/xalan-2.7.0.jar
7f139d64a000-7f139d651000 r--s 00079000 09:01 396804                     /dados/dspace/lib/wstx-asl-3.2.7.jar
7f139d651000-7f139d658000 r--s 0007a000 09:01 396803                     /dados/dspace/lib/utils-1.07.00.jar
7f139d658000-7f139d65b000 r--s 00036000 09:01 396802                     /dados/dspace/lib/tm-extractors-0.4.jar
7f139d65b000-7f139d65e000 r--s 00019000 09:01 396801                     /dados/dspace/lib/stax-utils-20040917.jar
7f139d65e000-7f139d660000 r--s 00005000 09:01 396800                     /dados/dspace/lib/stax-api-1.0.1.jar
7f139d660000-7f139d670000 r-xp 00000000 09:01 1312403                    /usr/lib/java_sdk/jre/lib/amd64/libnio.so
7f139d670000-7f139d870000 ---p 00010000 09:01 1312403                    /usr/lib/java_sdk/jre/lib/amd64/libnio.so
7f139d870000-7f139d871000 rw-p 00010000 09:01 1312403                    /usr/lib/java_sdk/jre/lib/amd64/libnio.so
7f139d871000-7f139d886000 r-xp 00000000 09:01 1312388                    /usr/lib/java_sdk/jre/lib/amd64/libnet.so
7f139d886000-7f139da86000 ---p 00015000 09:01 1312388                    /usr/lib/java_sdk/jre/lib/amd64/libnet.so
7f139da86000-7f139da87000 rw-p 00015000 09:01 1312388                    /usr/lib/java_sdk/jre/lib/amd64/libnet.so
7f139da87000-7f139da8f000 r-xp 00000000 09:01 1312412                    /usr/lib/java_sdk/jre/lib/amd64/libmanagement.so
7f139da8f000-7f139dc8e000 ---p 00008000 09:01 1312412                    /usr/lib/java_sdk/jre/lib/amd64/libmanagement.so
7f139dc8e000-7f139dc8f000 rw-p 00007000 09:01 1312412                    /usr/lib/java_sdk/jre/lib/amd64/libmanagement.so
7f139dc8f000-7f139dc91000 r-xp 00000000 09:01 917545                     /usr/lib/gconv/ISO8859-1.so
7f139dc91000-7f139de90000 ---p 00002000 09:01 917545                     /usr/lib/gconv/ISO8859-1.so
7f139de90000-7f139de91000 r--p 00001000 09:01 917545                     /usr/lib/gconv/ISO8859-1.so
7f139de91000-7f139de92000 rw-p 00002000 09:01 917545                     /usr/lib/gconv/ISO8859-1.so
7f139de92000-7f139de99000 r--s 00000000 09:01 918774                     /usr/lib/gconv/gconv-modules.cache
7f139de99000-7f139deae000 r--p 00000000 09:01 923885                     /usr/share/locale/pt_BR/LC_MESSAGES/libc.mo
7f139deae000-7f139deb0000 r--s 00001000 09:01 396790                     /dados/dspace/lib/slf4j-jdk14-1.5.6.jar
7f139deb0000-7f139deb2000 r--s 00004000 09:01 396789                     /dados/dspace/lib/slf4j-api-1.5.6.jar
7f139deb2000-7f139deb5000 r--s 00011000 09:01 396788                     /dados/dspace/lib/servlet-api-2.3.jar
7f139deb5000-7f139deb9000 r--s 00032000 09:01 396787                     /dados/dspace/lib/rome-1.0.jar
7f139deb9000-7f139dec1000 r--s 0005e000 09:01 396786                     /dados/dspace/lib/reflectutils-0.9.10.jar
7f139dec1000-7f139dec6000 r--s 0005e000 09:01 396785                     /dados/dspace/lib/postgresql-8.1-408.jdbc3.jar
7f139dec6000-7f139ded2000 r--s 000b8000 09:01 396784                     /dados/dspace/lib/poi-2.5.1-final-20040804.jar
7f139ded2000-7f139dee0000 r--s 0031d000 09:01 396783                     /dados/dspace/lib/pdfbox-0.7.3.jar
7f139dee0000-7f139dee2000 r--s 0000e000 09:01 396782                     /dados/dspace/lib/oro-2.0.8.jar
7f139dee2000-7f139dee3000 r--s 00003000 09:01 396781                     /dados/dspace/lib/oclc-harvester2-0.1.12.jar
7f139dee3000-7f139deea000 r--s 00037000 09:01 396780                     /dados/dspace/lib/modules-0.3.2.jar
7f139deea000-7f139deec000 r--s 0001d000 09:01 396779                     /dados/dspace/lib/mets-1.5.2.jar
7f139deec000-7f139def2000 r--s 00059000 09:01 396778                     /dados/dspace/lib/mail-1.4.jar
7f139def2000-7f139def3000 r--s 00004000 09:01 396777                     /dados/dspace/lib/lucene-spellchecker-2.9.1.jar
7f139def3000-7f139def5000 r--s 0001b000 09:01 396776                     /dados/dspace/lib/lucene-snowball-2.9.1.jar
7f139def5000-7f139def6000 r--s 00008000 09:01 396775                     /dados/dspace/lib/lucene-queries-2.9.1.jar
7f139def6000-7f139def8000 r--s 0000d000 09:01 396774                     /dados/dspace/lib/lucene-misc-2.9.1.jar
7f139def8000-7f139defa000 r--s 0000c000 09:01 396773                     /dados/dspace/lib/lucene-memory-2.9.1.jar
7f139defa000-7f139defc000 r--s 0000a000 09:01 396772                     /dados/dspace/lib/lucene-highlighter-2.9.1.jar
7f139defc000-7f139df08000 r--s 00097000 09:01 396771                     /dados/dspace/lib/lucene-core-2.3.0.jar
7f139df08000-7f139df0a000 r--s 00012000 09:01 396770                     /dados/dspace/lib/lucene-analyzers-2.3.0.jar
7f139df0a000-7f139df11000 r--s 00053000 09:01 396769                     /dados/dspace/lib/log4j-1.2.14.jar
7f139df11000-7f139df13000 r--s 00001000 09:01 396768                     /dados/dspace/lib/jsr107cache-1.0.jar
7f139df13000-7f139df15000 r--s 00009000 09:01 396767                     /dados/dspace/lib/jempbox-0.2.0.jar
7f139df15000-7f139df18000 r--s 00023000 09:01 396766                     /dados/dspace/lib/jdom-1.0.jar
7f139df18000-7f139df1e000 r--s 00032000 09:01 396765                     /dados/dspace/lib/jaxen-1.1.jar
7f139df1e000-7f139df21000 r--s 0004d000 09:01 396764                     /dados/dspace/lib/jargon-1.4.25.jar
7f139df21000-7f139df3a000 r--s 002fd000 09:01 396763                     /dados/dspace/lib/icu4j-3.4.4.jar
7f139df3a000-7f139df44000 r--s 000cf000 09:01 396762                     /dados/dspace/lib/handle-6.2.jar
7f139df44000-7f139df46000 r--s 00006000 09:01 396761                     /dados/dspace/lib/geronimo-stax-api_1.0_spec-1.0.1.jar
7f139df46000-7f139df48000 r--s 0000e000 09:01 396760                     /dados/dspace/lib/fontbox-0.1.0.jar
7f139df48000-7f139df4d000 r--s 0003c000 09:01 396759                     /dados/dspace/lib/ehcache-1.5.0.jar
7f139df4d000-7f139df4f000 r--s 00013000 09:01 396758                     /dados/dspace/lib/dspace-stats-1.6.2.jar
7f139df4f000-7f139df53000 r--s 0001d000 09:01 396757                     /dados/dspace/lib/dspace-solr-solrj-1.4.0.1-20100225.132255-3.jar
7f139df53000-7f139df56000 r--s 00017000 09:01 396756                     /dados/dspace/lib/dspace-solr-common-1.4.0.1-20100225.132255-4.jar
7f139df56000-7f139df57000 r--s 00003000 09:01 396755                     /dados/dspace/lib/dspace-services-utils-2.0.1.jar
7f139df57000-7f139df59000 r--s 00016000 09:01 396754                     /dados/dspace/lib/dspace-services-impl-2.0.1.jar
7f139df59000-7f139df5c000 r--s 00009000 09:01 396753                     /dados/dspace/lib/dspace-services-api-2.0.1.jar
7f139df5c000-7f139df5e000 r--s 00022000 09:01 396752                     /dados/dspace/lib/dspace-geoip-1.2.3.jar
7f139df5e000-7f139df60000 r--s 0009c000 09:01 396751                     /dados/dspace/lib/dspace-api-lang-1.6.2.0.jar
7f139df60000-7f139df6a000 r--s 000e0000 09:01 396750                     /dados/dspace/lib/dspace-api-1.6.2.jar
7f139df6a000-7f139df6f000 r--s 00048000 09:01 396749                     /dados/dspace/lib/dom4j-1.6.1.jar
7f139df6f000-7f139df73000 r--s 0003e000 09:01 396748                     /dados/dspace/lib/dnsjava-2.0.6.jar
7f139df73000-7f139df75000 r--s 00005000 09:01 396747                     /dados/dspace/lib/discovery-solr-provider-0.9.2-SNAPSHOT.jar
7f139df75000-7f139df78000 r--s 00013000 09:01 396746                     /dados/dspace/lib/commons-pool-1.4.jar
7f139df78000-7f139df79000 r--s 00005000 09:01 396745                     /dados/dspace/lib/commons-logging-1.0.jar
7f139df79000-7f139df7d000 r--s 00038000 09:01 396744                     /dados/dspace/lib/commons-lang-2.2.jar
7f139df7d000-7f139df80000 r--s 00018000 09:01 396743                     /dados/dspace/lib/commons-io-1.4.jar
7f139df80000-7f139df83000 r--s 00013000 09:01 396742                     /dados/dspace/lib/commons-io-1.3.2.jar
7f139df83000-7f139df89000 r--s 00045000 09:01 396741                     /dados/dspace/lib/commons-httpclient-3.1.jar
7f139df89000-7f139df8c000 r--s 0000c000 09:01 396740                     /dados/dspace/lib/commons-fileupload-1.2.1.jar
7f139df8c000-7f139df8e000 r--s 0001c000 09:01 396739                     /dados/dspace/lib/commons-dbcp-1.2.2.jar
7f139df8e000-7f139df9b000 r--s 0007f000 09:01 396738                     /dados/dspace/lib/commons-collections-3.2.jar
7f139df9b000-7f139df9d000 r--s 0000a000 09:01 396737                     /dados/dspace/lib/commons-codec-1.3.jar
7f139df9d000-7f139df9f000 r--s 00006000 09:01 396736                     /dados/dspace/lib/commons-cli-1.0.jar
7f139df9f000-7f139dfbe000 r--s 00138000 09:01 396735                     /dados/dspace/lib/bcprov-jdk14-136.jar
7f139dfbe000-7f139dfc3000 r--s 0002a000 09:01 396734                     /dados/dspace/lib/bcmail-jdk14-136.jar
7f139dfc3000-7f139dfcb000 r--s 00049000 09:01 396733                     /dados/dspace/lib/backport-util-concurrent-3.1.jar
7f139dfcb000-7f139dfcd000 r--s 00000000 09:01 396732                     /dados/dspace/lib/aopalliance-1.0.jar
7f139dfcd000-7f139dfce000 r--s 00002000 09:01 396731                     /dados/dspace/lib/ant-launcher-1.7.1.jar
7f139dfce000-7f139dfe2000 r--s 0012f000 09:01 396730                     /dados/dspace/lib/ant-1.7.1.jar
7f139dfe2000-7f139dfe4000 r--s 0000e000 09:01 396729                     /dados/dspace/lib/activation-1.1.jar
7f139dfe4000-7f139dfe5000 ---p 00000000 00:00 0 
7f139dfe5000-7f139e0e5000 rw-p 00000000 00:00 0 
7f139e0e5000-7f139e0e8000 ---p 00000000 00:00 0 
7f139e0e8000-7f139e1e6000 rw-p 00000000 00:00 0 
7f139e1e6000-7f139e1e9000 ---p 00000000 00:00 0 
7f139e1e9000-7f139e2e7000 rw-p 00000000 00:00 0 
7f139e2e7000-7f139e2ea000 ---p 00000000 00:00 0 
7f139e2ea000-7f139e3e8000 rw-p 00000000 00:00 0 
7f139e3e8000-7f139e3eb000 ---p 00000000 00:00 0 
7f139e3eb000-7f139e4e9000 rw-p 00000000 00:00 0 
7f139e4e9000-7f139e65e000 r--p 00000000 09:01 1050053                    /usr/lib/locale/locale-archive
7f139e65e000-7f139e661000 ---p 00000000 00:00 0 
7f139e661000-7f139e75f000 rw-p 00000000 00:00 0 
7f139e75f000-7f139e762000 ---p 00000000 00:00 0 
7f139e762000-7f139e860000 rw-p 00000000 00:00 0 
7f139e860000-7f139e861000 ---p 00000000 00:00 0 
7f139e861000-7f139eed6000 rw-p 00000000 00:00 0 
7f139eed6000-7f139f095000 r--s 039fa000 09:01 1312380                    /usr/lib/java_sdk/jre/lib/rt.jar
7f139f095000-7f139f0bd000 rw-p 00000000 00:00 0 
7f139f0bd000-7f139f0be000 ---p 00000000 00:00 0 
7f139f0be000-7f139f1be000 rw-p 00000000 00:00 0 
7f139f1be000-7f139f1bf000 ---p 00000000 00:00 0 
7f139f1bf000-7f139f2bf000 rw-p 00000000 00:00 0 
7f139f2bf000-7f139f2c0000 ---p 00000000 00:00 0 
7f139f2c0000-7f139f3c0000 rw-p 00000000 00:00 0 
7f139f3c0000-7f139f3c1000 ---p 00000000 00:00 0 
7f139f3c1000-7f139f4cc000 rw-p 00000000 00:00 0 
7f139f4cc000-7f139f4ea000 rw-p 00000000 00:00 0 
7f139f4ea000-7f139f513000 rw-p 00000000 00:00 0 
7f139f513000-7f139f540000 rw-p 00000000 00:00 0 
7f139f540000-7f139f54b000 rw-p 00000000 00:00 0 
7f139f54b000-7f139f569000 rw-p 00000000 00:00 0 
7f139f569000-7f139f592000 rw-p 00000000 00:00 0 
7f139f592000-7f139f5be000 rw-p 00000000 00:00 0 
7f139f5be000-7f139f5d3000 rw-p 00000000 00:00 0 
7f139f5d3000-7f139f5e2000 ---p 00000000 00:00 0 
7f139f5e2000-7f139f5e9000 rw-p 00000000 00:00 0 
7f139f5e9000-7f139f5ea000 rw-p 00000000 00:00 0 
7f139f5ea000-7f139f85a000 rwxp 00000000 00:00 0 
7f139f85a000-7f13a25ea000 rw-p 00000000 00:00 0 
7f13a25ea000-7f13a2604000 r-xp 00000000 09:01 1312401                    /usr/lib/java_sdk/jre/lib/amd64/libzip.so
7f13a2604000-7f13a2804000 ---p 0001a000 09:01 1312401                    /usr/lib/java_sdk/jre/lib/amd64/libzip.so
7f13a2804000-7f13a2805000 rw-p 0001a000 09:01 1312401                    /usr/lib/java_sdk/jre/lib/amd64/libzip.so
7f13a2805000-7f13a2810000 r-xp 00000000 09:01 5111816                    /lib/libnss_files-2.11.2.so
7f13a2810000-7f13a2a0f000 ---p 0000b000 09:01 5111816                    /lib/libnss_files-2.11.2.so
7f13a2a0f000-7f13a2a10000 r--p 0000a000 09:01 5111816                    /lib/libnss_files-2.11.2.so
7f13a2a10000-7f13a2a11000 rw-p 0000b000 09:01 5111816                    /lib/libnss_files-2.11.2.so
7f13a2a11000-7f13a2a1b000 r-xp 00000000 09:01 5111813                    /lib/libnss_nis-2.11.2.so
7f13a2a1b000-7f13a2c1a000 ---p 0000a000 09:01 5111813                    /lib/libnss_nis-2.11.2.so
7f13a2c1a000-7f13a2c1b000 r--p 00009000 09:01 5111813                    /lib/libnss_nis-2.11.2.so
7f13a2c1b000-7f13a2c1c000 rw-p 0000a000 09:01 5111813                    /lib/libnss_nis-2.11.2.so
7f13a2c1c000-7f13a2c31000 r-xp 00000000 09:01 5111829                    /lib/libnsl-2.11.2.so
7f13a2c31000-7f13a2e30000 ---p 00015000 09:01 5111829                    /lib/libnsl-2.11.2.so
7f13a2e30000-7f13a2e31000 r--p 00014000 09:01 5111829                    /lib/libnsl-2.11.2.so
7f13a2e31000-7f13a2e32000 rw-p 00015000 09:01 5111829                    /lib/libnsl-2.11.2.so
7f13a2e32000-7f13a2e34000 rw-p 00000000 00:00 0 
7f13a2e34000-7f13a2e3b000 r-xp 00000000 09:01 5111826                    /lib/libnss_compat-2.11.2.so
7f13a2e3b000-7f13a303a000 ---p 00007000 09:01 5111826                    /lib/libnss_compat-2.11.2.so
7f13a303a000-7f13a303b000 r--p 00006000 09:01 5111826                    /lib/libnss_compat-2.11.2.so
7f13a303b000-7f13a303c000 rw-p 00007000 09:01 5111826                    /lib/libnss_compat-2.11.2.so
7f13a303c000-7f13a3065000 r-xp 00000000 09:01 1312422                    /usr/lib/java_sdk/jre/lib/amd64/libjava.so
7f13a3065000-7f13a3265000 ---p 00029000 09:01 1312422                    /usr/lib/java_sdk/jre/lib/amd64/libjava.so
7f13a3265000-7f13a3267000 rw-p 00029000 09:01 1312422                    /usr/lib/java_sdk/jre/lib/amd64/libjava.so
7f13a3267000-7f13a3276000 r-xp 00000000 09:01 1312389                    /usr/lib/java_sdk/jre/lib/amd64/libverify.so
7f13a3276000-7f13a3475000 ---p 0000f000 09:01 1312389                    /usr/lib/java_sdk/jre/lib/amd64/libverify.so
7f13a3475000-7f13a3477000 rw-p 0000e000 09:01 1312389                    /usr/lib/java_sdk/jre/lib/amd64/libverify.so
7f13a3477000-7f13a347e000 r-xp 00000000 09:01 5111821                    /lib/librt-2.11.2.so
7f13a347e000-7f13a367d000 ---p 00007000 09:01 5111821                    /lib/librt-2.11.2.so
7f13a367d000-7f13a367e000 r--p 00006000 09:01 5111821                    /lib/librt-2.11.2.so
7f13a367e000-7f13a367f000 rw-p 00007000 09:01 5111821                    /lib/librt-2.11.2.so
7f13a367f000-7f13a36ff000 r-xp 00000000 09:01 5111828                    /lib/libm-2.11.2.so
7f13a36ff000-7f13a38ff000 ---p 00080000 09:01 5111828                    /lib/libm-2.11.2.so
7f13a38ff000-7f13a3900000 r--p 00080000 09:01 5111828                    /lib/libm-2.11.2.so
7f13a3900000-7f13a3901000 rw-p 00081000 09:01 5111828                    /lib/libm-2.11.2.so
7f13a3901000-7f13a42d1000 r-xp 00000000 09:01 1312425                    /usr/lib/java_sdk/jre/lib/amd64/server/libjvm.so
7f13a42d1000-7f13a44d1000 ---p 009d0000 09:01 1312425                    /usr/lib/java_sdk/jre/lib/amd64/server/libjvm.so
7f13a44d1000-7f13a456c000 rw-p 009d0000 09:01 1312425                    /usr/lib/java_sdk/jre/lib/amd64/server/libjvm.so
7f13a456c000-7f13a45a5000 rw-p 00000000 00:00 0 
7f13a45a5000-7f13a46fd000 r-xp 00000000 09:01 5111819                    /lib/libc-2.11.2.so
7f13a46fd000-7f13a48fc000 ---p 00158000 09:01 5111819                    /lib/libc-2.11.2.so
7f13a48fc000-7f13a4900000 r--p 00157000 09:01 5111819                    /lib/libc-2.11.2.so
7f13a4900000-7f13a4901000 rw-p 0015b000 09:01 5111819                    /lib/libc-2.11.2.so
7f13a4901000-7f13a4906000 rw-p 00000000 00:00 0 
7f13a4906000-7f13a4908000 r-xp 00000000 09:01 5111818                    /lib/libdl-2.11.2.so
7f13a4908000-7f13a4b08000 ---p 00002000 09:01 5111818                    /lib/libdl-2.11.2.so
7f13a4b08000-7f13a4b09000 r--p 00002000 09:01 5111818                    /lib/libdl-2.11.2.so
7f13a4b09000-7f13a4b0a000 rw-p 00003000 09:01 5111818                    /lib/libdl-2.11.2.so
7f13a4b0a000-7f13a4b20000 r-xp 00000000 09:01 1312414                    /usr/lib/java_sdk/jre/lib/amd64/jli/libjli.so
7f13a4b20000-7f13a4d1f000 ---p 00016000 09:01 1312414                    /usr/lib/java_sdk/jre/lib/amd64/jli/libjli.so
7f13a4d1f000-7f13a4d20000 rw-p 00015000 09:01 1312414                    /usr/lib/java_sdk/jre/lib/amd64/jli/libjli.so
7f13a4d20000-7f13a4d37000 r-xp 00000000 09:01 5111820                    /lib/libpthread-2.11.2.so
7f13a4d37000-7f13a4f36000 ---p 00017000 09:01 5111820                    /lib/libpthread-2.11.2.so
7f13a4f36000-7f13a4f37000 r--p 00016000 09:01 5111820                    /lib/libpthread-2.11.2.so
7f13a4f37000-7f13a4f38000 rw-p 00017000 09:01 5111820                    /lib/libpthread-2.11.2.so
7f13a4f38000-7f13a4f3c000 rw-p 00000000 00:00 0 
7f13a4f3c000-7f13a4f5a000 r-xp 00000000 09:01 5111831                    /lib/ld-2.11.2.so
7f13a4f5a000-7f13a4f5d000 r--s 00029000 09:01 396799                     /dados/dspace/lib/stax-1.2.0.jar
7f13a4f5d000-7f13a4f63000 r--s 00040000 09:01 396798                     /dados/dspace/lib/spring-core-2.5.6.jar
7f13a4f63000-7f13a4f66000 r--s 00015000 09:01 396797                     /dados/dspace/lib/spring-context-support-2.5.6.jar
7f13a4f66000-7f13a4f72000 r--s 00069000 09:01 396796                     /dados/dspace/lib/spring-context-2.5.6.jar
7f13a4f72000-7f13a4f7c000 r--s 0006e000 09:01 396795                     /dados/dspace/lib/spring-beans-2.5.6.jar
7f13a4f7c000-7f13a4f7f000 r--s 00015000 09:01 396794                     /dados/dspace/lib/solr-solrj-1.3.0.jar
7f13a4f7f000-7f13a4f81000 r--s 00004000 09:01 396793                     /dados/dspace/lib/solr-commons-csv-1.4.0.jar
7f13a4f81000-7f13a4f8b000 rw-p 00000000 00:00 0 
7f13a4f8b000-7f13a5041000 rw-p 00000000 00:00 0 
7f13a5041000-7f13a5049000 rw-s 00000000 09:01 4849671                    /tmp/hsperfdata_root/3659
7f13a5049000-7f13a504c000 ---p 00000000 00:00 0 
7f13a504c000-7f13a514e000 rw-p 00000000 00:00 0 
7f13a514e000-7f13a5150000 r--s 00014000 09:01 396792                     /dados/dspace/lib/solr-common-1.3.0.jar
7f13a5150000-7f13a5151000 r--s 00002000 09:01 396791                     /dados/dspace/lib/slf4j-log4j12-1.5.6.jar
7f13a5151000-7f13a5155000 r--s 00088000 09:01 1312331                    /usr/lib/java_sdk/jre/lib/jsse.jar
7f13a5155000-7f13a5156000 rw-p 00000000 00:00 0 
7f13a5156000-7f13a5157000 r--p 00000000 00:00 0 
7f13a5157000-7f13a5159000 rw-p 00000000 00:00 0 
7f13a5159000-7f13a515a000 r--p 0001d000 09:01 5111831                    /lib/ld-2.11.2.so
7f13a515a000-7f13a515b000 rw-p 0001e000 09:01 5111831                    /lib/ld-2.11.2.so
7f13a515b000-7f13a515c000 rw-p 00000000 00:00 0 
7fff08246000-7fff0825c000 rw-p 00000000 00:00 0                          [stack]
7fff082c7000-7fff082c8000 r-xp 00000000 00:00 0                          [vdso]
ffffffffff600000-ffffffffff601000 r-xp 00000000 00:00 0                  [vsyscall]

VM Arguments:
jvm_args: -Xmx256m -Djava.util.logging.config.file=$DSPACEDIR/config/logging.properties 
java_command: org.dspace.app.launcher.ScriptLauncher index-update -f
Launcher Type: SUN_STANDARD

Environment Variables:
JAVA_HOME=/usr/lib/java_sdk
PATH=/etc/alternatives/apache-maven/bin:/usr/lib/java_sdk/bin:/etc/alternatives/apache-ant/bin:/usr/local/sbin:/usr/local/bin:/usr/sbin:/usr/bin:/sbin:/bin
USERNAME=root
SHELL=/bin/bash

Signal Handlers:
SIGSEGV: [libjvm.so+0x84be70], sa_mask[0]=0x7ffbfeff, sa_flags=0x10000004
SIGBUS: [libjvm.so+0x84be70], sa_mask[0]=0x7ffbfeff, sa_flags=0x10000004
SIGFPE: [libjvm.so+0x6f3820], sa_mask[0]=0x7ffbfeff, sa_flags=0x10000004
SIGPIPE: [libjvm.so+0x6f3820], sa_mask[0]=0x7ffbfeff, sa_flags=0x10000004
SIGXFSZ: [libjvm.so+0x6f3820], sa_mask[0]=0x7ffbfeff, sa_flags=0x10000004
SIGILL: [libjvm.so+0x6f3820], sa_mask[0]=0x7ffbfeff, sa_flags=0x10000004
SIGUSR1: SIG_DFL, sa_mask[0]=0x00000000, sa_flags=0x00000000
SIGUSR2: [libjvm.so+0x6f3190], sa_mask[0]=0x00000000, sa_flags=0x10000004
SIGHUP: [libjvm.so+0x6f5650], sa_mask[0]=0x7ffbfeff, sa_flags=0x10000004
SIGINT: [libjvm.so+0x6f5650], sa_mask[0]=0x7ffbfeff, sa_flags=0x10000004
SIGTERM: [libjvm.so+0x6f5650], sa_mask[0]=0x7ffbfeff, sa_flags=0x10000004
SIGQUIT: [libjvm.so+0x6f5650], sa_mask[0]=0x7ffbfeff, sa_flags=0x10000004


---------------  S Y S T E M  ---------------

OS:6.0.3

uname:Linux 2.6.32-5-amd64 #1 SMP Mon Oct 3 03:59:20 UTC 2011 x86_64
libc:glibc 2.11.2 NPTL 2.11.2 
rlimit: STACK 8192k, CORE 0k, NPROC infinity, NOFILE 1024, AS infinity
load average:0,21 0,15 0,10

/proc/meminfo:
MemTotal:        7903644 kB
MemFree:         6986688 kB
Buffers:           75960 kB
Cached:           281084 kB
SwapCached:            0 kB
Active:           583152 kB
Inactive:         240268 kB
Active(anon):     471376 kB
Inactive(anon):     4356 kB
Active(file):     111776 kB
Inactive(file):   235912 kB
Unevictable:           0 kB
Mlocked:               0 kB
SwapTotal:      15624052 kB
SwapFree:       15624052 kB
Dirty:               460 kB
Writeback:             0 kB
AnonPages:        466456 kB
Mapped:            33444 kB
Shmem:              9364 kB
Slab:              39544 kB
SReclaimable:      23160 kB
SUnreclaim:        16384 kB
KernelStack:        2056 kB
PageTables:         7144 kB
NFS_Unstable:          0 kB
Bounce:                0 kB
WritebackTmp:          0 kB
CommitLimit:    19575872 kB
Committed_AS:    1104700 kB
VmallocTotal:   34359738367 kB
VmallocUsed:      113860 kB
VmallocChunk:   34359621204 kB
HardwareCorrupted:     0 kB
HugePages_Total:       0
HugePages_Free:        0
HugePages_Rsvd:        0
HugePages_Surp:        0
Hugepagesize:       2048 kB
DirectMap4k:       10240 kB
DirectMap2M:     8361984 kB


CPU:total 4 (4 cores per cpu, 1 threads per core) family 6 model 42 stepping 7, cmov, cx8, fxsr, mmx, sse, sse2, sse3, ssse3, sse4.1, sse4.2, popcnt

/proc/cpuinfo:
processor	: 0
vendor_id	: GenuineIntel
cpu family	: 6
model		: 42
model name	: Intel(R) Xeon(R) CPU E31220 @ 3.10GHz
stepping	: 7
cpu MHz		: 3093.108
cache size	: 8192 KB
physical id	: 0
siblings	: 4
core id		: 0
cpu cores	: 4
apicid		: 0
initial apicid	: 0
fpu		: yes
fpu_exception	: yes
cpuid level	: 13
wp		: yes
flags		: fpu vme de pse tsc msr pae mce cx8 apic sep mtrr pge mca cmov pat pse36 clflush dts acpi mmx fxsr sse sse2 ss ht tm pbe syscall nx rdtscp lm constant_tsc arch_perfmon pebs bts rep_good xtopology nonstop_tsc aperfmperf pni pclmulqdq dtes64 monitor ds_cpl vmx smx est tm2 ssse3 cx16 xtpr pdcm sse4_1 sse4_2 x2apic popcnt aes xsave avx lahf_lm ida arat tpr_shadow vnmi flexpriority ept vpid
bogomips	: 6186.21
clflush size	: 64
cache_alignment	: 64
address sizes	: 36 bits physical, 48 bits virtual
power management:

processor	: 1
vendor_id	: GenuineIntel
cpu family	: 6
model		: 42
model name	: Intel(R) Xeon(R) CPU E31220 @ 3.10GHz
stepping	: 7
cpu MHz		: 3093.108
cache size	: 8192 KB
physical id	: 0
siblings	: 4
core id		: 1
cpu cores	: 4
apicid		: 2
initial apicid	: 2
fpu		: yes
fpu_exception	: yes
cpuid level	: 13
wp		: yes
flags		: fpu vme de pse tsc msr pae mce cx8 apic sep mtrr pge mca cmov pat pse36 clflush dts acpi mmx fxsr sse sse2 ss ht tm pbe syscall nx rdtscp lm constant_tsc arch_perfmon pebs bts rep_good xtopology nonstop_tsc aperfmperf pni pclmulqdq dtes64 monitor ds_cpl vmx smx est tm2 ssse3 cx16 xtpr pdcm sse4_1 sse4_2 x2apic popcnt aes xsave avx lahf_lm ida arat tpr_shadow vnmi flexpriority ept vpid
bogomips	: 6185.65
clflush size	: 64
cache_alignment	: 64
address sizes	: 36 bits physical, 48 bits virtual
power management:

processor	: 2
vendor_id	: GenuineIntel
cpu family	: 6
model		: 42
model name	: Intel(R) Xeon(R) CPU E31220 @ 3.10GHz
stepping	: 7
cpu MHz		: 3093.108
cache size	: 8192 KB
physical id	: 0
siblings	: 4
core id		: 2
cpu cores	: 4
apicid		: 4
initial apicid	: 4
fpu		: yes
fpu_exception	: yes
cpuid level	: 13
wp		: yes
flags		: fpu vme de pse tsc msr pae mce cx8 apic sep mtrr pge mca cmov pat pse36 clflush dts acpi mmx fxsr sse sse2 ss ht tm pbe syscall nx rdtscp lm constant_tsc arch_perfmon pebs bts rep_good xtopology nonstop_tsc aperfmperf pni pclmulqdq dtes64 monitor ds_cpl vmx smx est tm2 ssse3 cx16 xtpr pdcm sse4_1 sse4_2 x2apic popcnt aes xsave avx lahf_lm ida arat tpr_shadow vnmi flexpriority ept vpid
bogomips	: 6185.66
clflush size	: 64
cache_alignment	: 64
address sizes	: 36 bits physical, 48 bits virtual
power management:

processor	: 3
vendor_id	: GenuineIntel
cpu family	: 6
model		: 42
model name	: Intel(R) Xeon(R) CPU E31220 @ 3.10GHz
stepping	: 7
cpu MHz		: 3093.108
cache size	: 8192 KB
physical id	: 0
siblings	: 4
core id		: 3
cpu cores	: 4
apicid		: 6
initial apicid	: 6
fpu		: yes
fpu_exception	: yes
cpuid level	: 13
wp		: yes
flags		: fpu vme de pse tsc msr pae mce cx8 apic sep mtrr pge mca cmov pat pse36 clflush dts acpi mmx fxsr sse sse2 ss ht tm pbe syscall nx rdtscp lm constant_tsc arch_perfmon pebs bts rep_good xtopology nonstop_tsc aperfmperf pni pclmulqdq dtes64 monitor ds_cpl vmx smx est tm2 ssse3 cx16 xtpr pdcm sse4_1 sse4_2 x2apic popcnt aes xsave avx lahf_lm ida arat tpr_shadow vnmi flexpriority ept vpid
bogomips	: 6185.65
clflush size	: 64
cache_alignment	: 64
address sizes	: 36 bits physical, 48 bits virtual
power management:



Memory: 4k page, physical 7903644k(6986688k free), swap 15624052k(15624052k free)

vm_info: Java HotSpot(TM) 64-Bit Server VM (21.0-b17) for linux-amd64 JRE (1.7.0-b147), built on Jun 27 2011 01:30:59 by "java_re" with gcc 4.3.0 20080428 (Red Hat 4.3.0-8)

time: Mon Feb  6 11:56:16 2012
elapsed time: 2 seconds

